[2023-09-01T02:30:09.782+0900] {processor.py:157} INFO - Started process (PID=13593) to work on /opt/homebrew/Caskroom/miniforge/base/lib/python3.10/site-packages/airflow/example_dags/example_setup_teardown.py
[2023-09-01T02:30:09.783+0900] {processor.py:829} INFO - Processing file /opt/homebrew/Caskroom/miniforge/base/lib/python3.10/site-packages/airflow/example_dags/example_setup_teardown.py for tasks to queue
[2023-09-01T02:30:09.783+0900] {logging_mixin.py:151} INFO - [2023-09-01T02:30:09.783+0900] {dagbag.py:539} INFO - Filling up the DagBag from /opt/homebrew/Caskroom/miniforge/base/lib/python3.10/site-packages/airflow/example_dags/example_setup_teardown.py
[2023-09-01T02:30:09.790+0900] {processor.py:839} INFO - DAG(s) dict_keys(['example_setup_teardown']) retrieved from /opt/homebrew/Caskroom/miniforge/base/lib/python3.10/site-packages/airflow/example_dags/example_setup_teardown.py
[2023-09-01T02:30:10.150+0900] {logging_mixin.py:151} INFO - [2023-09-01T02:30:10.150+0900] {manager.py:501} INFO - Created Permission View: can read on DAG:example_setup_teardown
[2023-09-01T02:30:10.154+0900] {logging_mixin.py:151} INFO - [2023-09-01T02:30:10.153+0900] {manager.py:501} INFO - Created Permission View: can edit on DAG:example_setup_teardown
[2023-09-01T02:30:10.155+0900] {logging_mixin.py:151} INFO - [2023-09-01T02:30:10.155+0900] {manager.py:501} INFO - Created Permission View: can delete on DAG:example_setup_teardown
[2023-09-01T02:30:10.159+0900] {logging_mixin.py:151} INFO - [2023-09-01T02:30:10.159+0900] {dag.py:2907} INFO - Sync 1 DAGs
[2023-09-01T02:30:10.163+0900] {logging_mixin.py:151} INFO - [2023-09-01T02:30:10.163+0900] {dag.py:2929} INFO - Creating ORM DAG for example_setup_teardown
[2023-09-01T02:30:10.165+0900] {logging_mixin.py:151} INFO - [2023-09-01T02:30:10.165+0900] {dag.py:3677} INFO - Setting next_dagrun for example_setup_teardown to 2023-08-30T17:30:10.165766+00:00, run_after=2023-08-31T17:30:10.165766+00:00
[2023-09-01T02:30:10.171+0900] {processor.py:179} INFO - Processing /opt/homebrew/Caskroom/miniforge/base/lib/python3.10/site-packages/airflow/example_dags/example_setup_teardown.py took 0.389 seconds
[2023-09-01T02:31:26.042+0900] {processor.py:157} INFO - Started process (PID=13641) to work on /opt/homebrew/Caskroom/miniforge/base/lib/python3.10/site-packages/airflow/example_dags/example_setup_teardown.py
[2023-09-01T02:31:26.042+0900] {processor.py:829} INFO - Processing file /opt/homebrew/Caskroom/miniforge/base/lib/python3.10/site-packages/airflow/example_dags/example_setup_teardown.py for tasks to queue
[2023-09-01T02:31:26.042+0900] {logging_mixin.py:151} INFO - [2023-09-01T02:31:26.042+0900] {dagbag.py:539} INFO - Filling up the DagBag from /opt/homebrew/Caskroom/miniforge/base/lib/python3.10/site-packages/airflow/example_dags/example_setup_teardown.py
[2023-09-01T02:31:26.050+0900] {processor.py:839} INFO - DAG(s) dict_keys(['example_setup_teardown']) retrieved from /opt/homebrew/Caskroom/miniforge/base/lib/python3.10/site-packages/airflow/example_dags/example_setup_teardown.py
[2023-09-01T02:31:26.118+0900] {logging_mixin.py:151} INFO - [2023-09-01T02:31:26.118+0900] {dag.py:2907} INFO - Sync 1 DAGs
[2023-09-01T02:31:26.125+0900] {logging_mixin.py:151} INFO - [2023-09-01T02:31:26.125+0900] {dag.py:3677} INFO - Setting next_dagrun for example_setup_teardown to 2023-08-30T17:31:26.125159+00:00, run_after=2023-08-31T17:31:26.125159+00:00
[2023-09-01T02:31:26.131+0900] {processor.py:179} INFO - Processing /opt/homebrew/Caskroom/miniforge/base/lib/python3.10/site-packages/airflow/example_dags/example_setup_teardown.py took 0.090 seconds
[2023-09-01T02:32:37.684+0900] {processor.py:157} INFO - Started process (PID=13710) to work on /opt/homebrew/Caskroom/miniforge/base/lib/python3.10/site-packages/airflow/example_dags/example_setup_teardown.py
[2023-09-01T02:32:37.685+0900] {processor.py:829} INFO - Processing file /opt/homebrew/Caskroom/miniforge/base/lib/python3.10/site-packages/airflow/example_dags/example_setup_teardown.py for tasks to queue
[2023-09-01T02:32:37.686+0900] {logging_mixin.py:151} INFO - [2023-09-01T02:32:37.686+0900] {dagbag.py:539} INFO - Filling up the DagBag from /opt/homebrew/Caskroom/miniforge/base/lib/python3.10/site-packages/airflow/example_dags/example_setup_teardown.py
[2023-09-01T02:32:37.693+0900] {processor.py:839} INFO - DAG(s) dict_keys(['example_setup_teardown']) retrieved from /opt/homebrew/Caskroom/miniforge/base/lib/python3.10/site-packages/airflow/example_dags/example_setup_teardown.py
[2023-09-01T02:32:37.762+0900] {logging_mixin.py:151} INFO - [2023-09-01T02:32:37.762+0900] {dag.py:2907} INFO - Sync 1 DAGs
[2023-09-01T02:32:37.768+0900] {logging_mixin.py:151} INFO - [2023-09-01T02:32:37.768+0900] {dag.py:3677} INFO - Setting next_dagrun for example_setup_teardown to 2023-08-30T17:32:37.768599+00:00, run_after=2023-08-31T17:32:37.768599+00:00
[2023-09-01T02:32:37.775+0900] {processor.py:179} INFO - Processing /opt/homebrew/Caskroom/miniforge/base/lib/python3.10/site-packages/airflow/example_dags/example_setup_teardown.py took 0.091 seconds
[2023-09-01T02:33:48.818+0900] {processor.py:157} INFO - Started process (PID=13762) to work on /opt/homebrew/Caskroom/miniforge/base/lib/python3.10/site-packages/airflow/example_dags/example_setup_teardown.py
[2023-09-01T02:33:48.819+0900] {processor.py:829} INFO - Processing file /opt/homebrew/Caskroom/miniforge/base/lib/python3.10/site-packages/airflow/example_dags/example_setup_teardown.py for tasks to queue
[2023-09-01T02:33:48.819+0900] {logging_mixin.py:151} INFO - [2023-09-01T02:33:48.819+0900] {dagbag.py:539} INFO - Filling up the DagBag from /opt/homebrew/Caskroom/miniforge/base/lib/python3.10/site-packages/airflow/example_dags/example_setup_teardown.py
[2023-09-01T02:33:48.827+0900] {processor.py:839} INFO - DAG(s) dict_keys(['example_setup_teardown']) retrieved from /opt/homebrew/Caskroom/miniforge/base/lib/python3.10/site-packages/airflow/example_dags/example_setup_teardown.py
[2023-09-01T02:33:48.895+0900] {logging_mixin.py:151} INFO - [2023-09-01T02:33:48.895+0900] {dag.py:2907} INFO - Sync 1 DAGs
[2023-09-01T02:33:48.901+0900] {logging_mixin.py:151} INFO - [2023-09-01T02:33:48.901+0900] {dag.py:3677} INFO - Setting next_dagrun for example_setup_teardown to 2023-08-30T17:33:48.901868+00:00, run_after=2023-08-31T17:33:48.901868+00:00
[2023-09-01T02:33:48.908+0900] {processor.py:179} INFO - Processing /opt/homebrew/Caskroom/miniforge/base/lib/python3.10/site-packages/airflow/example_dags/example_setup_teardown.py took 0.090 seconds
