[2023-09-01T02:29:57.856+0900] {processor.py:157} INFO - Started process (PID=13585) to work on /opt/homebrew/Caskroom/miniforge/base/lib/python3.10/site-packages/airflow/example_dags/example_task_group.py
[2023-09-01T02:29:57.856+0900] {processor.py:829} INFO - Processing file /opt/homebrew/Caskroom/miniforge/base/lib/python3.10/site-packages/airflow/example_dags/example_task_group.py for tasks to queue
[2023-09-01T02:29:57.857+0900] {logging_mixin.py:151} INFO - [2023-09-01T02:29:57.856+0900] {dagbag.py:539} INFO - Filling up the DagBag from /opt/homebrew/Caskroom/miniforge/base/lib/python3.10/site-packages/airflow/example_dags/example_task_group.py
[2023-09-01T02:29:57.865+0900] {processor.py:839} INFO - DAG(s) dict_keys(['example_task_group']) retrieved from /opt/homebrew/Caskroom/miniforge/base/lib/python3.10/site-packages/airflow/example_dags/example_task_group.py
[2023-09-01T02:29:58.227+0900] {logging_mixin.py:151} INFO - [2023-09-01T02:29:58.227+0900] {manager.py:501} INFO - Created Permission View: can edit on DAG:example_task_group
[2023-09-01T02:29:58.230+0900] {logging_mixin.py:151} INFO - [2023-09-01T02:29:58.230+0900] {manager.py:501} INFO - Created Permission View: can read on DAG:example_task_group
[2023-09-01T02:29:58.232+0900] {logging_mixin.py:151} INFO - [2023-09-01T02:29:58.232+0900] {manager.py:501} INFO - Created Permission View: can delete on DAG:example_task_group
[2023-09-01T02:29:58.236+0900] {logging_mixin.py:151} INFO - [2023-09-01T02:29:58.236+0900] {dag.py:2907} INFO - Sync 1 DAGs
[2023-09-01T02:29:58.239+0900] {logging_mixin.py:151} INFO - [2023-09-01T02:29:58.239+0900] {dag.py:2929} INFO - Creating ORM DAG for example_task_group
[2023-09-01T02:29:58.242+0900] {logging_mixin.py:151} INFO - [2023-09-01T02:29:58.242+0900] {dag.py:3677} INFO - Setting next_dagrun for example_task_group to 2023-08-30T17:29:58.242400+00:00, run_after=2023-08-31T17:29:58.242400+00:00
[2023-09-01T02:29:58.248+0900] {processor.py:179} INFO - Processing /opt/homebrew/Caskroom/miniforge/base/lib/python3.10/site-packages/airflow/example_dags/example_task_group.py took 0.392 seconds
[2023-09-01T02:31:16.479+0900] {processor.py:157} INFO - Started process (PID=13634) to work on /opt/homebrew/Caskroom/miniforge/base/lib/python3.10/site-packages/airflow/example_dags/example_task_group.py
[2023-09-01T02:31:16.480+0900] {processor.py:829} INFO - Processing file /opt/homebrew/Caskroom/miniforge/base/lib/python3.10/site-packages/airflow/example_dags/example_task_group.py for tasks to queue
[2023-09-01T02:31:16.480+0900] {logging_mixin.py:151} INFO - [2023-09-01T02:31:16.480+0900] {dagbag.py:539} INFO - Filling up the DagBag from /opt/homebrew/Caskroom/miniforge/base/lib/python3.10/site-packages/airflow/example_dags/example_task_group.py
[2023-09-01T02:31:16.490+0900] {processor.py:839} INFO - DAG(s) dict_keys(['example_task_group']) retrieved from /opt/homebrew/Caskroom/miniforge/base/lib/python3.10/site-packages/airflow/example_dags/example_task_group.py
[2023-09-01T02:31:16.570+0900] {logging_mixin.py:151} INFO - [2023-09-01T02:31:16.570+0900] {dag.py:2907} INFO - Sync 1 DAGs
[2023-09-01T02:31:16.577+0900] {logging_mixin.py:151} INFO - [2023-09-01T02:31:16.577+0900] {dag.py:3677} INFO - Setting next_dagrun for example_task_group to 2023-08-30T17:31:16.577193+00:00, run_after=2023-08-31T17:31:16.577193+00:00
[2023-09-01T02:31:16.585+0900] {processor.py:179} INFO - Processing /opt/homebrew/Caskroom/miniforge/base/lib/python3.10/site-packages/airflow/example_dags/example_task_group.py took 0.107 seconds
[2023-09-01T02:32:27.228+0900] {processor.py:157} INFO - Started process (PID=13703) to work on /opt/homebrew/Caskroom/miniforge/base/lib/python3.10/site-packages/airflow/example_dags/example_task_group.py
[2023-09-01T02:32:27.229+0900] {processor.py:829} INFO - Processing file /opt/homebrew/Caskroom/miniforge/base/lib/python3.10/site-packages/airflow/example_dags/example_task_group.py for tasks to queue
[2023-09-01T02:32:27.229+0900] {logging_mixin.py:151} INFO - [2023-09-01T02:32:27.229+0900] {dagbag.py:539} INFO - Filling up the DagBag from /opt/homebrew/Caskroom/miniforge/base/lib/python3.10/site-packages/airflow/example_dags/example_task_group.py
[2023-09-01T02:32:27.238+0900] {processor.py:839} INFO - DAG(s) dict_keys(['example_task_group']) retrieved from /opt/homebrew/Caskroom/miniforge/base/lib/python3.10/site-packages/airflow/example_dags/example_task_group.py
[2023-09-01T02:32:27.307+0900] {logging_mixin.py:151} INFO - [2023-09-01T02:32:27.307+0900] {dag.py:2907} INFO - Sync 1 DAGs
[2023-09-01T02:32:27.313+0900] {logging_mixin.py:151} INFO - [2023-09-01T02:32:27.313+0900] {dag.py:3677} INFO - Setting next_dagrun for example_task_group to 2023-08-30T17:32:27.313497+00:00, run_after=2023-08-31T17:32:27.313497+00:00
[2023-09-01T02:32:27.320+0900] {processor.py:179} INFO - Processing /opt/homebrew/Caskroom/miniforge/base/lib/python3.10/site-packages/airflow/example_dags/example_task_group.py took 0.092 seconds
[2023-09-01T02:33:39.260+0900] {processor.py:157} INFO - Started process (PID=13754) to work on /opt/homebrew/Caskroom/miniforge/base/lib/python3.10/site-packages/airflow/example_dags/example_task_group.py
[2023-09-01T02:33:39.260+0900] {processor.py:829} INFO - Processing file /opt/homebrew/Caskroom/miniforge/base/lib/python3.10/site-packages/airflow/example_dags/example_task_group.py for tasks to queue
[2023-09-01T02:33:39.261+0900] {logging_mixin.py:151} INFO - [2023-09-01T02:33:39.261+0900] {dagbag.py:539} INFO - Filling up the DagBag from /opt/homebrew/Caskroom/miniforge/base/lib/python3.10/site-packages/airflow/example_dags/example_task_group.py
[2023-09-01T02:33:39.269+0900] {processor.py:839} INFO - DAG(s) dict_keys(['example_task_group']) retrieved from /opt/homebrew/Caskroom/miniforge/base/lib/python3.10/site-packages/airflow/example_dags/example_task_group.py
[2023-09-01T02:33:39.338+0900] {logging_mixin.py:151} INFO - [2023-09-01T02:33:39.338+0900] {dag.py:2907} INFO - Sync 1 DAGs
[2023-09-01T02:33:39.344+0900] {logging_mixin.py:151} INFO - [2023-09-01T02:33:39.344+0900] {dag.py:3677} INFO - Setting next_dagrun for example_task_group to 2023-08-30T17:33:39.344562+00:00, run_after=2023-08-31T17:33:39.344562+00:00
[2023-09-01T02:33:39.351+0900] {processor.py:179} INFO - Processing /opt/homebrew/Caskroom/miniforge/base/lib/python3.10/site-packages/airflow/example_dags/example_task_group.py took 0.091 seconds
