[2023-09-01T02:30:15.759+0900] {processor.py:157} INFO - Started process (PID=13596) to work on /opt/homebrew/Caskroom/miniforge/base/lib/python3.10/site-packages/airflow/example_dags/example_python_operator.py
[2023-09-01T02:30:15.760+0900] {processor.py:829} INFO - Processing file /opt/homebrew/Caskroom/miniforge/base/lib/python3.10/site-packages/airflow/example_dags/example_python_operator.py for tasks to queue
[2023-09-01T02:30:15.760+0900] {logging_mixin.py:151} INFO - [2023-09-01T02:30:15.760+0900] {dagbag.py:539} INFO - Filling up the DagBag from /opt/homebrew/Caskroom/miniforge/base/lib/python3.10/site-packages/airflow/example_dags/example_python_operator.py
[2023-09-01T02:30:15.776+0900] {logging_mixin.py:151} INFO - [2023-09-01T02:30:15.776+0900] {example_python_operator.py:89} WARNING - The virtalenv_python example task requires virtualenv, please install it.
[2023-09-01T02:30:15.779+0900] {processor.py:839} INFO - DAG(s) dict_keys(['example_python_operator']) retrieved from /opt/homebrew/Caskroom/miniforge/base/lib/python3.10/site-packages/airflow/example_dags/example_python_operator.py
[2023-09-01T02:30:16.146+0900] {logging_mixin.py:151} INFO - [2023-09-01T02:30:16.145+0900] {manager.py:501} INFO - Created Permission View: can delete on DAG:example_python_operator
[2023-09-01T02:30:16.149+0900] {logging_mixin.py:151} INFO - [2023-09-01T02:30:16.149+0900] {manager.py:501} INFO - Created Permission View: can read on DAG:example_python_operator
[2023-09-01T02:30:16.151+0900] {logging_mixin.py:151} INFO - [2023-09-01T02:30:16.150+0900] {manager.py:501} INFO - Created Permission View: can edit on DAG:example_python_operator
[2023-09-01T02:30:16.154+0900] {logging_mixin.py:151} INFO - [2023-09-01T02:30:16.154+0900] {dag.py:2907} INFO - Sync 1 DAGs
[2023-09-01T02:30:16.157+0900] {logging_mixin.py:151} INFO - [2023-09-01T02:30:16.157+0900] {dag.py:2929} INFO - Creating ORM DAG for example_python_operator
[2023-09-01T02:30:16.157+0900] {logging_mixin.py:151} INFO - [2023-09-01T02:30:16.157+0900] {dag.py:3677} INFO - Setting next_dagrun for example_python_operator to None, run_after=None
[2023-09-01T02:30:16.163+0900] {processor.py:179} INFO - Processing /opt/homebrew/Caskroom/miniforge/base/lib/python3.10/site-packages/airflow/example_dags/example_python_operator.py took 0.404 seconds
[2023-09-01T02:31:30.045+0900] {processor.py:157} INFO - Started process (PID=13644) to work on /opt/homebrew/Caskroom/miniforge/base/lib/python3.10/site-packages/airflow/example_dags/example_python_operator.py
[2023-09-01T02:31:30.045+0900] {processor.py:829} INFO - Processing file /opt/homebrew/Caskroom/miniforge/base/lib/python3.10/site-packages/airflow/example_dags/example_python_operator.py for tasks to queue
[2023-09-01T02:31:30.045+0900] {logging_mixin.py:151} INFO - [2023-09-01T02:31:30.045+0900] {dagbag.py:539} INFO - Filling up the DagBag from /opt/homebrew/Caskroom/miniforge/base/lib/python3.10/site-packages/airflow/example_dags/example_python_operator.py
[2023-09-01T02:31:30.062+0900] {logging_mixin.py:151} INFO - [2023-09-01T02:31:30.062+0900] {example_python_operator.py:89} WARNING - The virtalenv_python example task requires virtualenv, please install it.
[2023-09-01T02:31:30.065+0900] {processor.py:839} INFO - DAG(s) dict_keys(['example_python_operator']) retrieved from /opt/homebrew/Caskroom/miniforge/base/lib/python3.10/site-packages/airflow/example_dags/example_python_operator.py
[2023-09-01T02:31:30.132+0900] {logging_mixin.py:151} INFO - [2023-09-01T02:31:30.132+0900] {dag.py:2907} INFO - Sync 1 DAGs
[2023-09-01T02:31:30.136+0900] {logging_mixin.py:151} INFO - [2023-09-01T02:31:30.136+0900] {dag.py:3677} INFO - Setting next_dagrun for example_python_operator to None, run_after=None
[2023-09-01T02:31:30.142+0900] {processor.py:179} INFO - Processing /opt/homebrew/Caskroom/miniforge/base/lib/python3.10/site-packages/airflow/example_dags/example_python_operator.py took 0.098 seconds
[2023-09-01T02:32:41.721+0900] {processor.py:157} INFO - Started process (PID=13713) to work on /opt/homebrew/Caskroom/miniforge/base/lib/python3.10/site-packages/airflow/example_dags/example_python_operator.py
[2023-09-01T02:32:41.722+0900] {processor.py:829} INFO - Processing file /opt/homebrew/Caskroom/miniforge/base/lib/python3.10/site-packages/airflow/example_dags/example_python_operator.py for tasks to queue
[2023-09-01T02:32:41.722+0900] {logging_mixin.py:151} INFO - [2023-09-01T02:32:41.722+0900] {dagbag.py:539} INFO - Filling up the DagBag from /opt/homebrew/Caskroom/miniforge/base/lib/python3.10/site-packages/airflow/example_dags/example_python_operator.py
[2023-09-01T02:32:41.738+0900] {logging_mixin.py:151} INFO - [2023-09-01T02:32:41.738+0900] {example_python_operator.py:89} WARNING - The virtalenv_python example task requires virtualenv, please install it.
[2023-09-01T02:32:41.741+0900] {processor.py:839} INFO - DAG(s) dict_keys(['example_python_operator']) retrieved from /opt/homebrew/Caskroom/miniforge/base/lib/python3.10/site-packages/airflow/example_dags/example_python_operator.py
[2023-09-01T02:32:41.808+0900] {logging_mixin.py:151} INFO - [2023-09-01T02:32:41.808+0900] {dag.py:2907} INFO - Sync 1 DAGs
[2023-09-01T02:32:41.811+0900] {logging_mixin.py:151} INFO - [2023-09-01T02:32:41.811+0900] {dag.py:3677} INFO - Setting next_dagrun for example_python_operator to None, run_after=None
[2023-09-01T02:32:41.818+0900] {processor.py:179} INFO - Processing /opt/homebrew/Caskroom/miniforge/base/lib/python3.10/site-packages/airflow/example_dags/example_python_operator.py took 0.097 seconds
[2023-09-01T02:33:52.767+0900] {processor.py:157} INFO - Started process (PID=13765) to work on /opt/homebrew/Caskroom/miniforge/base/lib/python3.10/site-packages/airflow/example_dags/example_python_operator.py
[2023-09-01T02:33:52.767+0900] {processor.py:829} INFO - Processing file /opt/homebrew/Caskroom/miniforge/base/lib/python3.10/site-packages/airflow/example_dags/example_python_operator.py for tasks to queue
[2023-09-01T02:33:52.767+0900] {logging_mixin.py:151} INFO - [2023-09-01T02:33:52.767+0900] {dagbag.py:539} INFO - Filling up the DagBag from /opt/homebrew/Caskroom/miniforge/base/lib/python3.10/site-packages/airflow/example_dags/example_python_operator.py
[2023-09-01T02:33:52.784+0900] {logging_mixin.py:151} INFO - [2023-09-01T02:33:52.784+0900] {example_python_operator.py:89} WARNING - The virtalenv_python example task requires virtualenv, please install it.
[2023-09-01T02:33:52.787+0900] {processor.py:839} INFO - DAG(s) dict_keys(['example_python_operator']) retrieved from /opt/homebrew/Caskroom/miniforge/base/lib/python3.10/site-packages/airflow/example_dags/example_python_operator.py
[2023-09-01T02:33:52.853+0900] {logging_mixin.py:151} INFO - [2023-09-01T02:33:52.853+0900] {dag.py:2907} INFO - Sync 1 DAGs
[2023-09-01T02:33:52.857+0900] {logging_mixin.py:151} INFO - [2023-09-01T02:33:52.857+0900] {dag.py:3677} INFO - Setting next_dagrun for example_python_operator to None, run_after=None
[2023-09-01T02:33:52.863+0900] {processor.py:179} INFO - Processing /opt/homebrew/Caskroom/miniforge/base/lib/python3.10/site-packages/airflow/example_dags/example_python_operator.py took 0.097 seconds
