[2023-09-01T02:30:23.888+0900] {processor.py:157} INFO - Started process (PID=13600) to work on /opt/homebrew/Caskroom/miniforge/base/lib/python3.10/site-packages/airflow/example_dags/example_nested_branch_dag.py
[2023-09-01T02:30:23.888+0900] {processor.py:829} INFO - Processing file /opt/homebrew/Caskroom/miniforge/base/lib/python3.10/site-packages/airflow/example_dags/example_nested_branch_dag.py for tasks to queue
[2023-09-01T02:30:23.888+0900] {logging_mixin.py:151} INFO - [2023-09-01T02:30:23.888+0900] {dagbag.py:539} INFO - Filling up the DagBag from /opt/homebrew/Caskroom/miniforge/base/lib/python3.10/site-packages/airflow/example_dags/example_nested_branch_dag.py
[2023-09-01T02:30:23.908+0900] {processor.py:839} INFO - DAG(s) dict_keys(['example_nested_branch_dag']) retrieved from /opt/homebrew/Caskroom/miniforge/base/lib/python3.10/site-packages/airflow/example_dags/example_nested_branch_dag.py
[2023-09-01T02:30:24.272+0900] {logging_mixin.py:151} INFO - [2023-09-01T02:30:24.272+0900] {manager.py:501} INFO - Created Permission View: can edit on DAG:example_nested_branch_dag
[2023-09-01T02:30:24.275+0900] {logging_mixin.py:151} INFO - [2023-09-01T02:30:24.275+0900] {manager.py:501} INFO - Created Permission View: can read on DAG:example_nested_branch_dag
[2023-09-01T02:30:24.277+0900] {logging_mixin.py:151} INFO - [2023-09-01T02:30:24.277+0900] {manager.py:501} INFO - Created Permission View: can delete on DAG:example_nested_branch_dag
[2023-09-01T02:30:24.281+0900] {logging_mixin.py:151} INFO - [2023-09-01T02:30:24.281+0900] {dag.py:2907} INFO - Sync 1 DAGs
[2023-09-01T02:30:24.284+0900] {logging_mixin.py:151} INFO - [2023-09-01T02:30:24.284+0900] {dag.py:2929} INFO - Creating ORM DAG for example_nested_branch_dag
[2023-09-01T02:30:24.288+0900] {logging_mixin.py:151} INFO - [2023-09-01T02:30:24.288+0900] {dag.py:3677} INFO - Setting next_dagrun for example_nested_branch_dag to 2023-08-30T00:00:00+00:00, run_after=2023-08-31T00:00:00+00:00
[2023-09-01T02:30:24.294+0900] {processor.py:179} INFO - Processing /opt/homebrew/Caskroom/miniforge/base/lib/python3.10/site-packages/airflow/example_dags/example_nested_branch_dag.py took 0.407 seconds
[2023-09-01T02:31:35.539+0900] {processor.py:157} INFO - Started process (PID=13648) to work on /opt/homebrew/Caskroom/miniforge/base/lib/python3.10/site-packages/airflow/example_dags/example_nested_branch_dag.py
[2023-09-01T02:31:35.540+0900] {processor.py:829} INFO - Processing file /opt/homebrew/Caskroom/miniforge/base/lib/python3.10/site-packages/airflow/example_dags/example_nested_branch_dag.py for tasks to queue
[2023-09-01T02:31:35.540+0900] {logging_mixin.py:151} INFO - [2023-09-01T02:31:35.540+0900] {dagbag.py:539} INFO - Filling up the DagBag from /opt/homebrew/Caskroom/miniforge/base/lib/python3.10/site-packages/airflow/example_dags/example_nested_branch_dag.py
[2023-09-01T02:31:35.560+0900] {processor.py:839} INFO - DAG(s) dict_keys(['example_nested_branch_dag']) retrieved from /opt/homebrew/Caskroom/miniforge/base/lib/python3.10/site-packages/airflow/example_dags/example_nested_branch_dag.py
[2023-09-01T02:31:35.627+0900] {logging_mixin.py:151} INFO - [2023-09-01T02:31:35.627+0900] {dag.py:2907} INFO - Sync 1 DAGs
[2023-09-01T02:31:35.633+0900] {logging_mixin.py:151} INFO - [2023-09-01T02:31:35.633+0900] {dag.py:3677} INFO - Setting next_dagrun for example_nested_branch_dag to 2023-08-30T00:00:00+00:00, run_after=2023-08-31T00:00:00+00:00
[2023-09-01T02:31:35.640+0900] {processor.py:179} INFO - Processing /opt/homebrew/Caskroom/miniforge/base/lib/python3.10/site-packages/airflow/example_dags/example_nested_branch_dag.py took 0.101 seconds
[2023-09-01T02:32:47.388+0900] {processor.py:157} INFO - Started process (PID=13718) to work on /opt/homebrew/Caskroom/miniforge/base/lib/python3.10/site-packages/airflow/example_dags/example_nested_branch_dag.py
[2023-09-01T02:32:47.389+0900] {processor.py:829} INFO - Processing file /opt/homebrew/Caskroom/miniforge/base/lib/python3.10/site-packages/airflow/example_dags/example_nested_branch_dag.py for tasks to queue
[2023-09-01T02:32:47.389+0900] {logging_mixin.py:151} INFO - [2023-09-01T02:32:47.389+0900] {dagbag.py:539} INFO - Filling up the DagBag from /opt/homebrew/Caskroom/miniforge/base/lib/python3.10/site-packages/airflow/example_dags/example_nested_branch_dag.py
[2023-09-01T02:32:47.413+0900] {processor.py:839} INFO - DAG(s) dict_keys(['example_nested_branch_dag']) retrieved from /opt/homebrew/Caskroom/miniforge/base/lib/python3.10/site-packages/airflow/example_dags/example_nested_branch_dag.py
[2023-09-01T02:32:47.489+0900] {logging_mixin.py:151} INFO - [2023-09-01T02:32:47.489+0900] {dag.py:2907} INFO - Sync 1 DAGs
[2023-09-01T02:32:47.497+0900] {logging_mixin.py:151} INFO - [2023-09-01T02:32:47.497+0900] {dag.py:3677} INFO - Setting next_dagrun for example_nested_branch_dag to 2023-08-30T00:00:00+00:00, run_after=2023-08-31T00:00:00+00:00
[2023-09-01T02:32:47.505+0900] {processor.py:179} INFO - Processing /opt/homebrew/Caskroom/miniforge/base/lib/python3.10/site-packages/airflow/example_dags/example_nested_branch_dag.py took 0.118 seconds
[2023-09-01T02:33:58.389+0900] {processor.py:157} INFO - Started process (PID=13769) to work on /opt/homebrew/Caskroom/miniforge/base/lib/python3.10/site-packages/airflow/example_dags/example_nested_branch_dag.py
[2023-09-01T02:33:58.389+0900] {processor.py:829} INFO - Processing file /opt/homebrew/Caskroom/miniforge/base/lib/python3.10/site-packages/airflow/example_dags/example_nested_branch_dag.py for tasks to queue
[2023-09-01T02:33:58.389+0900] {logging_mixin.py:151} INFO - [2023-09-01T02:33:58.389+0900] {dagbag.py:539} INFO - Filling up the DagBag from /opt/homebrew/Caskroom/miniforge/base/lib/python3.10/site-packages/airflow/example_dags/example_nested_branch_dag.py
[2023-09-01T02:33:58.409+0900] {processor.py:839} INFO - DAG(s) dict_keys(['example_nested_branch_dag']) retrieved from /opt/homebrew/Caskroom/miniforge/base/lib/python3.10/site-packages/airflow/example_dags/example_nested_branch_dag.py
[2023-09-01T02:33:58.476+0900] {logging_mixin.py:151} INFO - [2023-09-01T02:33:58.476+0900] {dag.py:2907} INFO - Sync 1 DAGs
[2023-09-01T02:33:58.483+0900] {logging_mixin.py:151} INFO - [2023-09-01T02:33:58.483+0900] {dag.py:3677} INFO - Setting next_dagrun for example_nested_branch_dag to 2023-08-30T00:00:00+00:00, run_after=2023-08-31T00:00:00+00:00
[2023-09-01T02:33:58.490+0900] {processor.py:179} INFO - Processing /opt/homebrew/Caskroom/miniforge/base/lib/python3.10/site-packages/airflow/example_dags/example_nested_branch_dag.py took 0.101 seconds
