[2023-09-01T02:30:26.740+0900] {processor.py:157} INFO - Started process (PID=13602) to work on /opt/homebrew/Caskroom/miniforge/base/lib/python3.10/site-packages/airflow/example_dags/example_latest_only_with_trigger.py
[2023-09-01T02:30:26.740+0900] {processor.py:829} INFO - Processing file /opt/homebrew/Caskroom/miniforge/base/lib/python3.10/site-packages/airflow/example_dags/example_latest_only_with_trigger.py for tasks to queue
[2023-09-01T02:30:26.740+0900] {logging_mixin.py:151} INFO - [2023-09-01T02:30:26.740+0900] {dagbag.py:539} INFO - Filling up the DagBag from /opt/homebrew/Caskroom/miniforge/base/lib/python3.10/site-packages/airflow/example_dags/example_latest_only_with_trigger.py
[2023-09-01T02:30:26.748+0900] {processor.py:839} INFO - DAG(s) dict_keys(['latest_only_with_trigger']) retrieved from /opt/homebrew/Caskroom/miniforge/base/lib/python3.10/site-packages/airflow/example_dags/example_latest_only_with_trigger.py
[2023-09-01T02:30:27.126+0900] {logging_mixin.py:151} INFO - [2023-09-01T02:30:27.126+0900] {manager.py:501} INFO - Created Permission View: can read on DAG:latest_only_with_trigger
[2023-09-01T02:30:27.129+0900] {logging_mixin.py:151} INFO - [2023-09-01T02:30:27.129+0900] {manager.py:501} INFO - Created Permission View: can delete on DAG:latest_only_with_trigger
[2023-09-01T02:30:27.131+0900] {logging_mixin.py:151} INFO - [2023-09-01T02:30:27.131+0900] {manager.py:501} INFO - Created Permission View: can edit on DAG:latest_only_with_trigger
[2023-09-01T02:30:27.135+0900] {logging_mixin.py:151} INFO - [2023-09-01T02:30:27.135+0900] {dag.py:2907} INFO - Sync 1 DAGs
[2023-09-01T02:30:27.138+0900] {logging_mixin.py:151} INFO - [2023-09-01T02:30:27.138+0900] {dag.py:2929} INFO - Creating ORM DAG for latest_only_with_trigger
[2023-09-01T02:30:27.141+0900] {logging_mixin.py:151} INFO - [2023-09-01T02:30:27.141+0900] {dag.py:3677} INFO - Setting next_dagrun for latest_only_with_trigger to 2023-08-31T13:30:27.141616+00:00, run_after=2023-08-31T17:30:27.141616+00:00
[2023-09-01T02:30:27.147+0900] {processor.py:179} INFO - Processing /opt/homebrew/Caskroom/miniforge/base/lib/python3.10/site-packages/airflow/example_dags/example_latest_only_with_trigger.py took 0.408 seconds
[2023-09-01T02:31:50.913+0900] {processor.py:157} INFO - Started process (PID=13660) to work on /opt/homebrew/Caskroom/miniforge/base/lib/python3.10/site-packages/airflow/example_dags/example_latest_only_with_trigger.py
[2023-09-01T02:31:50.913+0900] {processor.py:829} INFO - Processing file /opt/homebrew/Caskroom/miniforge/base/lib/python3.10/site-packages/airflow/example_dags/example_latest_only_with_trigger.py for tasks to queue
[2023-09-01T02:31:50.913+0900] {logging_mixin.py:151} INFO - [2023-09-01T02:31:50.913+0900] {dagbag.py:539} INFO - Filling up the DagBag from /opt/homebrew/Caskroom/miniforge/base/lib/python3.10/site-packages/airflow/example_dags/example_latest_only_with_trigger.py
[2023-09-01T02:31:50.921+0900] {processor.py:839} INFO - DAG(s) dict_keys(['latest_only_with_trigger']) retrieved from /opt/homebrew/Caskroom/miniforge/base/lib/python3.10/site-packages/airflow/example_dags/example_latest_only_with_trigger.py
[2023-09-01T02:31:50.998+0900] {logging_mixin.py:151} INFO - [2023-09-01T02:31:50.998+0900] {dag.py:2907} INFO - Sync 1 DAGs
[2023-09-01T02:31:51.004+0900] {logging_mixin.py:151} INFO - [2023-09-01T02:31:51.004+0900] {dag.py:3677} INFO - Setting next_dagrun for latest_only_with_trigger to 2023-08-31T13:31:51.004854+00:00, run_after=2023-08-31T17:31:51.004854+00:00
[2023-09-01T02:31:51.011+0900] {processor.py:179} INFO - Processing /opt/homebrew/Caskroom/miniforge/base/lib/python3.10/site-packages/airflow/example_dags/example_latest_only_with_trigger.py took 0.099 seconds
[2023-09-01T02:33:02.722+0900] {processor.py:157} INFO - Started process (PID=13729) to work on /opt/homebrew/Caskroom/miniforge/base/lib/python3.10/site-packages/airflow/example_dags/example_latest_only_with_trigger.py
[2023-09-01T02:33:02.722+0900] {processor.py:829} INFO - Processing file /opt/homebrew/Caskroom/miniforge/base/lib/python3.10/site-packages/airflow/example_dags/example_latest_only_with_trigger.py for tasks to queue
[2023-09-01T02:33:02.722+0900] {logging_mixin.py:151} INFO - [2023-09-01T02:33:02.722+0900] {dagbag.py:539} INFO - Filling up the DagBag from /opt/homebrew/Caskroom/miniforge/base/lib/python3.10/site-packages/airflow/example_dags/example_latest_only_with_trigger.py
[2023-09-01T02:33:02.730+0900] {processor.py:839} INFO - DAG(s) dict_keys(['latest_only_with_trigger']) retrieved from /opt/homebrew/Caskroom/miniforge/base/lib/python3.10/site-packages/airflow/example_dags/example_latest_only_with_trigger.py
[2023-09-01T02:33:02.799+0900] {logging_mixin.py:151} INFO - [2023-09-01T02:33:02.799+0900] {dag.py:2907} INFO - Sync 1 DAGs
[2023-09-01T02:33:02.806+0900] {logging_mixin.py:151} INFO - [2023-09-01T02:33:02.806+0900] {dag.py:3677} INFO - Setting next_dagrun for latest_only_with_trigger to 2023-08-31T13:33:02.806277+00:00, run_after=2023-08-31T17:33:02.806277+00:00
[2023-09-01T02:33:02.813+0900] {processor.py:179} INFO - Processing /opt/homebrew/Caskroom/miniforge/base/lib/python3.10/site-packages/airflow/example_dags/example_latest_only_with_trigger.py took 0.092 seconds
[2023-09-01T02:34:14.466+0900] {processor.py:157} INFO - Started process (PID=13780) to work on /opt/homebrew/Caskroom/miniforge/base/lib/python3.10/site-packages/airflow/example_dags/example_latest_only_with_trigger.py
[2023-09-01T02:34:14.466+0900] {processor.py:829} INFO - Processing file /opt/homebrew/Caskroom/miniforge/base/lib/python3.10/site-packages/airflow/example_dags/example_latest_only_with_trigger.py for tasks to queue
[2023-09-01T02:34:14.466+0900] {logging_mixin.py:151} INFO - [2023-09-01T02:34:14.466+0900] {dagbag.py:539} INFO - Filling up the DagBag from /opt/homebrew/Caskroom/miniforge/base/lib/python3.10/site-packages/airflow/example_dags/example_latest_only_with_trigger.py
[2023-09-01T02:34:14.474+0900] {processor.py:839} INFO - DAG(s) dict_keys(['latest_only_with_trigger']) retrieved from /opt/homebrew/Caskroom/miniforge/base/lib/python3.10/site-packages/airflow/example_dags/example_latest_only_with_trigger.py
[2023-09-01T02:34:14.546+0900] {logging_mixin.py:151} INFO - [2023-09-01T02:34:14.546+0900] {dag.py:2907} INFO - Sync 1 DAGs
[2023-09-01T02:34:14.553+0900] {logging_mixin.py:151} INFO - [2023-09-01T02:34:14.553+0900] {dag.py:3677} INFO - Setting next_dagrun for latest_only_with_trigger to 2023-08-31T13:34:14.553159+00:00, run_after=2023-08-31T17:34:14.553159+00:00
[2023-09-01T02:34:14.560+0900] {processor.py:179} INFO - Processing /opt/homebrew/Caskroom/miniforge/base/lib/python3.10/site-packages/airflow/example_dags/example_latest_only_with_trigger.py took 0.094 seconds
