[2023-09-01T02:29:51.859+0900] {processor.py:157} INFO - Started process (PID=13582) to work on /opt/homebrew/Caskroom/miniforge/base/lib/python3.10/site-packages/airflow/example_dags/example_trigger_controller_dag.py
[2023-09-01T02:29:51.859+0900] {processor.py:829} INFO - Processing file /opt/homebrew/Caskroom/miniforge/base/lib/python3.10/site-packages/airflow/example_dags/example_trigger_controller_dag.py for tasks to queue
[2023-09-01T02:29:51.859+0900] {logging_mixin.py:151} INFO - [2023-09-01T02:29:51.859+0900] {dagbag.py:539} INFO - Filling up the DagBag from /opt/homebrew/Caskroom/miniforge/base/lib/python3.10/site-packages/airflow/example_dags/example_trigger_controller_dag.py
[2023-09-01T02:29:51.867+0900] {processor.py:839} INFO - DAG(s) dict_keys(['example_trigger_controller_dag']) retrieved from /opt/homebrew/Caskroom/miniforge/base/lib/python3.10/site-packages/airflow/example_dags/example_trigger_controller_dag.py
[2023-09-01T02:29:52.252+0900] {logging_mixin.py:151} INFO - [2023-09-01T02:29:52.252+0900] {manager.py:501} INFO - Created Permission View: can edit on DAG:example_trigger_controller_dag
[2023-09-01T02:29:52.256+0900] {logging_mixin.py:151} INFO - [2023-09-01T02:29:52.256+0900] {manager.py:501} INFO - Created Permission View: can delete on DAG:example_trigger_controller_dag
[2023-09-01T02:29:52.258+0900] {logging_mixin.py:151} INFO - [2023-09-01T02:29:52.258+0900] {manager.py:501} INFO - Created Permission View: can read on DAG:example_trigger_controller_dag
[2023-09-01T02:29:52.264+0900] {logging_mixin.py:151} INFO - [2023-09-01T02:29:52.263+0900] {dag.py:2907} INFO - Sync 1 DAGs
[2023-09-01T02:29:52.268+0900] {logging_mixin.py:151} INFO - [2023-09-01T02:29:52.267+0900] {dag.py:2929} INFO - Creating ORM DAG for example_trigger_controller_dag
[2023-09-01T02:29:52.272+0900] {logging_mixin.py:151} INFO - [2023-09-01T02:29:52.271+0900] {dag.py:3677} INFO - Setting next_dagrun for example_trigger_controller_dag to 2021-01-01T00:00:00+00:00, run_after=2021-01-01T00:00:00+00:00
[2023-09-01T02:29:52.278+0900] {processor.py:179} INFO - Processing /opt/homebrew/Caskroom/miniforge/base/lib/python3.10/site-packages/airflow/example_dags/example_trigger_controller_dag.py took 0.420 seconds
[2023-09-01T02:31:11.591+0900] {processor.py:157} INFO - Started process (PID=13630) to work on /opt/homebrew/Caskroom/miniforge/base/lib/python3.10/site-packages/airflow/example_dags/example_trigger_controller_dag.py
[2023-09-01T02:31:11.591+0900] {processor.py:829} INFO - Processing file /opt/homebrew/Caskroom/miniforge/base/lib/python3.10/site-packages/airflow/example_dags/example_trigger_controller_dag.py for tasks to queue
[2023-09-01T02:31:11.591+0900] {logging_mixin.py:151} INFO - [2023-09-01T02:31:11.591+0900] {dagbag.py:539} INFO - Filling up the DagBag from /opt/homebrew/Caskroom/miniforge/base/lib/python3.10/site-packages/airflow/example_dags/example_trigger_controller_dag.py
[2023-09-01T02:31:11.599+0900] {processor.py:839} INFO - DAG(s) dict_keys(['example_trigger_controller_dag']) retrieved from /opt/homebrew/Caskroom/miniforge/base/lib/python3.10/site-packages/airflow/example_dags/example_trigger_controller_dag.py
[2023-09-01T02:31:11.667+0900] {logging_mixin.py:151} INFO - [2023-09-01T02:31:11.667+0900] {dag.py:2907} INFO - Sync 1 DAGs
[2023-09-01T02:31:11.674+0900] {logging_mixin.py:151} INFO - [2023-09-01T02:31:11.674+0900] {dag.py:3677} INFO - Setting next_dagrun for example_trigger_controller_dag to 2021-01-01T00:00:00+00:00, run_after=2021-01-01T00:00:00+00:00
[2023-09-01T02:31:11.681+0900] {processor.py:179} INFO - Processing /opt/homebrew/Caskroom/miniforge/base/lib/python3.10/site-packages/airflow/example_dags/example_trigger_controller_dag.py took 0.090 seconds
[2023-09-01T02:32:23.244+0900] {processor.py:157} INFO - Started process (PID=13700) to work on /opt/homebrew/Caskroom/miniforge/base/lib/python3.10/site-packages/airflow/example_dags/example_trigger_controller_dag.py
[2023-09-01T02:32:23.245+0900] {processor.py:829} INFO - Processing file /opt/homebrew/Caskroom/miniforge/base/lib/python3.10/site-packages/airflow/example_dags/example_trigger_controller_dag.py for tasks to queue
[2023-09-01T02:32:23.246+0900] {logging_mixin.py:151} INFO - [2023-09-01T02:32:23.246+0900] {dagbag.py:539} INFO - Filling up the DagBag from /opt/homebrew/Caskroom/miniforge/base/lib/python3.10/site-packages/airflow/example_dags/example_trigger_controller_dag.py
[2023-09-01T02:32:23.254+0900] {processor.py:839} INFO - DAG(s) dict_keys(['example_trigger_controller_dag']) retrieved from /opt/homebrew/Caskroom/miniforge/base/lib/python3.10/site-packages/airflow/example_dags/example_trigger_controller_dag.py
[2023-09-01T02:32:23.321+0900] {logging_mixin.py:151} INFO - [2023-09-01T02:32:23.321+0900] {dag.py:2907} INFO - Sync 1 DAGs
[2023-09-01T02:32:23.327+0900] {logging_mixin.py:151} INFO - [2023-09-01T02:32:23.327+0900] {dag.py:3677} INFO - Setting next_dagrun for example_trigger_controller_dag to 2021-01-01T00:00:00+00:00, run_after=2021-01-01T00:00:00+00:00
[2023-09-01T02:32:23.334+0900] {processor.py:179} INFO - Processing /opt/homebrew/Caskroom/miniforge/base/lib/python3.10/site-packages/airflow/example_dags/example_trigger_controller_dag.py took 0.090 seconds
[2023-09-01T02:33:34.530+0900] {processor.py:157} INFO - Started process (PID=13751) to work on /opt/homebrew/Caskroom/miniforge/base/lib/python3.10/site-packages/airflow/example_dags/example_trigger_controller_dag.py
[2023-09-01T02:33:34.531+0900] {processor.py:829} INFO - Processing file /opt/homebrew/Caskroom/miniforge/base/lib/python3.10/site-packages/airflow/example_dags/example_trigger_controller_dag.py for tasks to queue
[2023-09-01T02:33:34.531+0900] {logging_mixin.py:151} INFO - [2023-09-01T02:33:34.531+0900] {dagbag.py:539} INFO - Filling up the DagBag from /opt/homebrew/Caskroom/miniforge/base/lib/python3.10/site-packages/airflow/example_dags/example_trigger_controller_dag.py
[2023-09-01T02:33:34.538+0900] {processor.py:839} INFO - DAG(s) dict_keys(['example_trigger_controller_dag']) retrieved from /opt/homebrew/Caskroom/miniforge/base/lib/python3.10/site-packages/airflow/example_dags/example_trigger_controller_dag.py
[2023-09-01T02:33:34.607+0900] {logging_mixin.py:151} INFO - [2023-09-01T02:33:34.607+0900] {dag.py:2907} INFO - Sync 1 DAGs
[2023-09-01T02:33:34.613+0900] {logging_mixin.py:151} INFO - [2023-09-01T02:33:34.613+0900] {dag.py:3677} INFO - Setting next_dagrun for example_trigger_controller_dag to 2021-01-01T00:00:00+00:00, run_after=2021-01-01T00:00:00+00:00
[2023-09-01T02:33:34.620+0900] {processor.py:179} INFO - Processing /opt/homebrew/Caskroom/miniforge/base/lib/python3.10/site-packages/airflow/example_dags/example_trigger_controller_dag.py took 0.090 seconds
[2023-09-01T02:34:45.692+0900] {processor.py:157} INFO - Started process (PID=13809) to work on /opt/homebrew/Caskroom/miniforge/base/lib/python3.10/site-packages/airflow/example_dags/example_trigger_controller_dag.py
[2023-09-01T02:34:45.693+0900] {processor.py:829} INFO - Processing file /opt/homebrew/Caskroom/miniforge/base/lib/python3.10/site-packages/airflow/example_dags/example_trigger_controller_dag.py for tasks to queue
[2023-09-01T02:34:45.694+0900] {logging_mixin.py:151} INFO - [2023-09-01T02:34:45.693+0900] {dagbag.py:539} INFO - Filling up the DagBag from /opt/homebrew/Caskroom/miniforge/base/lib/python3.10/site-packages/airflow/example_dags/example_trigger_controller_dag.py
[2023-09-01T02:34:45.701+0900] {processor.py:839} INFO - DAG(s) dict_keys(['example_trigger_controller_dag']) retrieved from /opt/homebrew/Caskroom/miniforge/base/lib/python3.10/site-packages/airflow/example_dags/example_trigger_controller_dag.py
[2023-09-01T02:34:45.770+0900] {logging_mixin.py:151} INFO - [2023-09-01T02:34:45.770+0900] {dag.py:2907} INFO - Sync 1 DAGs
[2023-09-01T02:34:45.776+0900] {logging_mixin.py:151} INFO - [2023-09-01T02:34:45.776+0900] {dag.py:3677} INFO - Setting next_dagrun for example_trigger_controller_dag to 2021-01-01T00:00:00+00:00, run_after=2021-01-01T00:00:00+00:00
[2023-09-01T02:34:45.782+0900] {processor.py:179} INFO - Processing /opt/homebrew/Caskroom/miniforge/base/lib/python3.10/site-packages/airflow/example_dags/example_trigger_controller_dag.py took 0.090 seconds
