[2023-09-01T02:30:39.427+0900] {processor.py:157} INFO - Started process (PID=13609) to work on /opt/homebrew/Caskroom/miniforge/base/lib/python3.10/site-packages/airflow/example_dags/example_dag_decorator.py
[2023-09-01T02:30:39.427+0900] {processor.py:829} INFO - Processing file /opt/homebrew/Caskroom/miniforge/base/lib/python3.10/site-packages/airflow/example_dags/example_dag_decorator.py for tasks to queue
[2023-09-01T02:30:39.427+0900] {logging_mixin.py:151} INFO - [2023-09-01T02:30:39.427+0900] {dagbag.py:539} INFO - Filling up the DagBag from /opt/homebrew/Caskroom/miniforge/base/lib/python3.10/site-packages/airflow/example_dags/example_dag_decorator.py
[2023-09-01T02:30:39.507+0900] {processor.py:839} INFO - DAG(s) dict_keys(['example_dag_decorator']) retrieved from /opt/homebrew/Caskroom/miniforge/base/lib/python3.10/site-packages/airflow/example_dags/example_dag_decorator.py
[2023-09-01T02:30:39.813+0900] {logging_mixin.py:151} INFO - [2023-09-01T02:30:39.812+0900] {manager.py:501} INFO - Created Permission View: can edit on DAG:example_dag_decorator
[2023-09-01T02:30:39.816+0900] {logging_mixin.py:151} INFO - [2023-09-01T02:30:39.815+0900] {manager.py:501} INFO - Created Permission View: can read on DAG:example_dag_decorator
[2023-09-01T02:30:39.817+0900] {logging_mixin.py:151} INFO - [2023-09-01T02:30:39.817+0900] {manager.py:501} INFO - Created Permission View: can delete on DAG:example_dag_decorator
[2023-09-01T02:30:39.821+0900] {logging_mixin.py:151} INFO - [2023-09-01T02:30:39.821+0900] {dag.py:2907} INFO - Sync 1 DAGs
[2023-09-01T02:30:39.824+0900] {logging_mixin.py:151} INFO - [2023-09-01T02:30:39.824+0900] {dag.py:2929} INFO - Creating ORM DAG for example_dag_decorator
[2023-09-01T02:30:39.824+0900] {logging_mixin.py:151} INFO - [2023-09-01T02:30:39.824+0900] {dag.py:3677} INFO - Setting next_dagrun for example_dag_decorator to None, run_after=None
[2023-09-01T02:30:39.831+0900] {processor.py:179} INFO - Processing /opt/homebrew/Caskroom/miniforge/base/lib/python3.10/site-packages/airflow/example_dags/example_dag_decorator.py took 0.404 seconds
[2023-09-01T02:32:00.951+0900] {processor.py:157} INFO - Started process (PID=13685) to work on /opt/homebrew/Caskroom/miniforge/base/lib/python3.10/site-packages/airflow/example_dags/example_dag_decorator.py
[2023-09-01T02:32:00.952+0900] {processor.py:829} INFO - Processing file /opt/homebrew/Caskroom/miniforge/base/lib/python3.10/site-packages/airflow/example_dags/example_dag_decorator.py for tasks to queue
[2023-09-01T02:32:00.952+0900] {logging_mixin.py:151} INFO - [2023-09-01T02:32:00.952+0900] {dagbag.py:539} INFO - Filling up the DagBag from /opt/homebrew/Caskroom/miniforge/base/lib/python3.10/site-packages/airflow/example_dags/example_dag_decorator.py
[2023-09-01T02:32:01.045+0900] {processor.py:839} INFO - DAG(s) dict_keys(['example_dag_decorator']) retrieved from /opt/homebrew/Caskroom/miniforge/base/lib/python3.10/site-packages/airflow/example_dags/example_dag_decorator.py
[2023-09-01T02:32:01.412+0900] {logging_mixin.py:151} INFO - [2023-09-01T02:32:01.411+0900] {dag.py:2907} INFO - Sync 1 DAGs
[2023-09-01T02:32:01.415+0900] {logging_mixin.py:151} INFO - [2023-09-01T02:32:01.415+0900] {dag.py:3677} INFO - Setting next_dagrun for example_dag_decorator to None, run_after=None
[2023-09-01T02:32:01.422+0900] {processor.py:179} INFO - Processing /opt/homebrew/Caskroom/miniforge/base/lib/python3.10/site-packages/airflow/example_dags/example_dag_decorator.py took 0.472 seconds
[2023-09-01T02:33:13.273+0900] {processor.py:157} INFO - Started process (PID=13736) to work on /opt/homebrew/Caskroom/miniforge/base/lib/python3.10/site-packages/airflow/example_dags/example_dag_decorator.py
[2023-09-01T02:33:13.273+0900] {processor.py:829} INFO - Processing file /opt/homebrew/Caskroom/miniforge/base/lib/python3.10/site-packages/airflow/example_dags/example_dag_decorator.py for tasks to queue
[2023-09-01T02:33:13.274+0900] {logging_mixin.py:151} INFO - [2023-09-01T02:33:13.274+0900] {dagbag.py:539} INFO - Filling up the DagBag from /opt/homebrew/Caskroom/miniforge/base/lib/python3.10/site-packages/airflow/example_dags/example_dag_decorator.py
[2023-09-01T02:33:13.354+0900] {processor.py:839} INFO - DAG(s) dict_keys(['example_dag_decorator']) retrieved from /opt/homebrew/Caskroom/miniforge/base/lib/python3.10/site-packages/airflow/example_dags/example_dag_decorator.py
[2023-09-01T02:33:13.667+0900] {logging_mixin.py:151} INFO - [2023-09-01T02:33:13.667+0900] {dag.py:2907} INFO - Sync 1 DAGs
[2023-09-01T02:33:13.670+0900] {logging_mixin.py:151} INFO - [2023-09-01T02:33:13.670+0900] {dag.py:3677} INFO - Setting next_dagrun for example_dag_decorator to None, run_after=None
[2023-09-01T02:33:13.678+0900] {processor.py:179} INFO - Processing /opt/homebrew/Caskroom/miniforge/base/lib/python3.10/site-packages/airflow/example_dags/example_dag_decorator.py took 0.405 seconds
[2023-09-01T02:34:23.962+0900] {processor.py:157} INFO - Started process (PID=13787) to work on /opt/homebrew/Caskroom/miniforge/base/lib/python3.10/site-packages/airflow/example_dags/example_dag_decorator.py
[2023-09-01T02:34:23.962+0900] {processor.py:829} INFO - Processing file /opt/homebrew/Caskroom/miniforge/base/lib/python3.10/site-packages/airflow/example_dags/example_dag_decorator.py for tasks to queue
[2023-09-01T02:34:23.963+0900] {logging_mixin.py:151} INFO - [2023-09-01T02:34:23.963+0900] {dagbag.py:539} INFO - Filling up the DagBag from /opt/homebrew/Caskroom/miniforge/base/lib/python3.10/site-packages/airflow/example_dags/example_dag_decorator.py
[2023-09-01T02:34:24.042+0900] {processor.py:839} INFO - DAG(s) dict_keys(['example_dag_decorator']) retrieved from /opt/homebrew/Caskroom/miniforge/base/lib/python3.10/site-packages/airflow/example_dags/example_dag_decorator.py
[2023-09-01T02:34:24.354+0900] {logging_mixin.py:151} INFO - [2023-09-01T02:34:24.354+0900] {dag.py:2907} INFO - Sync 1 DAGs
[2023-09-01T02:34:24.357+0900] {logging_mixin.py:151} INFO - [2023-09-01T02:34:24.357+0900] {dag.py:3677} INFO - Setting next_dagrun for example_dag_decorator to None, run_after=None
[2023-09-01T02:34:24.364+0900] {processor.py:179} INFO - Processing /opt/homebrew/Caskroom/miniforge/base/lib/python3.10/site-packages/airflow/example_dags/example_dag_decorator.py took 0.403 seconds
