[2023-09-01T02:30:28.817+0900] {processor.py:157} INFO - Started process (PID=13603) to work on /opt/homebrew/Caskroom/miniforge/base/lib/python3.10/site-packages/airflow/example_dags/example_latest_only.py
[2023-09-01T02:30:28.817+0900] {processor.py:829} INFO - Processing file /opt/homebrew/Caskroom/miniforge/base/lib/python3.10/site-packages/airflow/example_dags/example_latest_only.py for tasks to queue
[2023-09-01T02:30:28.817+0900] {logging_mixin.py:151} INFO - [2023-09-01T02:30:28.817+0900] {dagbag.py:539} INFO - Filling up the DagBag from /opt/homebrew/Caskroom/miniforge/base/lib/python3.10/site-packages/airflow/example_dags/example_latest_only.py
[2023-09-01T02:30:28.825+0900] {processor.py:839} INFO - DAG(s) dict_keys(['latest_only']) retrieved from /opt/homebrew/Caskroom/miniforge/base/lib/python3.10/site-packages/airflow/example_dags/example_latest_only.py
[2023-09-01T02:30:29.191+0900] {logging_mixin.py:151} INFO - [2023-09-01T02:30:29.190+0900] {manager.py:501} INFO - Created Permission View: can delete on DAG:latest_only
[2023-09-01T02:30:29.194+0900] {logging_mixin.py:151} INFO - [2023-09-01T02:30:29.194+0900] {manager.py:501} INFO - Created Permission View: can read on DAG:latest_only
[2023-09-01T02:30:29.195+0900] {logging_mixin.py:151} INFO - [2023-09-01T02:30:29.195+0900] {manager.py:501} INFO - Created Permission View: can edit on DAG:latest_only
[2023-09-01T02:30:29.200+0900] {logging_mixin.py:151} INFO - [2023-09-01T02:30:29.199+0900] {dag.py:2907} INFO - Sync 1 DAGs
[2023-09-01T02:30:29.203+0900] {logging_mixin.py:151} INFO - [2023-09-01T02:30:29.203+0900] {dag.py:2929} INFO - Creating ORM DAG for latest_only
[2023-09-01T02:30:29.206+0900] {logging_mixin.py:151} INFO - [2023-09-01T02:30:29.205+0900] {dag.py:3677} INFO - Setting next_dagrun for latest_only to 2023-08-31T13:30:29.205927+00:00, run_after=2023-08-31T17:30:29.205927+00:00
[2023-09-01T02:30:29.211+0900] {processor.py:179} INFO - Processing /opt/homebrew/Caskroom/miniforge/base/lib/python3.10/site-packages/airflow/example_dags/example_latest_only.py took 0.395 seconds
[2023-09-01T02:31:51.845+0900] {processor.py:157} INFO - Started process (PID=13661) to work on /opt/homebrew/Caskroom/miniforge/base/lib/python3.10/site-packages/airflow/example_dags/example_latest_only.py
[2023-09-01T02:31:51.845+0900] {processor.py:829} INFO - Processing file /opt/homebrew/Caskroom/miniforge/base/lib/python3.10/site-packages/airflow/example_dags/example_latest_only.py for tasks to queue
[2023-09-01T02:31:51.845+0900] {logging_mixin.py:151} INFO - [2023-09-01T02:31:51.845+0900] {dagbag.py:539} INFO - Filling up the DagBag from /opt/homebrew/Caskroom/miniforge/base/lib/python3.10/site-packages/airflow/example_dags/example_latest_only.py
[2023-09-01T02:31:51.853+0900] {processor.py:839} INFO - DAG(s) dict_keys(['latest_only']) retrieved from /opt/homebrew/Caskroom/miniforge/base/lib/python3.10/site-packages/airflow/example_dags/example_latest_only.py
[2023-09-01T02:31:51.921+0900] {logging_mixin.py:151} INFO - [2023-09-01T02:31:51.921+0900] {dag.py:2907} INFO - Sync 1 DAGs
[2023-09-01T02:31:51.927+0900] {logging_mixin.py:151} INFO - [2023-09-01T02:31:51.927+0900] {dag.py:3677} INFO - Setting next_dagrun for latest_only to 2023-08-31T13:31:51.927322+00:00, run_after=2023-08-31T17:31:51.927322+00:00
[2023-09-01T02:31:51.933+0900] {processor.py:179} INFO - Processing /opt/homebrew/Caskroom/miniforge/base/lib/python3.10/site-packages/airflow/example_dags/example_latest_only.py took 0.089 seconds
[2023-09-01T02:33:04.335+0900] {processor.py:157} INFO - Started process (PID=13730) to work on /opt/homebrew/Caskroom/miniforge/base/lib/python3.10/site-packages/airflow/example_dags/example_latest_only.py
[2023-09-01T02:33:04.335+0900] {processor.py:829} INFO - Processing file /opt/homebrew/Caskroom/miniforge/base/lib/python3.10/site-packages/airflow/example_dags/example_latest_only.py for tasks to queue
[2023-09-01T02:33:04.335+0900] {logging_mixin.py:151} INFO - [2023-09-01T02:33:04.335+0900] {dagbag.py:539} INFO - Filling up the DagBag from /opt/homebrew/Caskroom/miniforge/base/lib/python3.10/site-packages/airflow/example_dags/example_latest_only.py
[2023-09-01T02:33:04.342+0900] {processor.py:839} INFO - DAG(s) dict_keys(['latest_only']) retrieved from /opt/homebrew/Caskroom/miniforge/base/lib/python3.10/site-packages/airflow/example_dags/example_latest_only.py
[2023-09-01T02:33:04.411+0900] {logging_mixin.py:151} INFO - [2023-09-01T02:33:04.411+0900] {dag.py:2907} INFO - Sync 1 DAGs
[2023-09-01T02:33:04.418+0900] {logging_mixin.py:151} INFO - [2023-09-01T02:33:04.418+0900] {dag.py:3677} INFO - Setting next_dagrun for latest_only to 2023-08-31T13:33:04.418128+00:00, run_after=2023-08-31T17:33:04.418128+00:00
[2023-09-01T02:33:04.425+0900] {processor.py:179} INFO - Processing /opt/homebrew/Caskroom/miniforge/base/lib/python3.10/site-packages/airflow/example_dags/example_latest_only.py took 0.090 seconds
[2023-09-01T02:34:15.130+0900] {processor.py:157} INFO - Started process (PID=13781) to work on /opt/homebrew/Caskroom/miniforge/base/lib/python3.10/site-packages/airflow/example_dags/example_latest_only.py
[2023-09-01T02:34:15.130+0900] {processor.py:829} INFO - Processing file /opt/homebrew/Caskroom/miniforge/base/lib/python3.10/site-packages/airflow/example_dags/example_latest_only.py for tasks to queue
[2023-09-01T02:34:15.130+0900] {logging_mixin.py:151} INFO - [2023-09-01T02:34:15.130+0900] {dagbag.py:539} INFO - Filling up the DagBag from /opt/homebrew/Caskroom/miniforge/base/lib/python3.10/site-packages/airflow/example_dags/example_latest_only.py
[2023-09-01T02:34:15.138+0900] {processor.py:839} INFO - DAG(s) dict_keys(['latest_only']) retrieved from /opt/homebrew/Caskroom/miniforge/base/lib/python3.10/site-packages/airflow/example_dags/example_latest_only.py
[2023-09-01T02:34:15.210+0900] {logging_mixin.py:151} INFO - [2023-09-01T02:34:15.210+0900] {dag.py:2907} INFO - Sync 1 DAGs
[2023-09-01T02:34:15.217+0900] {logging_mixin.py:151} INFO - [2023-09-01T02:34:15.217+0900] {dag.py:3677} INFO - Setting next_dagrun for latest_only to 2023-08-31T13:34:15.217161+00:00, run_after=2023-08-31T17:34:15.217161+00:00
[2023-09-01T02:34:15.224+0900] {processor.py:179} INFO - Processing /opt/homebrew/Caskroom/miniforge/base/lib/python3.10/site-packages/airflow/example_dags/example_latest_only.py took 0.095 seconds
