[2023-09-01T02:30:06.805+0900] {processor.py:157} INFO - Started process (PID=13591) to work on /opt/homebrew/Caskroom/miniforge/base/lib/python3.10/site-packages/airflow/example_dags/example_short_circuit_decorator.py
[2023-09-01T02:30:06.805+0900] {processor.py:829} INFO - Processing file /opt/homebrew/Caskroom/miniforge/base/lib/python3.10/site-packages/airflow/example_dags/example_short_circuit_decorator.py for tasks to queue
[2023-09-01T02:30:06.806+0900] {logging_mixin.py:151} INFO - [2023-09-01T02:30:06.806+0900] {dagbag.py:539} INFO - Filling up the DagBag from /opt/homebrew/Caskroom/miniforge/base/lib/python3.10/site-packages/airflow/example_dags/example_short_circuit_decorator.py
[2023-09-01T02:30:06.825+0900] {processor.py:839} INFO - DAG(s) dict_keys(['example_short_circuit_decorator']) retrieved from /opt/homebrew/Caskroom/miniforge/base/lib/python3.10/site-packages/airflow/example_dags/example_short_circuit_decorator.py
[2023-09-01T02:30:07.195+0900] {logging_mixin.py:151} INFO - [2023-09-01T02:30:07.195+0900] {manager.py:501} INFO - Created Permission View: can delete on DAG:example_short_circuit_decorator
[2023-09-01T02:30:07.198+0900] {logging_mixin.py:151} INFO - [2023-09-01T02:30:07.198+0900] {manager.py:501} INFO - Created Permission View: can edit on DAG:example_short_circuit_decorator
[2023-09-01T02:30:07.199+0900] {logging_mixin.py:151} INFO - [2023-09-01T02:30:07.199+0900] {manager.py:501} INFO - Created Permission View: can read on DAG:example_short_circuit_decorator
[2023-09-01T02:30:07.203+0900] {logging_mixin.py:151} INFO - [2023-09-01T02:30:07.203+0900] {dag.py:2907} INFO - Sync 1 DAGs
[2023-09-01T02:30:07.206+0900] {logging_mixin.py:151} INFO - [2023-09-01T02:30:07.206+0900] {dag.py:2929} INFO - Creating ORM DAG for example_short_circuit_decorator
[2023-09-01T02:30:07.209+0900] {logging_mixin.py:151} INFO - [2023-09-01T02:30:07.209+0900] {dag.py:3677} INFO - Setting next_dagrun for example_short_circuit_decorator to 2023-08-30T17:30:07.209367+00:00, run_after=2023-08-31T17:30:07.209367+00:00
[2023-09-01T02:30:07.215+0900] {processor.py:179} INFO - Processing /opt/homebrew/Caskroom/miniforge/base/lib/python3.10/site-packages/airflow/example_dags/example_short_circuit_decorator.py took 0.410 seconds
[2023-09-01T02:31:22.791+0900] {processor.py:157} INFO - Started process (PID=13639) to work on /opt/homebrew/Caskroom/miniforge/base/lib/python3.10/site-packages/airflow/example_dags/example_short_circuit_decorator.py
[2023-09-01T02:31:22.792+0900] {processor.py:829} INFO - Processing file /opt/homebrew/Caskroom/miniforge/base/lib/python3.10/site-packages/airflow/example_dags/example_short_circuit_decorator.py for tasks to queue
[2023-09-01T02:31:22.792+0900] {logging_mixin.py:151} INFO - [2023-09-01T02:31:22.792+0900] {dagbag.py:539} INFO - Filling up the DagBag from /opt/homebrew/Caskroom/miniforge/base/lib/python3.10/site-packages/airflow/example_dags/example_short_circuit_decorator.py
[2023-09-01T02:31:22.811+0900] {processor.py:839} INFO - DAG(s) dict_keys(['example_short_circuit_decorator']) retrieved from /opt/homebrew/Caskroom/miniforge/base/lib/python3.10/site-packages/airflow/example_dags/example_short_circuit_decorator.py
[2023-09-01T02:31:22.879+0900] {logging_mixin.py:151} INFO - [2023-09-01T02:31:22.879+0900] {dag.py:2907} INFO - Sync 1 DAGs
[2023-09-01T02:31:22.885+0900] {logging_mixin.py:151} INFO - [2023-09-01T02:31:22.885+0900] {dag.py:3677} INFO - Setting next_dagrun for example_short_circuit_decorator to 2023-08-30T17:31:22.884987+00:00, run_after=2023-08-31T17:31:22.884987+00:00
[2023-09-01T02:31:22.892+0900] {processor.py:179} INFO - Processing /opt/homebrew/Caskroom/miniforge/base/lib/python3.10/site-packages/airflow/example_dags/example_short_circuit_decorator.py took 0.101 seconds
[2023-09-01T02:32:34.429+0900] {processor.py:157} INFO - Started process (PID=13708) to work on /opt/homebrew/Caskroom/miniforge/base/lib/python3.10/site-packages/airflow/example_dags/example_short_circuit_decorator.py
[2023-09-01T02:32:34.430+0900] {processor.py:829} INFO - Processing file /opt/homebrew/Caskroom/miniforge/base/lib/python3.10/site-packages/airflow/example_dags/example_short_circuit_decorator.py for tasks to queue
[2023-09-01T02:32:34.430+0900] {logging_mixin.py:151} INFO - [2023-09-01T02:32:34.430+0900] {dagbag.py:539} INFO - Filling up the DagBag from /opt/homebrew/Caskroom/miniforge/base/lib/python3.10/site-packages/airflow/example_dags/example_short_circuit_decorator.py
[2023-09-01T02:32:34.449+0900] {processor.py:839} INFO - DAG(s) dict_keys(['example_short_circuit_decorator']) retrieved from /opt/homebrew/Caskroom/miniforge/base/lib/python3.10/site-packages/airflow/example_dags/example_short_circuit_decorator.py
[2023-09-01T02:32:34.517+0900] {logging_mixin.py:151} INFO - [2023-09-01T02:32:34.517+0900] {dag.py:2907} INFO - Sync 1 DAGs
[2023-09-01T02:32:34.523+0900] {logging_mixin.py:151} INFO - [2023-09-01T02:32:34.523+0900] {dag.py:3677} INFO - Setting next_dagrun for example_short_circuit_decorator to 2023-08-30T17:32:34.523473+00:00, run_after=2023-08-31T17:32:34.523473+00:00
[2023-09-01T02:32:34.530+0900] {processor.py:179} INFO - Processing /opt/homebrew/Caskroom/miniforge/base/lib/python3.10/site-packages/airflow/example_dags/example_short_circuit_decorator.py took 0.102 seconds
[2023-09-01T02:33:46.560+0900] {processor.py:157} INFO - Started process (PID=13760) to work on /opt/homebrew/Caskroom/miniforge/base/lib/python3.10/site-packages/airflow/example_dags/example_short_circuit_decorator.py
[2023-09-01T02:33:46.560+0900] {processor.py:829} INFO - Processing file /opt/homebrew/Caskroom/miniforge/base/lib/python3.10/site-packages/airflow/example_dags/example_short_circuit_decorator.py for tasks to queue
[2023-09-01T02:33:46.560+0900] {logging_mixin.py:151} INFO - [2023-09-01T02:33:46.560+0900] {dagbag.py:539} INFO - Filling up the DagBag from /opt/homebrew/Caskroom/miniforge/base/lib/python3.10/site-packages/airflow/example_dags/example_short_circuit_decorator.py
[2023-09-01T02:33:46.579+0900] {processor.py:839} INFO - DAG(s) dict_keys(['example_short_circuit_decorator']) retrieved from /opt/homebrew/Caskroom/miniforge/base/lib/python3.10/site-packages/airflow/example_dags/example_short_circuit_decorator.py
[2023-09-01T02:33:46.647+0900] {logging_mixin.py:151} INFO - [2023-09-01T02:33:46.647+0900] {dag.py:2907} INFO - Sync 1 DAGs
[2023-09-01T02:33:46.653+0900] {logging_mixin.py:151} INFO - [2023-09-01T02:33:46.653+0900] {dag.py:3677} INFO - Setting next_dagrun for example_short_circuit_decorator to 2023-08-30T17:33:46.652952+00:00, run_after=2023-08-31T17:33:46.652952+00:00
[2023-09-01T02:33:46.660+0900] {processor.py:179} INFO - Processing /opt/homebrew/Caskroom/miniforge/base/lib/python3.10/site-packages/airflow/example_dags/example_short_circuit_decorator.py took 0.100 seconds
