[2023-09-01T02:30:11.766+0900] {processor.py:157} INFO - Started process (PID=13594) to work on /opt/homebrew/Caskroom/miniforge/base/lib/python3.10/site-packages/airflow/example_dags/example_sensors.py
[2023-09-01T02:30:11.766+0900] {processor.py:829} INFO - Processing file /opt/homebrew/Caskroom/miniforge/base/lib/python3.10/site-packages/airflow/example_dags/example_sensors.py for tasks to queue
[2023-09-01T02:30:11.766+0900] {logging_mixin.py:151} INFO - [2023-09-01T02:30:11.766+0900] {dagbag.py:539} INFO - Filling up the DagBag from /opt/homebrew/Caskroom/miniforge/base/lib/python3.10/site-packages/airflow/example_dags/example_sensors.py
[2023-09-01T02:30:11.777+0900] {processor.py:839} INFO - DAG(s) dict_keys(['example_sensors']) retrieved from /opt/homebrew/Caskroom/miniforge/base/lib/python3.10/site-packages/airflow/example_dags/example_sensors.py
[2023-09-01T02:30:12.151+0900] {logging_mixin.py:151} INFO - [2023-09-01T02:30:12.151+0900] {manager.py:501} INFO - Created Permission View: can read on DAG:example_sensors
[2023-09-01T02:30:12.154+0900] {logging_mixin.py:151} INFO - [2023-09-01T02:30:12.154+0900] {manager.py:501} INFO - Created Permission View: can edit on DAG:example_sensors
[2023-09-01T02:30:12.156+0900] {logging_mixin.py:151} INFO - [2023-09-01T02:30:12.156+0900] {manager.py:501} INFO - Created Permission View: can delete on DAG:example_sensors
[2023-09-01T02:30:12.159+0900] {logging_mixin.py:151} INFO - [2023-09-01T02:30:12.159+0900] {dag.py:2907} INFO - Sync 1 DAGs
[2023-09-01T02:30:12.162+0900] {logging_mixin.py:151} INFO - [2023-09-01T02:30:12.162+0900] {dag.py:2929} INFO - Creating ORM DAG for example_sensors
[2023-09-01T02:30:12.163+0900] {logging_mixin.py:151} INFO - [2023-09-01T02:30:12.163+0900] {dag.py:3677} INFO - Setting next_dagrun for example_sensors to None, run_after=None
[2023-09-01T02:30:12.168+0900] {processor.py:179} INFO - Processing /opt/homebrew/Caskroom/miniforge/base/lib/python3.10/site-packages/airflow/example_dags/example_sensors.py took 0.403 seconds
[2023-09-01T02:31:27.648+0900] {processor.py:157} INFO - Started process (PID=13642) to work on /opt/homebrew/Caskroom/miniforge/base/lib/python3.10/site-packages/airflow/example_dags/example_sensors.py
[2023-09-01T02:31:27.648+0900] {processor.py:829} INFO - Processing file /opt/homebrew/Caskroom/miniforge/base/lib/python3.10/site-packages/airflow/example_dags/example_sensors.py for tasks to queue
[2023-09-01T02:31:27.648+0900] {logging_mixin.py:151} INFO - [2023-09-01T02:31:27.648+0900] {dagbag.py:539} INFO - Filling up the DagBag from /opt/homebrew/Caskroom/miniforge/base/lib/python3.10/site-packages/airflow/example_dags/example_sensors.py
[2023-09-01T02:31:27.659+0900] {processor.py:839} INFO - DAG(s) dict_keys(['example_sensors']) retrieved from /opt/homebrew/Caskroom/miniforge/base/lib/python3.10/site-packages/airflow/example_dags/example_sensors.py
[2023-09-01T02:31:27.738+0900] {logging_mixin.py:151} INFO - [2023-09-01T02:31:27.738+0900] {dag.py:2907} INFO - Sync 1 DAGs
[2023-09-01T02:31:27.742+0900] {logging_mixin.py:151} INFO - [2023-09-01T02:31:27.742+0900] {dag.py:3677} INFO - Setting next_dagrun for example_sensors to None, run_after=None
[2023-09-01T02:31:27.752+0900] {processor.py:179} INFO - Processing /opt/homebrew/Caskroom/miniforge/base/lib/python3.10/site-packages/airflow/example_dags/example_sensors.py took 0.105 seconds
[2023-09-01T02:32:39.295+0900] {processor.py:157} INFO - Started process (PID=13711) to work on /opt/homebrew/Caskroom/miniforge/base/lib/python3.10/site-packages/airflow/example_dags/example_sensors.py
[2023-09-01T02:32:39.296+0900] {processor.py:829} INFO - Processing file /opt/homebrew/Caskroom/miniforge/base/lib/python3.10/site-packages/airflow/example_dags/example_sensors.py for tasks to queue
[2023-09-01T02:32:39.296+0900] {logging_mixin.py:151} INFO - [2023-09-01T02:32:39.296+0900] {dagbag.py:539} INFO - Filling up the DagBag from /opt/homebrew/Caskroom/miniforge/base/lib/python3.10/site-packages/airflow/example_dags/example_sensors.py
[2023-09-01T02:32:39.307+0900] {processor.py:839} INFO - DAG(s) dict_keys(['example_sensors']) retrieved from /opt/homebrew/Caskroom/miniforge/base/lib/python3.10/site-packages/airflow/example_dags/example_sensors.py
[2023-09-01T02:32:39.386+0900] {logging_mixin.py:151} INFO - [2023-09-01T02:32:39.386+0900] {dag.py:2907} INFO - Sync 1 DAGs
[2023-09-01T02:32:39.390+0900] {logging_mixin.py:151} INFO - [2023-09-01T02:32:39.390+0900] {dag.py:3677} INFO - Setting next_dagrun for example_sensors to None, run_after=None
[2023-09-01T02:32:39.396+0900] {processor.py:179} INFO - Processing /opt/homebrew/Caskroom/miniforge/base/lib/python3.10/site-packages/airflow/example_dags/example_sensors.py took 0.102 seconds
[2023-09-01T02:33:50.487+0900] {processor.py:157} INFO - Started process (PID=13763) to work on /opt/homebrew/Caskroom/miniforge/base/lib/python3.10/site-packages/airflow/example_dags/example_sensors.py
[2023-09-01T02:33:50.488+0900] {processor.py:829} INFO - Processing file /opt/homebrew/Caskroom/miniforge/base/lib/python3.10/site-packages/airflow/example_dags/example_sensors.py for tasks to queue
[2023-09-01T02:33:50.488+0900] {logging_mixin.py:151} INFO - [2023-09-01T02:33:50.488+0900] {dagbag.py:539} INFO - Filling up the DagBag from /opt/homebrew/Caskroom/miniforge/base/lib/python3.10/site-packages/airflow/example_dags/example_sensors.py
[2023-09-01T02:33:50.500+0900] {processor.py:839} INFO - DAG(s) dict_keys(['example_sensors']) retrieved from /opt/homebrew/Caskroom/miniforge/base/lib/python3.10/site-packages/airflow/example_dags/example_sensors.py
[2023-09-01T02:33:50.590+0900] {logging_mixin.py:151} INFO - [2023-09-01T02:33:50.589+0900] {dag.py:2907} INFO - Sync 1 DAGs
[2023-09-01T02:33:50.593+0900] {logging_mixin.py:151} INFO - [2023-09-01T02:33:50.593+0900] {dag.py:3677} INFO - Setting next_dagrun for example_sensors to None, run_after=None
[2023-09-01T02:33:50.601+0900] {processor.py:179} INFO - Processing /opt/homebrew/Caskroom/miniforge/base/lib/python3.10/site-packages/airflow/example_dags/example_sensors.py took 0.114 seconds
