[2023-09-01T02:30:48.413+0900] {processor.py:157} INFO - Started process (PID=13614) to work on /opt/homebrew/Caskroom/miniforge/base/lib/python3.10/site-packages/airflow/example_dags/example_branch_labels.py
[2023-09-01T02:30:48.413+0900] {processor.py:829} INFO - Processing file /opt/homebrew/Caskroom/miniforge/base/lib/python3.10/site-packages/airflow/example_dags/example_branch_labels.py for tasks to queue
[2023-09-01T02:30:48.414+0900] {logging_mixin.py:151} INFO - [2023-09-01T02:30:48.414+0900] {dagbag.py:539} INFO - Filling up the DagBag from /opt/homebrew/Caskroom/miniforge/base/lib/python3.10/site-packages/airflow/example_dags/example_branch_labels.py
[2023-09-01T02:30:48.423+0900] {processor.py:839} INFO - DAG(s) dict_keys(['example_branch_labels']) retrieved from /opt/homebrew/Caskroom/miniforge/base/lib/python3.10/site-packages/airflow/example_dags/example_branch_labels.py
[2023-09-01T02:30:48.821+0900] {logging_mixin.py:151} INFO - [2023-09-01T02:30:48.821+0900] {manager.py:501} INFO - Created Permission View: can delete on DAG:example_branch_labels
[2023-09-01T02:30:48.824+0900] {logging_mixin.py:151} INFO - [2023-09-01T02:30:48.824+0900] {manager.py:501} INFO - Created Permission View: can read on DAG:example_branch_labels
[2023-09-01T02:30:48.826+0900] {logging_mixin.py:151} INFO - [2023-09-01T02:30:48.826+0900] {manager.py:501} INFO - Created Permission View: can edit on DAG:example_branch_labels
[2023-09-01T02:30:48.830+0900] {logging_mixin.py:151} INFO - [2023-09-01T02:30:48.830+0900] {dag.py:2907} INFO - Sync 1 DAGs
[2023-09-01T02:30:48.833+0900] {logging_mixin.py:151} INFO - [2023-09-01T02:30:48.833+0900] {dag.py:2929} INFO - Creating ORM DAG for example_branch_labels
[2023-09-01T02:30:48.837+0900] {logging_mixin.py:151} INFO - [2023-09-01T02:30:48.837+0900] {dag.py:3677} INFO - Setting next_dagrun for example_branch_labels to 2023-08-30T00:00:00+00:00, run_after=2023-08-31T00:00:00+00:00
[2023-09-01T02:30:48.842+0900] {processor.py:179} INFO - Processing /opt/homebrew/Caskroom/miniforge/base/lib/python3.10/site-packages/airflow/example_dags/example_branch_labels.py took 0.429 seconds
[2023-09-01T02:32:08.392+0900] {processor.py:157} INFO - Started process (PID=13690) to work on /opt/homebrew/Caskroom/miniforge/base/lib/python3.10/site-packages/airflow/example_dags/example_branch_labels.py
[2023-09-01T02:32:08.392+0900] {processor.py:829} INFO - Processing file /opt/homebrew/Caskroom/miniforge/base/lib/python3.10/site-packages/airflow/example_dags/example_branch_labels.py for tasks to queue
[2023-09-01T02:32:08.393+0900] {logging_mixin.py:151} INFO - [2023-09-01T02:32:08.393+0900] {dagbag.py:539} INFO - Filling up the DagBag from /opt/homebrew/Caskroom/miniforge/base/lib/python3.10/site-packages/airflow/example_dags/example_branch_labels.py
[2023-09-01T02:32:08.401+0900] {processor.py:839} INFO - DAG(s) dict_keys(['example_branch_labels']) retrieved from /opt/homebrew/Caskroom/miniforge/base/lib/python3.10/site-packages/airflow/example_dags/example_branch_labels.py
[2023-09-01T02:32:08.470+0900] {logging_mixin.py:151} INFO - [2023-09-01T02:32:08.470+0900] {dag.py:2907} INFO - Sync 1 DAGs
[2023-09-01T02:32:08.477+0900] {logging_mixin.py:151} INFO - [2023-09-01T02:32:08.477+0900] {dag.py:3677} INFO - Setting next_dagrun for example_branch_labels to 2023-08-30T00:00:00+00:00, run_after=2023-08-31T00:00:00+00:00
[2023-09-01T02:32:08.483+0900] {processor.py:179} INFO - Processing /opt/homebrew/Caskroom/miniforge/base/lib/python3.10/site-packages/airflow/example_dags/example_branch_labels.py took 0.092 seconds
[2023-09-01T02:33:20.851+0900] {processor.py:157} INFO - Started process (PID=13741) to work on /opt/homebrew/Caskroom/miniforge/base/lib/python3.10/site-packages/airflow/example_dags/example_branch_labels.py
[2023-09-01T02:33:20.851+0900] {processor.py:829} INFO - Processing file /opt/homebrew/Caskroom/miniforge/base/lib/python3.10/site-packages/airflow/example_dags/example_branch_labels.py for tasks to queue
[2023-09-01T02:33:20.851+0900] {logging_mixin.py:151} INFO - [2023-09-01T02:33:20.851+0900] {dagbag.py:539} INFO - Filling up the DagBag from /opt/homebrew/Caskroom/miniforge/base/lib/python3.10/site-packages/airflow/example_dags/example_branch_labels.py
[2023-09-01T02:33:20.859+0900] {processor.py:839} INFO - DAG(s) dict_keys(['example_branch_labels']) retrieved from /opt/homebrew/Caskroom/miniforge/base/lib/python3.10/site-packages/airflow/example_dags/example_branch_labels.py
[2023-09-01T02:33:20.927+0900] {logging_mixin.py:151} INFO - [2023-09-01T02:33:20.927+0900] {dag.py:2907} INFO - Sync 1 DAGs
[2023-09-01T02:33:20.934+0900] {logging_mixin.py:151} INFO - [2023-09-01T02:33:20.934+0900] {dag.py:3677} INFO - Setting next_dagrun for example_branch_labels to 2023-08-30T00:00:00+00:00, run_after=2023-08-31T00:00:00+00:00
[2023-09-01T02:33:20.941+0900] {processor.py:179} INFO - Processing /opt/homebrew/Caskroom/miniforge/base/lib/python3.10/site-packages/airflow/example_dags/example_branch_labels.py took 0.090 seconds
[2023-09-01T02:34:31.582+0900] {processor.py:157} INFO - Started process (PID=13793) to work on /opt/homebrew/Caskroom/miniforge/base/lib/python3.10/site-packages/airflow/example_dags/example_branch_labels.py
[2023-09-01T02:34:31.582+0900] {processor.py:829} INFO - Processing file /opt/homebrew/Caskroom/miniforge/base/lib/python3.10/site-packages/airflow/example_dags/example_branch_labels.py for tasks to queue
[2023-09-01T02:34:31.583+0900] {logging_mixin.py:151} INFO - [2023-09-01T02:34:31.583+0900] {dagbag.py:539} INFO - Filling up the DagBag from /opt/homebrew/Caskroom/miniforge/base/lib/python3.10/site-packages/airflow/example_dags/example_branch_labels.py
[2023-09-01T02:34:31.591+0900] {processor.py:839} INFO - DAG(s) dict_keys(['example_branch_labels']) retrieved from /opt/homebrew/Caskroom/miniforge/base/lib/python3.10/site-packages/airflow/example_dags/example_branch_labels.py
[2023-09-01T02:34:31.661+0900] {logging_mixin.py:151} INFO - [2023-09-01T02:34:31.661+0900] {dag.py:2907} INFO - Sync 1 DAGs
[2023-09-01T02:34:31.668+0900] {logging_mixin.py:151} INFO - [2023-09-01T02:34:31.668+0900] {dag.py:3677} INFO - Setting next_dagrun for example_branch_labels to 2023-08-30T00:00:00+00:00, run_after=2023-08-31T00:00:00+00:00
[2023-09-01T02:34:31.674+0900] {processor.py:179} INFO - Processing /opt/homebrew/Caskroom/miniforge/base/lib/python3.10/site-packages/airflow/example_dags/example_branch_labels.py took 0.093 seconds
