[2023-09-01T02:29:55.860+0900] {processor.py:157} INFO - Started process (PID=13584) to work on /opt/homebrew/Caskroom/miniforge/base/lib/python3.10/site-packages/airflow/example_dags/example_task_group_decorator.py
[2023-09-01T02:29:55.860+0900] {processor.py:829} INFO - Processing file /opt/homebrew/Caskroom/miniforge/base/lib/python3.10/site-packages/airflow/example_dags/example_task_group_decorator.py for tasks to queue
[2023-09-01T02:29:55.860+0900] {logging_mixin.py:151} INFO - [2023-09-01T02:29:55.860+0900] {dagbag.py:539} INFO - Filling up the DagBag from /opt/homebrew/Caskroom/miniforge/base/lib/python3.10/site-packages/airflow/example_dags/example_task_group_decorator.py
[2023-09-01T02:29:55.881+0900] {processor.py:839} INFO - DAG(s) dict_keys(['example_task_group_decorator']) retrieved from /opt/homebrew/Caskroom/miniforge/base/lib/python3.10/site-packages/airflow/example_dags/example_task_group_decorator.py
[2023-09-01T02:29:56.241+0900] {logging_mixin.py:151} INFO - [2023-09-01T02:29:56.241+0900] {manager.py:501} INFO - Created Permission View: can edit on DAG:example_task_group_decorator
[2023-09-01T02:29:56.244+0900] {logging_mixin.py:151} INFO - [2023-09-01T02:29:56.244+0900] {manager.py:501} INFO - Created Permission View: can delete on DAG:example_task_group_decorator
[2023-09-01T02:29:56.246+0900] {logging_mixin.py:151} INFO - [2023-09-01T02:29:56.246+0900] {manager.py:501} INFO - Created Permission View: can read on DAG:example_task_group_decorator
[2023-09-01T02:29:56.250+0900] {logging_mixin.py:151} INFO - [2023-09-01T02:29:56.249+0900] {dag.py:2907} INFO - Sync 1 DAGs
[2023-09-01T02:29:56.253+0900] {logging_mixin.py:151} INFO - [2023-09-01T02:29:56.253+0900] {dag.py:2929} INFO - Creating ORM DAG for example_task_group_decorator
[2023-09-01T02:29:56.256+0900] {logging_mixin.py:151} INFO - [2023-09-01T02:29:56.255+0900] {dag.py:3677} INFO - Setting next_dagrun for example_task_group_decorator to 2023-08-30T17:29:56.255928+00:00, run_after=2023-08-31T17:29:56.255928+00:00
[2023-09-01T02:29:56.262+0900] {processor.py:179} INFO - Processing /opt/homebrew/Caskroom/miniforge/base/lib/python3.10/site-packages/airflow/example_dags/example_task_group_decorator.py took 0.402 seconds
[2023-09-01T02:31:14.809+0900] {processor.py:157} INFO - Started process (PID=13632) to work on /opt/homebrew/Caskroom/miniforge/base/lib/python3.10/site-packages/airflow/example_dags/example_task_group_decorator.py
[2023-09-01T02:31:14.809+0900] {processor.py:829} INFO - Processing file /opt/homebrew/Caskroom/miniforge/base/lib/python3.10/site-packages/airflow/example_dags/example_task_group_decorator.py for tasks to queue
[2023-09-01T02:31:14.809+0900] {logging_mixin.py:151} INFO - [2023-09-01T02:31:14.809+0900] {dagbag.py:539} INFO - Filling up the DagBag from /opt/homebrew/Caskroom/miniforge/base/lib/python3.10/site-packages/airflow/example_dags/example_task_group_decorator.py
[2023-09-01T02:31:14.830+0900] {processor.py:839} INFO - DAG(s) dict_keys(['example_task_group_decorator']) retrieved from /opt/homebrew/Caskroom/miniforge/base/lib/python3.10/site-packages/airflow/example_dags/example_task_group_decorator.py
[2023-09-01T02:31:14.899+0900] {logging_mixin.py:151} INFO - [2023-09-01T02:31:14.898+0900] {dag.py:2907} INFO - Sync 1 DAGs
[2023-09-01T02:31:14.904+0900] {logging_mixin.py:151} INFO - [2023-09-01T02:31:14.904+0900] {dag.py:3677} INFO - Setting next_dagrun for example_task_group_decorator to 2023-08-30T17:31:14.904882+00:00, run_after=2023-08-31T17:31:14.904882+00:00
[2023-09-01T02:31:14.912+0900] {processor.py:179} INFO - Processing /opt/homebrew/Caskroom/miniforge/base/lib/python3.10/site-packages/airflow/example_dags/example_task_group_decorator.py took 0.103 seconds
[2023-09-01T02:32:25.598+0900] {processor.py:157} INFO - Started process (PID=13702) to work on /opt/homebrew/Caskroom/miniforge/base/lib/python3.10/site-packages/airflow/example_dags/example_task_group_decorator.py
[2023-09-01T02:32:25.599+0900] {processor.py:829} INFO - Processing file /opt/homebrew/Caskroom/miniforge/base/lib/python3.10/site-packages/airflow/example_dags/example_task_group_decorator.py for tasks to queue
[2023-09-01T02:32:25.599+0900] {logging_mixin.py:151} INFO - [2023-09-01T02:32:25.599+0900] {dagbag.py:539} INFO - Filling up the DagBag from /opt/homebrew/Caskroom/miniforge/base/lib/python3.10/site-packages/airflow/example_dags/example_task_group_decorator.py
[2023-09-01T02:32:25.621+0900] {processor.py:839} INFO - DAG(s) dict_keys(['example_task_group_decorator']) retrieved from /opt/homebrew/Caskroom/miniforge/base/lib/python3.10/site-packages/airflow/example_dags/example_task_group_decorator.py
[2023-09-01T02:32:25.688+0900] {logging_mixin.py:151} INFO - [2023-09-01T02:32:25.688+0900] {dag.py:2907} INFO - Sync 1 DAGs
[2023-09-01T02:32:25.694+0900] {logging_mixin.py:151} INFO - [2023-09-01T02:32:25.694+0900] {dag.py:3677} INFO - Setting next_dagrun for example_task_group_decorator to 2023-08-30T17:32:25.694717+00:00, run_after=2023-08-31T17:32:25.694717+00:00
[2023-09-01T02:32:25.701+0900] {processor.py:179} INFO - Processing /opt/homebrew/Caskroom/miniforge/base/lib/python3.10/site-packages/airflow/example_dags/example_task_group_decorator.py took 0.104 seconds
[2023-09-01T02:33:37.633+0900] {processor.py:157} INFO - Started process (PID=13753) to work on /opt/homebrew/Caskroom/miniforge/base/lib/python3.10/site-packages/airflow/example_dags/example_task_group_decorator.py
[2023-09-01T02:33:37.633+0900] {processor.py:829} INFO - Processing file /opt/homebrew/Caskroom/miniforge/base/lib/python3.10/site-packages/airflow/example_dags/example_task_group_decorator.py for tasks to queue
[2023-09-01T02:33:37.634+0900] {logging_mixin.py:151} INFO - [2023-09-01T02:33:37.634+0900] {dagbag.py:539} INFO - Filling up the DagBag from /opt/homebrew/Caskroom/miniforge/base/lib/python3.10/site-packages/airflow/example_dags/example_task_group_decorator.py
[2023-09-01T02:33:37.654+0900] {processor.py:839} INFO - DAG(s) dict_keys(['example_task_group_decorator']) retrieved from /opt/homebrew/Caskroom/miniforge/base/lib/python3.10/site-packages/airflow/example_dags/example_task_group_decorator.py
[2023-09-01T02:33:37.724+0900] {logging_mixin.py:151} INFO - [2023-09-01T02:33:37.724+0900] {dag.py:2907} INFO - Sync 1 DAGs
[2023-09-01T02:33:37.730+0900] {logging_mixin.py:151} INFO - [2023-09-01T02:33:37.730+0900] {dag.py:3677} INFO - Setting next_dagrun for example_task_group_decorator to 2023-08-30T17:33:37.730792+00:00, run_after=2023-08-31T17:33:37.730792+00:00
[2023-09-01T02:33:37.737+0900] {processor.py:179} INFO - Processing /opt/homebrew/Caskroom/miniforge/base/lib/python3.10/site-packages/airflow/example_dags/example_task_group_decorator.py took 0.105 seconds
