[2023-09-01T02:30:21.876+0900] {processor.py:157} INFO - Started process (PID=13599) to work on /opt/homebrew/Caskroom/miniforge/base/lib/python3.10/site-packages/airflow/example_dags/example_params_trigger_ui.py
[2023-09-01T02:30:21.877+0900] {processor.py:829} INFO - Processing file /opt/homebrew/Caskroom/miniforge/base/lib/python3.10/site-packages/airflow/example_dags/example_params_trigger_ui.py for tasks to queue
[2023-09-01T02:30:21.877+0900] {logging_mixin.py:151} INFO - [2023-09-01T02:30:21.877+0900] {dagbag.py:539} INFO - Filling up the DagBag from /opt/homebrew/Caskroom/miniforge/base/lib/python3.10/site-packages/airflow/example_dags/example_params_trigger_ui.py
[2023-09-01T02:30:21.914+0900] {processor.py:839} INFO - DAG(s) dict_keys(['example_params_trigger_ui']) retrieved from /opt/homebrew/Caskroom/miniforge/base/lib/python3.10/site-packages/airflow/example_dags/example_params_trigger_ui.py
[2023-09-01T02:30:22.274+0900] {logging_mixin.py:151} INFO - [2023-09-01T02:30:22.274+0900] {manager.py:501} INFO - Created Permission View: can delete on DAG:example_params_trigger_ui
[2023-09-01T02:30:22.277+0900] {logging_mixin.py:151} INFO - [2023-09-01T02:30:22.277+0900] {manager.py:501} INFO - Created Permission View: can edit on DAG:example_params_trigger_ui
[2023-09-01T02:30:22.279+0900] {logging_mixin.py:151} INFO - [2023-09-01T02:30:22.279+0900] {manager.py:501} INFO - Created Permission View: can read on DAG:example_params_trigger_ui
[2023-09-01T02:30:22.283+0900] {logging_mixin.py:151} INFO - [2023-09-01T02:30:22.283+0900] {dag.py:2907} INFO - Sync 1 DAGs
[2023-09-01T02:30:22.286+0900] {logging_mixin.py:151} INFO - [2023-09-01T02:30:22.286+0900] {dag.py:2929} INFO - Creating ORM DAG for example_params_trigger_ui
[2023-09-01T02:30:22.286+0900] {logging_mixin.py:151} INFO - [2023-09-01T02:30:22.286+0900] {dag.py:3677} INFO - Setting next_dagrun for example_params_trigger_ui to None, run_after=None
[2023-09-01T02:30:22.293+0900] {processor.py:179} INFO - Processing /opt/homebrew/Caskroom/miniforge/base/lib/python3.10/site-packages/airflow/example_dags/example_params_trigger_ui.py took 0.417 seconds
[2023-09-01T02:31:33.904+0900] {processor.py:157} INFO - Started process (PID=13647) to work on /opt/homebrew/Caskroom/miniforge/base/lib/python3.10/site-packages/airflow/example_dags/example_params_trigger_ui.py
[2023-09-01T02:31:33.904+0900] {processor.py:829} INFO - Processing file /opt/homebrew/Caskroom/miniforge/base/lib/python3.10/site-packages/airflow/example_dags/example_params_trigger_ui.py for tasks to queue
[2023-09-01T02:31:33.904+0900] {logging_mixin.py:151} INFO - [2023-09-01T02:31:33.904+0900] {dagbag.py:539} INFO - Filling up the DagBag from /opt/homebrew/Caskroom/miniforge/base/lib/python3.10/site-packages/airflow/example_dags/example_params_trigger_ui.py
[2023-09-01T02:31:33.941+0900] {processor.py:839} INFO - DAG(s) dict_keys(['example_params_trigger_ui']) retrieved from /opt/homebrew/Caskroom/miniforge/base/lib/python3.10/site-packages/airflow/example_dags/example_params_trigger_ui.py
[2023-09-01T02:31:34.001+0900] {logging_mixin.py:151} INFO - [2023-09-01T02:31:34.001+0900] {dag.py:2907} INFO - Sync 1 DAGs
[2023-09-01T02:31:34.004+0900] {logging_mixin.py:151} INFO - [2023-09-01T02:31:34.004+0900] {dag.py:3677} INFO - Setting next_dagrun for example_params_trigger_ui to None, run_after=None
[2023-09-01T02:31:34.011+0900] {processor.py:179} INFO - Processing /opt/homebrew/Caskroom/miniforge/base/lib/python3.10/site-packages/airflow/example_dags/example_params_trigger_ui.py took 0.108 seconds
[2023-09-01T02:32:45.721+0900] {processor.py:157} INFO - Started process (PID=13717) to work on /opt/homebrew/Caskroom/miniforge/base/lib/python3.10/site-packages/airflow/example_dags/example_params_trigger_ui.py
[2023-09-01T02:32:45.722+0900] {processor.py:829} INFO - Processing file /opt/homebrew/Caskroom/miniforge/base/lib/python3.10/site-packages/airflow/example_dags/example_params_trigger_ui.py for tasks to queue
[2023-09-01T02:32:45.723+0900] {logging_mixin.py:151} INFO - [2023-09-01T02:32:45.723+0900] {dagbag.py:539} INFO - Filling up the DagBag from /opt/homebrew/Caskroom/miniforge/base/lib/python3.10/site-packages/airflow/example_dags/example_params_trigger_ui.py
[2023-09-01T02:32:45.759+0900] {processor.py:839} INFO - DAG(s) dict_keys(['example_params_trigger_ui']) retrieved from /opt/homebrew/Caskroom/miniforge/base/lib/python3.10/site-packages/airflow/example_dags/example_params_trigger_ui.py
[2023-09-01T02:32:45.820+0900] {logging_mixin.py:151} INFO - [2023-09-01T02:32:45.820+0900] {dag.py:2907} INFO - Sync 1 DAGs
[2023-09-01T02:32:45.823+0900] {logging_mixin.py:151} INFO - [2023-09-01T02:32:45.823+0900] {dag.py:3677} INFO - Setting next_dagrun for example_params_trigger_ui to None, run_after=None
[2023-09-01T02:32:45.830+0900] {processor.py:179} INFO - Processing /opt/homebrew/Caskroom/miniforge/base/lib/python3.10/site-packages/airflow/example_dags/example_params_trigger_ui.py took 0.109 seconds
[2023-09-01T02:33:57.206+0900] {processor.py:157} INFO - Started process (PID=13768) to work on /opt/homebrew/Caskroom/miniforge/base/lib/python3.10/site-packages/airflow/example_dags/example_params_trigger_ui.py
[2023-09-01T02:33:57.206+0900] {processor.py:829} INFO - Processing file /opt/homebrew/Caskroom/miniforge/base/lib/python3.10/site-packages/airflow/example_dags/example_params_trigger_ui.py for tasks to queue
[2023-09-01T02:33:57.206+0900] {logging_mixin.py:151} INFO - [2023-09-01T02:33:57.206+0900] {dagbag.py:539} INFO - Filling up the DagBag from /opt/homebrew/Caskroom/miniforge/base/lib/python3.10/site-packages/airflow/example_dags/example_params_trigger_ui.py
[2023-09-01T02:33:57.249+0900] {processor.py:839} INFO - DAG(s) dict_keys(['example_params_trigger_ui']) retrieved from /opt/homebrew/Caskroom/miniforge/base/lib/python3.10/site-packages/airflow/example_dags/example_params_trigger_ui.py
[2023-09-01T02:33:57.320+0900] {logging_mixin.py:151} INFO - [2023-09-01T02:33:57.320+0900] {dag.py:2907} INFO - Sync 1 DAGs
[2023-09-01T02:33:57.325+0900] {logging_mixin.py:151} INFO - [2023-09-01T02:33:57.325+0900] {dag.py:3677} INFO - Setting next_dagrun for example_params_trigger_ui to None, run_after=None
[2023-09-01T02:33:57.332+0900] {processor.py:179} INFO - Processing /opt/homebrew/Caskroom/miniforge/base/lib/python3.10/site-packages/airflow/example_dags/example_params_trigger_ui.py took 0.127 seconds
