[2023-09-01T02:30:07.780+0900] {processor.py:157} INFO - Started process (PID=13592) to work on /opt/homebrew/Caskroom/miniforge/base/lib/python3.10/site-packages/airflow/example_dags/example_setup_teardown_taskflow.py
[2023-09-01T02:30:07.781+0900] {processor.py:829} INFO - Processing file /opt/homebrew/Caskroom/miniforge/base/lib/python3.10/site-packages/airflow/example_dags/example_setup_teardown_taskflow.py for tasks to queue
[2023-09-01T02:30:07.781+0900] {logging_mixin.py:151} INFO - [2023-09-01T02:30:07.781+0900] {dagbag.py:539} INFO - Filling up the DagBag from /opt/homebrew/Caskroom/miniforge/base/lib/python3.10/site-packages/airflow/example_dags/example_setup_teardown_taskflow.py
[2023-09-01T02:30:07.801+0900] {processor.py:839} INFO - DAG(s) dict_keys(['example_setup_teardown_taskflow']) retrieved from /opt/homebrew/Caskroom/miniforge/base/lib/python3.10/site-packages/airflow/example_dags/example_setup_teardown_taskflow.py
[2023-09-01T02:30:08.165+0900] {logging_mixin.py:151} INFO - [2023-09-01T02:30:08.165+0900] {manager.py:501} INFO - Created Permission View: can delete on DAG:example_setup_teardown_taskflow
[2023-09-01T02:30:08.168+0900] {logging_mixin.py:151} INFO - [2023-09-01T02:30:08.168+0900] {manager.py:501} INFO - Created Permission View: can read on DAG:example_setup_teardown_taskflow
[2023-09-01T02:30:08.170+0900] {logging_mixin.py:151} INFO - [2023-09-01T02:30:08.170+0900] {manager.py:501} INFO - Created Permission View: can edit on DAG:example_setup_teardown_taskflow
[2023-09-01T02:30:08.173+0900] {logging_mixin.py:151} INFO - [2023-09-01T02:30:08.173+0900] {dag.py:2907} INFO - Sync 1 DAGs
[2023-09-01T02:30:08.177+0900] {logging_mixin.py:151} INFO - [2023-09-01T02:30:08.176+0900] {dag.py:2929} INFO - Creating ORM DAG for example_setup_teardown_taskflow
[2023-09-01T02:30:08.179+0900] {logging_mixin.py:151} INFO - [2023-09-01T02:30:08.179+0900] {dag.py:3677} INFO - Setting next_dagrun for example_setup_teardown_taskflow to 2023-08-30T17:30:08.179754+00:00, run_after=2023-08-31T17:30:08.179754+00:00
[2023-09-01T02:30:08.186+0900] {processor.py:179} INFO - Processing /opt/homebrew/Caskroom/miniforge/base/lib/python3.10/site-packages/airflow/example_dags/example_setup_teardown_taskflow.py took 0.406 seconds
[2023-09-01T02:31:24.427+0900] {processor.py:157} INFO - Started process (PID=13640) to work on /opt/homebrew/Caskroom/miniforge/base/lib/python3.10/site-packages/airflow/example_dags/example_setup_teardown_taskflow.py
[2023-09-01T02:31:24.427+0900] {processor.py:829} INFO - Processing file /opt/homebrew/Caskroom/miniforge/base/lib/python3.10/site-packages/airflow/example_dags/example_setup_teardown_taskflow.py for tasks to queue
[2023-09-01T02:31:24.428+0900] {logging_mixin.py:151} INFO - [2023-09-01T02:31:24.428+0900] {dagbag.py:539} INFO - Filling up the DagBag from /opt/homebrew/Caskroom/miniforge/base/lib/python3.10/site-packages/airflow/example_dags/example_setup_teardown_taskflow.py
[2023-09-01T02:31:24.447+0900] {processor.py:839} INFO - DAG(s) dict_keys(['example_setup_teardown_taskflow']) retrieved from /opt/homebrew/Caskroom/miniforge/base/lib/python3.10/site-packages/airflow/example_dags/example_setup_teardown_taskflow.py
[2023-09-01T02:31:24.514+0900] {logging_mixin.py:151} INFO - [2023-09-01T02:31:24.514+0900] {dag.py:2907} INFO - Sync 1 DAGs
[2023-09-01T02:31:24.520+0900] {logging_mixin.py:151} INFO - [2023-09-01T02:31:24.520+0900] {dag.py:3677} INFO - Setting next_dagrun for example_setup_teardown_taskflow to 2023-08-30T17:31:24.520059+00:00, run_after=2023-08-31T17:31:24.520059+00:00
[2023-09-01T02:31:24.527+0900] {processor.py:179} INFO - Processing /opt/homebrew/Caskroom/miniforge/base/lib/python3.10/site-packages/airflow/example_dags/example_setup_teardown_taskflow.py took 0.100 seconds
[2023-09-01T02:32:36.062+0900] {processor.py:157} INFO - Started process (PID=13709) to work on /opt/homebrew/Caskroom/miniforge/base/lib/python3.10/site-packages/airflow/example_dags/example_setup_teardown_taskflow.py
[2023-09-01T02:32:36.063+0900] {processor.py:829} INFO - Processing file /opt/homebrew/Caskroom/miniforge/base/lib/python3.10/site-packages/airflow/example_dags/example_setup_teardown_taskflow.py for tasks to queue
[2023-09-01T02:32:36.063+0900] {logging_mixin.py:151} INFO - [2023-09-01T02:32:36.063+0900] {dagbag.py:539} INFO - Filling up the DagBag from /opt/homebrew/Caskroom/miniforge/base/lib/python3.10/site-packages/airflow/example_dags/example_setup_teardown_taskflow.py
[2023-09-01T02:32:36.083+0900] {processor.py:839} INFO - DAG(s) dict_keys(['example_setup_teardown_taskflow']) retrieved from /opt/homebrew/Caskroom/miniforge/base/lib/python3.10/site-packages/airflow/example_dags/example_setup_teardown_taskflow.py
[2023-09-01T02:32:36.150+0900] {logging_mixin.py:151} INFO - [2023-09-01T02:32:36.150+0900] {dag.py:2907} INFO - Sync 1 DAGs
[2023-09-01T02:32:36.156+0900] {logging_mixin.py:151} INFO - [2023-09-01T02:32:36.156+0900] {dag.py:3677} INFO - Setting next_dagrun for example_setup_teardown_taskflow to 2023-08-30T17:32:36.156151+00:00, run_after=2023-08-31T17:32:36.156151+00:00
[2023-09-01T02:32:36.163+0900] {processor.py:179} INFO - Processing /opt/homebrew/Caskroom/miniforge/base/lib/python3.10/site-packages/airflow/example_dags/example_setup_teardown_taskflow.py took 0.101 seconds
[2023-09-01T02:33:47.194+0900] {processor.py:157} INFO - Started process (PID=13761) to work on /opt/homebrew/Caskroom/miniforge/base/lib/python3.10/site-packages/airflow/example_dags/example_setup_teardown_taskflow.py
[2023-09-01T02:33:47.195+0900] {processor.py:829} INFO - Processing file /opt/homebrew/Caskroom/miniforge/base/lib/python3.10/site-packages/airflow/example_dags/example_setup_teardown_taskflow.py for tasks to queue
[2023-09-01T02:33:47.195+0900] {logging_mixin.py:151} INFO - [2023-09-01T02:33:47.195+0900] {dagbag.py:539} INFO - Filling up the DagBag from /opt/homebrew/Caskroom/miniforge/base/lib/python3.10/site-packages/airflow/example_dags/example_setup_teardown_taskflow.py
[2023-09-01T02:33:47.214+0900] {processor.py:839} INFO - DAG(s) dict_keys(['example_setup_teardown_taskflow']) retrieved from /opt/homebrew/Caskroom/miniforge/base/lib/python3.10/site-packages/airflow/example_dags/example_setup_teardown_taskflow.py
[2023-09-01T02:33:47.282+0900] {logging_mixin.py:151} INFO - [2023-09-01T02:33:47.282+0900] {dag.py:2907} INFO - Sync 1 DAGs
[2023-09-01T02:33:47.288+0900] {logging_mixin.py:151} INFO - [2023-09-01T02:33:47.288+0900] {dag.py:3677} INFO - Setting next_dagrun for example_setup_teardown_taskflow to 2023-08-30T17:33:47.288362+00:00, run_after=2023-08-31T17:33:47.288362+00:00
[2023-09-01T02:33:47.295+0900] {processor.py:179} INFO - Processing /opt/homebrew/Caskroom/miniforge/base/lib/python3.10/site-packages/airflow/example_dags/example_setup_teardown_taskflow.py took 0.101 seconds
