[2023-09-01T02:30:47.394+0900] {processor.py:157} INFO - Started process (PID=13613) to work on /opt/homebrew/Caskroom/miniforge/base/lib/python3.10/site-packages/airflow/example_dags/example_branch_operator.py
[2023-09-01T02:30:47.395+0900] {processor.py:829} INFO - Processing file /opt/homebrew/Caskroom/miniforge/base/lib/python3.10/site-packages/airflow/example_dags/example_branch_operator.py for tasks to queue
[2023-09-01T02:30:47.395+0900] {logging_mixin.py:151} INFO - [2023-09-01T02:30:47.395+0900] {dagbag.py:539} INFO - Filling up the DagBag from /opt/homebrew/Caskroom/miniforge/base/lib/python3.10/site-packages/airflow/example_dags/example_branch_operator.py
[2023-09-01T02:30:47.408+0900] {processor.py:839} INFO - DAG(s) dict_keys(['example_branch_operator']) retrieved from /opt/homebrew/Caskroom/miniforge/base/lib/python3.10/site-packages/airflow/example_dags/example_branch_operator.py
[2023-09-01T02:30:47.770+0900] {logging_mixin.py:151} INFO - [2023-09-01T02:30:47.770+0900] {manager.py:501} INFO - Created Permission View: can edit on DAG:example_branch_operator
[2023-09-01T02:30:47.773+0900] {logging_mixin.py:151} INFO - [2023-09-01T02:30:47.773+0900] {manager.py:501} INFO - Created Permission View: can delete on DAG:example_branch_operator
[2023-09-01T02:30:47.775+0900] {logging_mixin.py:151} INFO - [2023-09-01T02:30:47.775+0900] {manager.py:501} INFO - Created Permission View: can read on DAG:example_branch_operator
[2023-09-01T02:30:47.779+0900] {logging_mixin.py:151} INFO - [2023-09-01T02:30:47.778+0900] {dag.py:2907} INFO - Sync 1 DAGs
[2023-09-01T02:30:47.782+0900] {logging_mixin.py:151} INFO - [2023-09-01T02:30:47.782+0900] {dag.py:2929} INFO - Creating ORM DAG for example_branch_operator
[2023-09-01T02:30:47.785+0900] {logging_mixin.py:151} INFO - [2023-09-01T02:30:47.785+0900] {dag.py:3677} INFO - Setting next_dagrun for example_branch_operator to 2023-08-30T00:00:00+00:00, run_after=2023-08-31T00:00:00+00:00
[2023-09-01T02:30:47.791+0900] {processor.py:179} INFO - Processing /opt/homebrew/Caskroom/miniforge/base/lib/python3.10/site-packages/airflow/example_dags/example_branch_operator.py took 0.397 seconds
[2023-09-01T02:32:07.016+0900] {processor.py:157} INFO - Started process (PID=13689) to work on /opt/homebrew/Caskroom/miniforge/base/lib/python3.10/site-packages/airflow/example_dags/example_branch_operator.py
[2023-09-01T02:32:07.017+0900] {processor.py:829} INFO - Processing file /opt/homebrew/Caskroom/miniforge/base/lib/python3.10/site-packages/airflow/example_dags/example_branch_operator.py for tasks to queue
[2023-09-01T02:32:07.018+0900] {logging_mixin.py:151} INFO - [2023-09-01T02:32:07.017+0900] {dagbag.py:539} INFO - Filling up the DagBag from /opt/homebrew/Caskroom/miniforge/base/lib/python3.10/site-packages/airflow/example_dags/example_branch_operator.py
[2023-09-01T02:32:07.032+0900] {processor.py:839} INFO - DAG(s) dict_keys(['example_branch_operator']) retrieved from /opt/homebrew/Caskroom/miniforge/base/lib/python3.10/site-packages/airflow/example_dags/example_branch_operator.py
[2023-09-01T02:32:07.102+0900] {logging_mixin.py:151} INFO - [2023-09-01T02:32:07.102+0900] {dag.py:2907} INFO - Sync 1 DAGs
[2023-09-01T02:32:07.108+0900] {logging_mixin.py:151} INFO - [2023-09-01T02:32:07.108+0900] {dag.py:3677} INFO - Setting next_dagrun for example_branch_operator to 2023-08-30T00:00:00+00:00, run_after=2023-08-31T00:00:00+00:00
[2023-09-01T02:32:07.118+0900] {processor.py:179} INFO - Processing /opt/homebrew/Caskroom/miniforge/base/lib/python3.10/site-packages/airflow/example_dags/example_branch_operator.py took 0.102 seconds
[2023-09-01T02:33:19.226+0900] {processor.py:157} INFO - Started process (PID=13740) to work on /opt/homebrew/Caskroom/miniforge/base/lib/python3.10/site-packages/airflow/example_dags/example_branch_operator.py
[2023-09-01T02:33:19.226+0900] {processor.py:829} INFO - Processing file /opt/homebrew/Caskroom/miniforge/base/lib/python3.10/site-packages/airflow/example_dags/example_branch_operator.py for tasks to queue
[2023-09-01T02:33:19.226+0900] {logging_mixin.py:151} INFO - [2023-09-01T02:33:19.226+0900] {dagbag.py:539} INFO - Filling up the DagBag from /opt/homebrew/Caskroom/miniforge/base/lib/python3.10/site-packages/airflow/example_dags/example_branch_operator.py
[2023-09-01T02:33:19.240+0900] {processor.py:839} INFO - DAG(s) dict_keys(['example_branch_operator']) retrieved from /opt/homebrew/Caskroom/miniforge/base/lib/python3.10/site-packages/airflow/example_dags/example_branch_operator.py
[2023-09-01T02:33:19.310+0900] {logging_mixin.py:151} INFO - [2023-09-01T02:33:19.310+0900] {dag.py:2907} INFO - Sync 1 DAGs
[2023-09-01T02:33:19.316+0900] {logging_mixin.py:151} INFO - [2023-09-01T02:33:19.316+0900] {dag.py:3677} INFO - Setting next_dagrun for example_branch_operator to 2023-08-30T00:00:00+00:00, run_after=2023-08-31T00:00:00+00:00
[2023-09-01T02:33:19.323+0900] {processor.py:179} INFO - Processing /opt/homebrew/Caskroom/miniforge/base/lib/python3.10/site-packages/airflow/example_dags/example_branch_operator.py took 0.098 seconds
[2023-09-01T02:34:30.137+0900] {processor.py:157} INFO - Started process (PID=13792) to work on /opt/homebrew/Caskroom/miniforge/base/lib/python3.10/site-packages/airflow/example_dags/example_branch_operator.py
[2023-09-01T02:34:30.137+0900] {processor.py:829} INFO - Processing file /opt/homebrew/Caskroom/miniforge/base/lib/python3.10/site-packages/airflow/example_dags/example_branch_operator.py for tasks to queue
[2023-09-01T02:34:30.137+0900] {logging_mixin.py:151} INFO - [2023-09-01T02:34:30.137+0900] {dagbag.py:539} INFO - Filling up the DagBag from /opt/homebrew/Caskroom/miniforge/base/lib/python3.10/site-packages/airflow/example_dags/example_branch_operator.py
[2023-09-01T02:34:30.152+0900] {processor.py:839} INFO - DAG(s) dict_keys(['example_branch_operator']) retrieved from /opt/homebrew/Caskroom/miniforge/base/lib/python3.10/site-packages/airflow/example_dags/example_branch_operator.py
[2023-09-01T02:34:30.224+0900] {logging_mixin.py:151} INFO - [2023-09-01T02:34:30.224+0900] {dag.py:2907} INFO - Sync 1 DAGs
[2023-09-01T02:34:30.231+0900] {logging_mixin.py:151} INFO - [2023-09-01T02:34:30.231+0900] {dag.py:3677} INFO - Setting next_dagrun for example_branch_operator to 2023-08-30T00:00:00+00:00, run_after=2023-08-31T00:00:00+00:00
[2023-09-01T02:34:30.238+0900] {processor.py:179} INFO - Processing /opt/homebrew/Caskroom/miniforge/base/lib/python3.10/site-packages/airflow/example_dags/example_branch_operator.py took 0.102 seconds
