[2023-09-01T02:30:25.880+0900] {processor.py:157} INFO - Started process (PID=13601) to work on /opt/homebrew/Caskroom/miniforge/base/lib/python3.10/site-packages/airflow/example_dags/example_local_kubernetes_executor.py
[2023-09-01T02:30:25.880+0900] {processor.py:829} INFO - Processing file /opt/homebrew/Caskroom/miniforge/base/lib/python3.10/site-packages/airflow/example_dags/example_local_kubernetes_executor.py for tasks to queue
[2023-09-01T02:30:25.881+0900] {logging_mixin.py:151} INFO - [2023-09-01T02:30:25.881+0900] {dagbag.py:539} INFO - Filling up the DagBag from /opt/homebrew/Caskroom/miniforge/base/lib/python3.10/site-packages/airflow/example_dags/example_local_kubernetes_executor.py
[2023-09-01T02:30:25.896+0900] {logging_mixin.py:151} INFO - [2023-09-01T02:30:25.896+0900] {example_local_kubernetes_executor.py:39} WARNING - Could not import DAGs in example_local_kubernetes_executor.py
Traceback (most recent call last):
  File "/opt/homebrew/Caskroom/miniforge/base/lib/python3.10/site-packages/airflow/example_dags/example_local_kubernetes_executor.py", line 37, in <module>
    from kubernetes.client import models as k8s
ModuleNotFoundError: No module named 'kubernetes'
[2023-09-01T02:30:25.896+0900] {logging_mixin.py:151} INFO - [2023-09-01T02:30:25.896+0900] {example_local_kubernetes_executor.py:40} WARNING - Install Kubernetes dependencies with: pip install apache-airflow[cncf.kubernetes]
[2023-09-01T02:30:25.897+0900] {processor.py:841} WARNING - No viable dags retrieved from /opt/homebrew/Caskroom/miniforge/base/lib/python3.10/site-packages/airflow/example_dags/example_local_kubernetes_executor.py
[2023-09-01T02:30:25.938+0900] {processor.py:179} INFO - Processing /opt/homebrew/Caskroom/miniforge/base/lib/python3.10/site-packages/airflow/example_dags/example_local_kubernetes_executor.py took 0.058 seconds
[2023-09-01T02:31:37.182+0900] {processor.py:157} INFO - Started process (PID=13649) to work on /opt/homebrew/Caskroom/miniforge/base/lib/python3.10/site-packages/airflow/example_dags/example_local_kubernetes_executor.py
[2023-09-01T02:31:37.182+0900] {processor.py:829} INFO - Processing file /opt/homebrew/Caskroom/miniforge/base/lib/python3.10/site-packages/airflow/example_dags/example_local_kubernetes_executor.py for tasks to queue
[2023-09-01T02:31:37.182+0900] {logging_mixin.py:151} INFO - [2023-09-01T02:31:37.182+0900] {dagbag.py:539} INFO - Filling up the DagBag from /opt/homebrew/Caskroom/miniforge/base/lib/python3.10/site-packages/airflow/example_dags/example_local_kubernetes_executor.py
[2023-09-01T02:31:37.201+0900] {logging_mixin.py:151} INFO - [2023-09-01T02:31:37.200+0900] {example_local_kubernetes_executor.py:39} WARNING - Could not import DAGs in example_local_kubernetes_executor.py
Traceback (most recent call last):
  File "/opt/homebrew/Caskroom/miniforge/base/lib/python3.10/site-packages/airflow/example_dags/example_local_kubernetes_executor.py", line 37, in <module>
    from kubernetes.client import models as k8s
ModuleNotFoundError: No module named 'kubernetes'
[2023-09-01T02:31:37.201+0900] {logging_mixin.py:151} INFO - [2023-09-01T02:31:37.201+0900] {example_local_kubernetes_executor.py:40} WARNING - Install Kubernetes dependencies with: pip install apache-airflow[cncf.kubernetes]
[2023-09-01T02:31:37.201+0900] {processor.py:841} WARNING - No viable dags retrieved from /opt/homebrew/Caskroom/miniforge/base/lib/python3.10/site-packages/airflow/example_dags/example_local_kubernetes_executor.py
[2023-09-01T02:31:37.249+0900] {processor.py:179} INFO - Processing /opt/homebrew/Caskroom/miniforge/base/lib/python3.10/site-packages/airflow/example_dags/example_local_kubernetes_executor.py took 0.068 seconds
[2023-09-01T02:32:49.065+0900] {processor.py:157} INFO - Started process (PID=13719) to work on /opt/homebrew/Caskroom/miniforge/base/lib/python3.10/site-packages/airflow/example_dags/example_local_kubernetes_executor.py
[2023-09-01T02:32:49.066+0900] {processor.py:829} INFO - Processing file /opt/homebrew/Caskroom/miniforge/base/lib/python3.10/site-packages/airflow/example_dags/example_local_kubernetes_executor.py for tasks to queue
[2023-09-01T02:32:49.066+0900] {logging_mixin.py:151} INFO - [2023-09-01T02:32:49.066+0900] {dagbag.py:539} INFO - Filling up the DagBag from /opt/homebrew/Caskroom/miniforge/base/lib/python3.10/site-packages/airflow/example_dags/example_local_kubernetes_executor.py
[2023-09-01T02:32:49.082+0900] {logging_mixin.py:151} INFO - [2023-09-01T02:32:49.082+0900] {example_local_kubernetes_executor.py:39} WARNING - Could not import DAGs in example_local_kubernetes_executor.py
Traceback (most recent call last):
  File "/opt/homebrew/Caskroom/miniforge/base/lib/python3.10/site-packages/airflow/example_dags/example_local_kubernetes_executor.py", line 37, in <module>
    from kubernetes.client import models as k8s
ModuleNotFoundError: No module named 'kubernetes'
[2023-09-01T02:32:49.082+0900] {logging_mixin.py:151} INFO - [2023-09-01T02:32:49.082+0900] {example_local_kubernetes_executor.py:40} WARNING - Install Kubernetes dependencies with: pip install apache-airflow[cncf.kubernetes]
[2023-09-01T02:32:49.082+0900] {processor.py:841} WARNING - No viable dags retrieved from /opt/homebrew/Caskroom/miniforge/base/lib/python3.10/site-packages/airflow/example_dags/example_local_kubernetes_executor.py
[2023-09-01T02:32:49.123+0900] {processor.py:179} INFO - Processing /opt/homebrew/Caskroom/miniforge/base/lib/python3.10/site-packages/airflow/example_dags/example_local_kubernetes_executor.py took 0.059 seconds
[2023-09-01T02:34:00.020+0900] {processor.py:157} INFO - Started process (PID=13770) to work on /opt/homebrew/Caskroom/miniforge/base/lib/python3.10/site-packages/airflow/example_dags/example_local_kubernetes_executor.py
[2023-09-01T02:34:00.021+0900] {processor.py:829} INFO - Processing file /opt/homebrew/Caskroom/miniforge/base/lib/python3.10/site-packages/airflow/example_dags/example_local_kubernetes_executor.py for tasks to queue
[2023-09-01T02:34:00.021+0900] {logging_mixin.py:151} INFO - [2023-09-01T02:34:00.021+0900] {dagbag.py:539} INFO - Filling up the DagBag from /opt/homebrew/Caskroom/miniforge/base/lib/python3.10/site-packages/airflow/example_dags/example_local_kubernetes_executor.py
[2023-09-01T02:34:00.037+0900] {logging_mixin.py:151} INFO - [2023-09-01T02:34:00.036+0900] {example_local_kubernetes_executor.py:39} WARNING - Could not import DAGs in example_local_kubernetes_executor.py
Traceback (most recent call last):
  File "/opt/homebrew/Caskroom/miniforge/base/lib/python3.10/site-packages/airflow/example_dags/example_local_kubernetes_executor.py", line 37, in <module>
    from kubernetes.client import models as k8s
ModuleNotFoundError: No module named 'kubernetes'
[2023-09-01T02:34:00.037+0900] {logging_mixin.py:151} INFO - [2023-09-01T02:34:00.037+0900] {example_local_kubernetes_executor.py:40} WARNING - Install Kubernetes dependencies with: pip install apache-airflow[cncf.kubernetes]
[2023-09-01T02:34:00.037+0900] {processor.py:841} WARNING - No viable dags retrieved from /opt/homebrew/Caskroom/miniforge/base/lib/python3.10/site-packages/airflow/example_dags/example_local_kubernetes_executor.py
[2023-09-01T02:34:00.078+0900] {processor.py:179} INFO - Processing /opt/homebrew/Caskroom/miniforge/base/lib/python3.10/site-packages/airflow/example_dags/example_local_kubernetes_executor.py took 0.058 seconds
