[2023-09-01T02:29:49.867+0900] {processor.py:157} INFO - Started process (PID=13581) to work on /opt/homebrew/Caskroom/miniforge/base/lib/python3.10/site-packages/airflow/example_dags/example_trigger_target_dag.py
[2023-09-01T02:29:49.868+0900] {processor.py:829} INFO - Processing file /opt/homebrew/Caskroom/miniforge/base/lib/python3.10/site-packages/airflow/example_dags/example_trigger_target_dag.py for tasks to queue
[2023-09-01T02:29:49.868+0900] {logging_mixin.py:151} INFO - [2023-09-01T02:29:49.868+0900] {dagbag.py:539} INFO - Filling up the DagBag from /opt/homebrew/Caskroom/miniforge/base/lib/python3.10/site-packages/airflow/example_dags/example_trigger_target_dag.py
[2023-09-01T02:29:49.886+0900] {processor.py:839} INFO - DAG(s) dict_keys(['example_trigger_target_dag']) retrieved from /opt/homebrew/Caskroom/miniforge/base/lib/python3.10/site-packages/airflow/example_dags/example_trigger_target_dag.py
[2023-09-01T02:29:50.244+0900] {logging_mixin.py:151} INFO - [2023-09-01T02:29:50.244+0900] {manager.py:501} INFO - Created Permission View: can read on DAG:example_trigger_target_dag
[2023-09-01T02:29:50.247+0900] {logging_mixin.py:151} INFO - [2023-09-01T02:29:50.247+0900] {manager.py:501} INFO - Created Permission View: can delete on DAG:example_trigger_target_dag
[2023-09-01T02:29:50.249+0900] {logging_mixin.py:151} INFO - [2023-09-01T02:29:50.249+0900] {manager.py:501} INFO - Created Permission View: can edit on DAG:example_trigger_target_dag
[2023-09-01T02:29:50.253+0900] {logging_mixin.py:151} INFO - [2023-09-01T02:29:50.253+0900] {dag.py:2907} INFO - Sync 1 DAGs
[2023-09-01T02:29:50.256+0900] {logging_mixin.py:151} INFO - [2023-09-01T02:29:50.256+0900] {dag.py:2929} INFO - Creating ORM DAG for example_trigger_target_dag
[2023-09-01T02:29:50.256+0900] {logging_mixin.py:151} INFO - [2023-09-01T02:29:50.256+0900] {dag.py:3677} INFO - Setting next_dagrun for example_trigger_target_dag to None, run_after=None
[2023-09-01T02:29:50.262+0900] {processor.py:179} INFO - Processing /opt/homebrew/Caskroom/miniforge/base/lib/python3.10/site-packages/airflow/example_dags/example_trigger_target_dag.py took 0.395 seconds
[2023-09-01T02:31:09.951+0900] {processor.py:157} INFO - Started process (PID=13629) to work on /opt/homebrew/Caskroom/miniforge/base/lib/python3.10/site-packages/airflow/example_dags/example_trigger_target_dag.py
[2023-09-01T02:31:09.952+0900] {processor.py:829} INFO - Processing file /opt/homebrew/Caskroom/miniforge/base/lib/python3.10/site-packages/airflow/example_dags/example_trigger_target_dag.py for tasks to queue
[2023-09-01T02:31:09.952+0900] {logging_mixin.py:151} INFO - [2023-09-01T02:31:09.952+0900] {dagbag.py:539} INFO - Filling up the DagBag from /opt/homebrew/Caskroom/miniforge/base/lib/python3.10/site-packages/airflow/example_dags/example_trigger_target_dag.py
[2023-09-01T02:31:09.970+0900] {processor.py:839} INFO - DAG(s) dict_keys(['example_trigger_target_dag']) retrieved from /opt/homebrew/Caskroom/miniforge/base/lib/python3.10/site-packages/airflow/example_dags/example_trigger_target_dag.py
[2023-09-01T02:31:10.037+0900] {logging_mixin.py:151} INFO - [2023-09-01T02:31:10.037+0900] {dag.py:2907} INFO - Sync 1 DAGs
[2023-09-01T02:31:10.040+0900] {logging_mixin.py:151} INFO - [2023-09-01T02:31:10.040+0900] {dag.py:3677} INFO - Setting next_dagrun for example_trigger_target_dag to None, run_after=None
[2023-09-01T02:31:10.047+0900] {processor.py:179} INFO - Processing /opt/homebrew/Caskroom/miniforge/base/lib/python3.10/site-packages/airflow/example_dags/example_trigger_target_dag.py took 0.096 seconds
[2023-09-01T02:32:22.680+0900] {processor.py:157} INFO - Started process (PID=13699) to work on /opt/homebrew/Caskroom/miniforge/base/lib/python3.10/site-packages/airflow/example_dags/example_trigger_target_dag.py
[2023-09-01T02:32:22.681+0900] {processor.py:829} INFO - Processing file /opt/homebrew/Caskroom/miniforge/base/lib/python3.10/site-packages/airflow/example_dags/example_trigger_target_dag.py for tasks to queue
[2023-09-01T02:32:22.682+0900] {logging_mixin.py:151} INFO - [2023-09-01T02:32:22.681+0900] {dagbag.py:539} INFO - Filling up the DagBag from /opt/homebrew/Caskroom/miniforge/base/lib/python3.10/site-packages/airflow/example_dags/example_trigger_target_dag.py
[2023-09-01T02:32:22.700+0900] {processor.py:839} INFO - DAG(s) dict_keys(['example_trigger_target_dag']) retrieved from /opt/homebrew/Caskroom/miniforge/base/lib/python3.10/site-packages/airflow/example_dags/example_trigger_target_dag.py
[2023-09-01T02:32:22.767+0900] {logging_mixin.py:151} INFO - [2023-09-01T02:32:22.767+0900] {dag.py:2907} INFO - Sync 1 DAGs
[2023-09-01T02:32:22.770+0900] {logging_mixin.py:151} INFO - [2023-09-01T02:32:22.770+0900] {dag.py:3677} INFO - Setting next_dagrun for example_trigger_target_dag to None, run_after=None
[2023-09-01T02:32:22.777+0900] {processor.py:179} INFO - Processing /opt/homebrew/Caskroom/miniforge/base/lib/python3.10/site-packages/airflow/example_dags/example_trigger_target_dag.py took 0.097 seconds
[2023-09-01T02:33:33.614+0900] {processor.py:157} INFO - Started process (PID=13750) to work on /opt/homebrew/Caskroom/miniforge/base/lib/python3.10/site-packages/airflow/example_dags/example_trigger_target_dag.py
[2023-09-01T02:33:33.614+0900] {processor.py:829} INFO - Processing file /opt/homebrew/Caskroom/miniforge/base/lib/python3.10/site-packages/airflow/example_dags/example_trigger_target_dag.py for tasks to queue
[2023-09-01T02:33:33.614+0900] {logging_mixin.py:151} INFO - [2023-09-01T02:33:33.614+0900] {dagbag.py:539} INFO - Filling up the DagBag from /opt/homebrew/Caskroom/miniforge/base/lib/python3.10/site-packages/airflow/example_dags/example_trigger_target_dag.py
[2023-09-01T02:33:33.633+0900] {processor.py:839} INFO - DAG(s) dict_keys(['example_trigger_target_dag']) retrieved from /opt/homebrew/Caskroom/miniforge/base/lib/python3.10/site-packages/airflow/example_dags/example_trigger_target_dag.py
[2023-09-01T02:33:33.701+0900] {logging_mixin.py:151} INFO - [2023-09-01T02:33:33.701+0900] {dag.py:2907} INFO - Sync 1 DAGs
[2023-09-01T02:33:33.705+0900] {logging_mixin.py:151} INFO - [2023-09-01T02:33:33.704+0900] {dag.py:3677} INFO - Setting next_dagrun for example_trigger_target_dag to None, run_after=None
[2023-09-01T02:33:33.711+0900] {processor.py:179} INFO - Processing /opt/homebrew/Caskroom/miniforge/base/lib/python3.10/site-packages/airflow/example_dags/example_trigger_target_dag.py took 0.098 seconds
[2023-09-01T02:34:44.067+0900] {processor.py:157} INFO - Started process (PID=13807) to work on /opt/homebrew/Caskroom/miniforge/base/lib/python3.10/site-packages/airflow/example_dags/example_trigger_target_dag.py
[2023-09-01T02:34:44.067+0900] {processor.py:829} INFO - Processing file /opt/homebrew/Caskroom/miniforge/base/lib/python3.10/site-packages/airflow/example_dags/example_trigger_target_dag.py for tasks to queue
[2023-09-01T02:34:44.068+0900] {logging_mixin.py:151} INFO - [2023-09-01T02:34:44.068+0900] {dagbag.py:539} INFO - Filling up the DagBag from /opt/homebrew/Caskroom/miniforge/base/lib/python3.10/site-packages/airflow/example_dags/example_trigger_target_dag.py
[2023-09-01T02:34:44.087+0900] {processor.py:839} INFO - DAG(s) dict_keys(['example_trigger_target_dag']) retrieved from /opt/homebrew/Caskroom/miniforge/base/lib/python3.10/site-packages/airflow/example_dags/example_trigger_target_dag.py
[2023-09-01T02:34:44.157+0900] {logging_mixin.py:151} INFO - [2023-09-01T02:34:44.157+0900] {dag.py:2907} INFO - Sync 1 DAGs
[2023-09-01T02:34:44.161+0900] {logging_mixin.py:151} INFO - [2023-09-01T02:34:44.161+0900] {dag.py:3677} INFO - Setting next_dagrun for example_trigger_target_dag to None, run_after=None
[2023-09-01T02:34:44.168+0900] {processor.py:179} INFO - Processing /opt/homebrew/Caskroom/miniforge/base/lib/python3.10/site-packages/airflow/example_dags/example_trigger_target_dag.py took 0.101 seconds
