[2023-09-01T02:29:53.947+0900] {processor.py:157} INFO - Started process (PID=13583) to work on /opt/homebrew/Caskroom/miniforge/base/lib/python3.10/site-packages/airflow/example_dags/example_time_delta_sensor_async.py
[2023-09-01T02:29:53.947+0900] {processor.py:829} INFO - Processing file /opt/homebrew/Caskroom/miniforge/base/lib/python3.10/site-packages/airflow/example_dags/example_time_delta_sensor_async.py for tasks to queue
[2023-09-01T02:29:53.947+0900] {logging_mixin.py:151} INFO - [2023-09-01T02:29:53.947+0900] {dagbag.py:539} INFO - Filling up the DagBag from /opt/homebrew/Caskroom/miniforge/base/lib/python3.10/site-packages/airflow/example_dags/example_time_delta_sensor_async.py
[2023-09-01T02:29:53.955+0900] {processor.py:839} INFO - DAG(s) dict_keys(['example_time_delta_sensor_async']) retrieved from /opt/homebrew/Caskroom/miniforge/base/lib/python3.10/site-packages/airflow/example_dags/example_time_delta_sensor_async.py
[2023-09-01T02:29:54.330+0900] {logging_mixin.py:151} INFO - [2023-09-01T02:29:54.330+0900] {manager.py:501} INFO - Created Permission View: can edit on DAG:example_time_delta_sensor_async
[2023-09-01T02:29:54.333+0900] {logging_mixin.py:151} INFO - [2023-09-01T02:29:54.333+0900] {manager.py:501} INFO - Created Permission View: can read on DAG:example_time_delta_sensor_async
[2023-09-01T02:29:54.335+0900] {logging_mixin.py:151} INFO - [2023-09-01T02:29:54.335+0900] {manager.py:501} INFO - Created Permission View: can delete on DAG:example_time_delta_sensor_async
[2023-09-01T02:29:54.339+0900] {logging_mixin.py:151} INFO - [2023-09-01T02:29:54.339+0900] {dag.py:2907} INFO - Sync 1 DAGs
[2023-09-01T02:29:54.343+0900] {logging_mixin.py:151} INFO - [2023-09-01T02:29:54.342+0900] {dag.py:2929} INFO - Creating ORM DAG for example_time_delta_sensor_async
[2023-09-01T02:29:54.343+0900] {logging_mixin.py:151} INFO - [2023-09-01T02:29:54.343+0900] {dag.py:3677} INFO - Setting next_dagrun for example_time_delta_sensor_async to None, run_after=None
[2023-09-01T02:29:54.348+0900] {processor.py:179} INFO - Processing /opt/homebrew/Caskroom/miniforge/base/lib/python3.10/site-packages/airflow/example_dags/example_time_delta_sensor_async.py took 0.402 seconds
[2023-09-01T02:31:13.199+0900] {processor.py:157} INFO - Started process (PID=13631) to work on /opt/homebrew/Caskroom/miniforge/base/lib/python3.10/site-packages/airflow/example_dags/example_time_delta_sensor_async.py
[2023-09-01T02:31:13.200+0900] {processor.py:829} INFO - Processing file /opt/homebrew/Caskroom/miniforge/base/lib/python3.10/site-packages/airflow/example_dags/example_time_delta_sensor_async.py for tasks to queue
[2023-09-01T02:31:13.200+0900] {logging_mixin.py:151} INFO - [2023-09-01T02:31:13.200+0900] {dagbag.py:539} INFO - Filling up the DagBag from /opt/homebrew/Caskroom/miniforge/base/lib/python3.10/site-packages/airflow/example_dags/example_time_delta_sensor_async.py
[2023-09-01T02:31:13.207+0900] {processor.py:839} INFO - DAG(s) dict_keys(['example_time_delta_sensor_async']) retrieved from /opt/homebrew/Caskroom/miniforge/base/lib/python3.10/site-packages/airflow/example_dags/example_time_delta_sensor_async.py
[2023-09-01T02:31:13.283+0900] {logging_mixin.py:151} INFO - [2023-09-01T02:31:13.283+0900] {dag.py:2907} INFO - Sync 1 DAGs
[2023-09-01T02:31:13.286+0900] {logging_mixin.py:151} INFO - [2023-09-01T02:31:13.286+0900] {dag.py:3677} INFO - Setting next_dagrun for example_time_delta_sensor_async to None, run_after=None
[2023-09-01T02:31:13.293+0900] {processor.py:179} INFO - Processing /opt/homebrew/Caskroom/miniforge/base/lib/python3.10/site-packages/airflow/example_dags/example_time_delta_sensor_async.py took 0.094 seconds
[2023-09-01T02:32:23.979+0900] {processor.py:157} INFO - Started process (PID=13701) to work on /opt/homebrew/Caskroom/miniforge/base/lib/python3.10/site-packages/airflow/example_dags/example_time_delta_sensor_async.py
[2023-09-01T02:32:23.980+0900] {processor.py:829} INFO - Processing file /opt/homebrew/Caskroom/miniforge/base/lib/python3.10/site-packages/airflow/example_dags/example_time_delta_sensor_async.py for tasks to queue
[2023-09-01T02:32:23.980+0900] {logging_mixin.py:151} INFO - [2023-09-01T02:32:23.980+0900] {dagbag.py:539} INFO - Filling up the DagBag from /opt/homebrew/Caskroom/miniforge/base/lib/python3.10/site-packages/airflow/example_dags/example_time_delta_sensor_async.py
[2023-09-01T02:32:23.988+0900] {processor.py:839} INFO - DAG(s) dict_keys(['example_time_delta_sensor_async']) retrieved from /opt/homebrew/Caskroom/miniforge/base/lib/python3.10/site-packages/airflow/example_dags/example_time_delta_sensor_async.py
[2023-09-01T02:32:24.064+0900] {logging_mixin.py:151} INFO - [2023-09-01T02:32:24.064+0900] {dag.py:2907} INFO - Sync 1 DAGs
[2023-09-01T02:32:24.068+0900] {logging_mixin.py:151} INFO - [2023-09-01T02:32:24.067+0900] {dag.py:3677} INFO - Setting next_dagrun for example_time_delta_sensor_async to None, run_after=None
[2023-09-01T02:32:24.074+0900] {processor.py:179} INFO - Processing /opt/homebrew/Caskroom/miniforge/base/lib/python3.10/site-packages/airflow/example_dags/example_time_delta_sensor_async.py took 0.095 seconds
[2023-09-01T02:33:35.994+0900] {processor.py:157} INFO - Started process (PID=13752) to work on /opt/homebrew/Caskroom/miniforge/base/lib/python3.10/site-packages/airflow/example_dags/example_time_delta_sensor_async.py
[2023-09-01T02:33:35.994+0900] {processor.py:829} INFO - Processing file /opt/homebrew/Caskroom/miniforge/base/lib/python3.10/site-packages/airflow/example_dags/example_time_delta_sensor_async.py for tasks to queue
[2023-09-01T02:33:35.994+0900] {logging_mixin.py:151} INFO - [2023-09-01T02:33:35.994+0900] {dagbag.py:539} INFO - Filling up the DagBag from /opt/homebrew/Caskroom/miniforge/base/lib/python3.10/site-packages/airflow/example_dags/example_time_delta_sensor_async.py
[2023-09-01T02:33:36.002+0900] {processor.py:839} INFO - DAG(s) dict_keys(['example_time_delta_sensor_async']) retrieved from /opt/homebrew/Caskroom/miniforge/base/lib/python3.10/site-packages/airflow/example_dags/example_time_delta_sensor_async.py
[2023-09-01T02:33:36.079+0900] {logging_mixin.py:151} INFO - [2023-09-01T02:33:36.079+0900] {dag.py:2907} INFO - Sync 1 DAGs
[2023-09-01T02:33:36.082+0900] {logging_mixin.py:151} INFO - [2023-09-01T02:33:36.082+0900] {dag.py:3677} INFO - Setting next_dagrun for example_time_delta_sensor_async to None, run_after=None
[2023-09-01T02:33:36.089+0900] {processor.py:179} INFO - Processing /opt/homebrew/Caskroom/miniforge/base/lib/python3.10/site-packages/airflow/example_dags/example_time_delta_sensor_async.py took 0.096 seconds
