[2023-09-01T02:30:33.400+0900] {processor.py:157} INFO - Started process (PID=13606) to work on /opt/homebrew/Caskroom/miniforge/base/lib/python3.10/site-packages/airflow/example_dags/example_dynamic_task_mapping_with_no_taskflow_operators.py
[2023-09-01T02:30:33.400+0900] {processor.py:829} INFO - Processing file /opt/homebrew/Caskroom/miniforge/base/lib/python3.10/site-packages/airflow/example_dags/example_dynamic_task_mapping_with_no_taskflow_operators.py for tasks to queue
[2023-09-01T02:30:33.401+0900] {logging_mixin.py:151} INFO - [2023-09-01T02:30:33.401+0900] {dagbag.py:539} INFO - Filling up the DagBag from /opt/homebrew/Caskroom/miniforge/base/lib/python3.10/site-packages/airflow/example_dags/example_dynamic_task_mapping_with_no_taskflow_operators.py
[2023-09-01T02:30:33.408+0900] {processor.py:839} INFO - DAG(s) dict_keys(['example_dynamic_task_mapping_with_no_taskflow_operators']) retrieved from /opt/homebrew/Caskroom/miniforge/base/lib/python3.10/site-packages/airflow/example_dags/example_dynamic_task_mapping_with_no_taskflow_operators.py
[2023-09-01T02:30:33.768+0900] {logging_mixin.py:151} INFO - [2023-09-01T02:30:33.768+0900] {manager.py:501} INFO - Created Permission View: can delete on DAG:example_dynamic_task_mapping_with_no_taskflow_operators
[2023-09-01T02:30:33.771+0900] {logging_mixin.py:151} INFO - [2023-09-01T02:30:33.771+0900] {manager.py:501} INFO - Created Permission View: can read on DAG:example_dynamic_task_mapping_with_no_taskflow_operators
[2023-09-01T02:30:33.773+0900] {logging_mixin.py:151} INFO - [2023-09-01T02:30:33.773+0900] {manager.py:501} INFO - Created Permission View: can edit on DAG:example_dynamic_task_mapping_with_no_taskflow_operators
[2023-09-01T02:30:33.778+0900] {logging_mixin.py:151} INFO - [2023-09-01T02:30:33.777+0900] {dag.py:2907} INFO - Sync 1 DAGs
[2023-09-01T02:30:33.781+0900] {logging_mixin.py:151} INFO - [2023-09-01T02:30:33.781+0900] {dag.py:2929} INFO - Creating ORM DAG for example_dynamic_task_mapping_with_no_taskflow_operators
[2023-09-01T02:30:33.783+0900] {logging_mixin.py:151} INFO - [2023-09-01T02:30:33.783+0900] {dag.py:3677} INFO - Setting next_dagrun for example_dynamic_task_mapping_with_no_taskflow_operators to 2023-08-30T17:30:33.783860+00:00, run_after=2023-08-31T17:30:33.783860+00:00
[2023-09-01T02:30:33.789+0900] {processor.py:179} INFO - Processing /opt/homebrew/Caskroom/miniforge/base/lib/python3.10/site-packages/airflow/example_dags/example_dynamic_task_mapping_with_no_taskflow_operators.py took 0.389 seconds
[2023-09-01T02:31:56.010+0900] {processor.py:157} INFO - Started process (PID=13668) to work on /opt/homebrew/Caskroom/miniforge/base/lib/python3.10/site-packages/airflow/example_dags/example_dynamic_task_mapping_with_no_taskflow_operators.py
[2023-09-01T02:31:56.011+0900] {processor.py:829} INFO - Processing file /opt/homebrew/Caskroom/miniforge/base/lib/python3.10/site-packages/airflow/example_dags/example_dynamic_task_mapping_with_no_taskflow_operators.py for tasks to queue
[2023-09-01T02:31:56.011+0900] {logging_mixin.py:151} INFO - [2023-09-01T02:31:56.011+0900] {dagbag.py:539} INFO - Filling up the DagBag from /opt/homebrew/Caskroom/miniforge/base/lib/python3.10/site-packages/airflow/example_dags/example_dynamic_task_mapping_with_no_taskflow_operators.py
[2023-09-01T02:31:56.018+0900] {processor.py:839} INFO - DAG(s) dict_keys(['example_dynamic_task_mapping_with_no_taskflow_operators']) retrieved from /opt/homebrew/Caskroom/miniforge/base/lib/python3.10/site-packages/airflow/example_dags/example_dynamic_task_mapping_with_no_taskflow_operators.py
[2023-09-01T02:31:56.092+0900] {logging_mixin.py:151} INFO - [2023-09-01T02:31:56.092+0900] {dag.py:2907} INFO - Sync 1 DAGs
[2023-09-01T02:31:56.098+0900] {logging_mixin.py:151} INFO - [2023-09-01T02:31:56.098+0900] {dag.py:3677} INFO - Setting next_dagrun for example_dynamic_task_mapping_with_no_taskflow_operators to 2023-08-30T17:31:56.098656+00:00, run_after=2023-08-31T17:31:56.098656+00:00
[2023-09-01T02:31:56.105+0900] {processor.py:179} INFO - Processing /opt/homebrew/Caskroom/miniforge/base/lib/python3.10/site-packages/airflow/example_dags/example_dynamic_task_mapping_with_no_taskflow_operators.py took 0.095 seconds
[2023-09-01T02:33:08.365+0900] {processor.py:157} INFO - Started process (PID=13733) to work on /opt/homebrew/Caskroom/miniforge/base/lib/python3.10/site-packages/airflow/example_dags/example_dynamic_task_mapping_with_no_taskflow_operators.py
[2023-09-01T02:33:08.366+0900] {processor.py:829} INFO - Processing file /opt/homebrew/Caskroom/miniforge/base/lib/python3.10/site-packages/airflow/example_dags/example_dynamic_task_mapping_with_no_taskflow_operators.py for tasks to queue
[2023-09-01T02:33:08.366+0900] {logging_mixin.py:151} INFO - [2023-09-01T02:33:08.366+0900] {dagbag.py:539} INFO - Filling up the DagBag from /opt/homebrew/Caskroom/miniforge/base/lib/python3.10/site-packages/airflow/example_dags/example_dynamic_task_mapping_with_no_taskflow_operators.py
[2023-09-01T02:33:08.375+0900] {processor.py:839} INFO - DAG(s) dict_keys(['example_dynamic_task_mapping_with_no_taskflow_operators']) retrieved from /opt/homebrew/Caskroom/miniforge/base/lib/python3.10/site-packages/airflow/example_dags/example_dynamic_task_mapping_with_no_taskflow_operators.py
[2023-09-01T02:33:08.455+0900] {logging_mixin.py:151} INFO - [2023-09-01T02:33:08.454+0900] {dag.py:2907} INFO - Sync 1 DAGs
[2023-09-01T02:33:08.462+0900] {logging_mixin.py:151} INFO - [2023-09-01T02:33:08.462+0900] {dag.py:3677} INFO - Setting next_dagrun for example_dynamic_task_mapping_with_no_taskflow_operators to 2023-08-30T17:33:08.462051+00:00, run_after=2023-08-31T17:33:08.462051+00:00
[2023-09-01T02:33:08.470+0900] {processor.py:179} INFO - Processing /opt/homebrew/Caskroom/miniforge/base/lib/python3.10/site-packages/airflow/example_dags/example_dynamic_task_mapping_with_no_taskflow_operators.py took 0.106 seconds
[2023-09-01T02:34:20.008+0900] {processor.py:157} INFO - Started process (PID=13784) to work on /opt/homebrew/Caskroom/miniforge/base/lib/python3.10/site-packages/airflow/example_dags/example_dynamic_task_mapping_with_no_taskflow_operators.py
[2023-09-01T02:34:20.009+0900] {processor.py:829} INFO - Processing file /opt/homebrew/Caskroom/miniforge/base/lib/python3.10/site-packages/airflow/example_dags/example_dynamic_task_mapping_with_no_taskflow_operators.py for tasks to queue
[2023-09-01T02:34:20.009+0900] {logging_mixin.py:151} INFO - [2023-09-01T02:34:20.009+0900] {dagbag.py:539} INFO - Filling up the DagBag from /opt/homebrew/Caskroom/miniforge/base/lib/python3.10/site-packages/airflow/example_dags/example_dynamic_task_mapping_with_no_taskflow_operators.py
[2023-09-01T02:34:20.016+0900] {processor.py:839} INFO - DAG(s) dict_keys(['example_dynamic_task_mapping_with_no_taskflow_operators']) retrieved from /opt/homebrew/Caskroom/miniforge/base/lib/python3.10/site-packages/airflow/example_dags/example_dynamic_task_mapping_with_no_taskflow_operators.py
[2023-09-01T02:34:20.086+0900] {logging_mixin.py:151} INFO - [2023-09-01T02:34:20.086+0900] {dag.py:2907} INFO - Sync 1 DAGs
[2023-09-01T02:34:20.093+0900] {logging_mixin.py:151} INFO - [2023-09-01T02:34:20.092+0900] {dag.py:3677} INFO - Setting next_dagrun for example_dynamic_task_mapping_with_no_taskflow_operators to 2023-08-30T17:34:20.092879+00:00, run_after=2023-08-31T17:34:20.092879+00:00
[2023-09-01T02:34:20.100+0900] {processor.py:179} INFO - Processing /opt/homebrew/Caskroom/miniforge/base/lib/python3.10/site-packages/airflow/example_dags/example_dynamic_task_mapping_with_no_taskflow_operators.py took 0.092 seconds
