[2023-09-01T02:30:04.805+0900] {processor.py:157} INFO - Started process (PID=13590) to work on /opt/homebrew/Caskroom/miniforge/base/lib/python3.10/site-packages/airflow/example_dags/example_short_circuit_operator.py
[2023-09-01T02:30:04.805+0900] {processor.py:829} INFO - Processing file /opt/homebrew/Caskroom/miniforge/base/lib/python3.10/site-packages/airflow/example_dags/example_short_circuit_operator.py for tasks to queue
[2023-09-01T02:30:04.805+0900] {logging_mixin.py:151} INFO - [2023-09-01T02:30:04.805+0900] {dagbag.py:539} INFO - Filling up the DagBag from /opt/homebrew/Caskroom/miniforge/base/lib/python3.10/site-packages/airflow/example_dags/example_short_circuit_operator.py
[2023-09-01T02:30:04.818+0900] {processor.py:839} INFO - DAG(s) dict_keys(['example_short_circuit_operator']) retrieved from /opt/homebrew/Caskroom/miniforge/base/lib/python3.10/site-packages/airflow/example_dags/example_short_circuit_operator.py
[2023-09-01T02:30:05.186+0900] {logging_mixin.py:151} INFO - [2023-09-01T02:30:05.186+0900] {manager.py:501} INFO - Created Permission View: can read on DAG:example_short_circuit_operator
[2023-09-01T02:30:05.189+0900] {logging_mixin.py:151} INFO - [2023-09-01T02:30:05.189+0900] {manager.py:501} INFO - Created Permission View: can edit on DAG:example_short_circuit_operator
[2023-09-01T02:30:05.191+0900] {logging_mixin.py:151} INFO - [2023-09-01T02:30:05.191+0900] {manager.py:501} INFO - Created Permission View: can delete on DAG:example_short_circuit_operator
[2023-09-01T02:30:05.195+0900] {logging_mixin.py:151} INFO - [2023-09-01T02:30:05.195+0900] {dag.py:2907} INFO - Sync 1 DAGs
[2023-09-01T02:30:05.198+0900] {logging_mixin.py:151} INFO - [2023-09-01T02:30:05.198+0900] {dag.py:2929} INFO - Creating ORM DAG for example_short_circuit_operator
[2023-09-01T02:30:05.201+0900] {logging_mixin.py:151} INFO - [2023-09-01T02:30:05.200+0900] {dag.py:3677} INFO - Setting next_dagrun for example_short_circuit_operator to 2023-08-30T17:30:05.200913+00:00, run_after=2023-08-31T17:30:05.200913+00:00
[2023-09-01T02:30:05.206+0900] {processor.py:179} INFO - Processing /opt/homebrew/Caskroom/miniforge/base/lib/python3.10/site-packages/airflow/example_dags/example_short_circuit_operator.py took 0.402 seconds
[2023-09-01T02:31:21.626+0900] {processor.py:157} INFO - Started process (PID=13638) to work on /opt/homebrew/Caskroom/miniforge/base/lib/python3.10/site-packages/airflow/example_dags/example_short_circuit_operator.py
[2023-09-01T02:31:21.626+0900] {processor.py:829} INFO - Processing file /opt/homebrew/Caskroom/miniforge/base/lib/python3.10/site-packages/airflow/example_dags/example_short_circuit_operator.py for tasks to queue
[2023-09-01T02:31:21.626+0900] {logging_mixin.py:151} INFO - [2023-09-01T02:31:21.626+0900] {dagbag.py:539} INFO - Filling up the DagBag from /opt/homebrew/Caskroom/miniforge/base/lib/python3.10/site-packages/airflow/example_dags/example_short_circuit_operator.py
[2023-09-01T02:31:21.639+0900] {processor.py:839} INFO - DAG(s) dict_keys(['example_short_circuit_operator']) retrieved from /opt/homebrew/Caskroom/miniforge/base/lib/python3.10/site-packages/airflow/example_dags/example_short_circuit_operator.py
[2023-09-01T02:31:21.709+0900] {logging_mixin.py:151} INFO - [2023-09-01T02:31:21.709+0900] {dag.py:2907} INFO - Sync 1 DAGs
[2023-09-01T02:31:21.715+0900] {logging_mixin.py:151} INFO - [2023-09-01T02:31:21.715+0900] {dag.py:3677} INFO - Setting next_dagrun for example_short_circuit_operator to 2023-08-30T17:31:21.715690+00:00, run_after=2023-08-31T17:31:21.715690+00:00
[2023-09-01T02:31:21.722+0900] {processor.py:179} INFO - Processing /opt/homebrew/Caskroom/miniforge/base/lib/python3.10/site-packages/airflow/example_dags/example_short_circuit_operator.py took 0.096 seconds
[2023-09-01T02:32:33.702+0900] {processor.py:157} INFO - Started process (PID=13707) to work on /opt/homebrew/Caskroom/miniforge/base/lib/python3.10/site-packages/airflow/example_dags/example_short_circuit_operator.py
[2023-09-01T02:32:33.703+0900] {processor.py:829} INFO - Processing file /opt/homebrew/Caskroom/miniforge/base/lib/python3.10/site-packages/airflow/example_dags/example_short_circuit_operator.py for tasks to queue
[2023-09-01T02:32:33.704+0900] {logging_mixin.py:151} INFO - [2023-09-01T02:32:33.704+0900] {dagbag.py:539} INFO - Filling up the DagBag from /opt/homebrew/Caskroom/miniforge/base/lib/python3.10/site-packages/airflow/example_dags/example_short_circuit_operator.py
[2023-09-01T02:32:33.718+0900] {processor.py:839} INFO - DAG(s) dict_keys(['example_short_circuit_operator']) retrieved from /opt/homebrew/Caskroom/miniforge/base/lib/python3.10/site-packages/airflow/example_dags/example_short_circuit_operator.py
[2023-09-01T02:32:33.790+0900] {logging_mixin.py:151} INFO - [2023-09-01T02:32:33.790+0900] {dag.py:2907} INFO - Sync 1 DAGs
[2023-09-01T02:32:33.796+0900] {logging_mixin.py:151} INFO - [2023-09-01T02:32:33.796+0900] {dag.py:3677} INFO - Setting next_dagrun for example_short_circuit_operator to 2023-08-30T17:32:33.796803+00:00, run_after=2023-08-31T17:32:33.796803+00:00
[2023-09-01T02:32:33.803+0900] {processor.py:179} INFO - Processing /opt/homebrew/Caskroom/miniforge/base/lib/python3.10/site-packages/airflow/example_dags/example_short_circuit_operator.py took 0.101 seconds
[2023-09-01T02:33:44.940+0900] {processor.py:157} INFO - Started process (PID=13758) to work on /opt/homebrew/Caskroom/miniforge/base/lib/python3.10/site-packages/airflow/example_dags/example_short_circuit_operator.py
[2023-09-01T02:33:44.940+0900] {processor.py:829} INFO - Processing file /opt/homebrew/Caskroom/miniforge/base/lib/python3.10/site-packages/airflow/example_dags/example_short_circuit_operator.py for tasks to queue
[2023-09-01T02:33:44.941+0900] {logging_mixin.py:151} INFO - [2023-09-01T02:33:44.941+0900] {dagbag.py:539} INFO - Filling up the DagBag from /opt/homebrew/Caskroom/miniforge/base/lib/python3.10/site-packages/airflow/example_dags/example_short_circuit_operator.py
[2023-09-01T02:33:44.954+0900] {processor.py:839} INFO - DAG(s) dict_keys(['example_short_circuit_operator']) retrieved from /opt/homebrew/Caskroom/miniforge/base/lib/python3.10/site-packages/airflow/example_dags/example_short_circuit_operator.py
[2023-09-01T02:33:45.023+0900] {logging_mixin.py:151} INFO - [2023-09-01T02:33:45.023+0900] {dag.py:2907} INFO - Sync 1 DAGs
[2023-09-01T02:33:45.030+0900] {logging_mixin.py:151} INFO - [2023-09-01T02:33:45.029+0900] {dag.py:3677} INFO - Setting next_dagrun for example_short_circuit_operator to 2023-08-30T17:33:45.029900+00:00, run_after=2023-08-31T17:33:45.029900+00:00
[2023-09-01T02:33:45.036+0900] {processor.py:179} INFO - Processing /opt/homebrew/Caskroom/miniforge/base/lib/python3.10/site-packages/airflow/example_dags/example_short_circuit_operator.py took 0.097 seconds
