[2023-09-01T02:30:52.421+0900] {processor.py:157} INFO - Started process (PID=13616) to work on /opt/homebrew/Caskroom/miniforge/base/lib/python3.10/site-packages/airflow/example_dags/example_branch_datetime_operator.py
[2023-09-01T02:30:52.421+0900] {processor.py:829} INFO - Processing file /opt/homebrew/Caskroom/miniforge/base/lib/python3.10/site-packages/airflow/example_dags/example_branch_datetime_operator.py for tasks to queue
[2023-09-01T02:30:52.421+0900] {logging_mixin.py:151} INFO - [2023-09-01T02:30:52.421+0900] {dagbag.py:539} INFO - Filling up the DagBag from /opt/homebrew/Caskroom/miniforge/base/lib/python3.10/site-packages/airflow/example_dags/example_branch_datetime_operator.py
[2023-09-01T02:30:52.431+0900] {processor.py:839} INFO - DAG(s) dict_keys(['example_branch_datetime_operator', 'example_branch_datetime_operator_3', 'example_branch_datetime_operator_2']) retrieved from /opt/homebrew/Caskroom/miniforge/base/lib/python3.10/site-packages/airflow/example_dags/example_branch_datetime_operator.py
[2023-09-01T02:30:52.795+0900] {logging_mixin.py:151} INFO - [2023-09-01T02:30:52.795+0900] {manager.py:501} INFO - Created Permission View: can delete on DAG:example_branch_datetime_operator
[2023-09-01T02:30:52.798+0900] {logging_mixin.py:151} INFO - [2023-09-01T02:30:52.798+0900] {manager.py:501} INFO - Created Permission View: can read on DAG:example_branch_datetime_operator
[2023-09-01T02:30:52.800+0900] {logging_mixin.py:151} INFO - [2023-09-01T02:30:52.800+0900] {manager.py:501} INFO - Created Permission View: can edit on DAG:example_branch_datetime_operator
[2023-09-01T02:30:52.808+0900] {logging_mixin.py:151} INFO - [2023-09-01T02:30:52.808+0900] {manager.py:501} INFO - Created Permission View: can delete on DAG:example_branch_datetime_operator_3
[2023-09-01T02:30:52.810+0900] {logging_mixin.py:151} INFO - [2023-09-01T02:30:52.810+0900] {manager.py:501} INFO - Created Permission View: can read on DAG:example_branch_datetime_operator_3
[2023-09-01T02:30:52.811+0900] {logging_mixin.py:151} INFO - [2023-09-01T02:30:52.811+0900] {manager.py:501} INFO - Created Permission View: can edit on DAG:example_branch_datetime_operator_3
[2023-09-01T02:30:52.816+0900] {logging_mixin.py:151} INFO - [2023-09-01T02:30:52.816+0900] {manager.py:501} INFO - Created Permission View: can delete on DAG:example_branch_datetime_operator_2
[2023-09-01T02:30:52.818+0900] {logging_mixin.py:151} INFO - [2023-09-01T02:30:52.818+0900] {manager.py:501} INFO - Created Permission View: can read on DAG:example_branch_datetime_operator_2
[2023-09-01T02:30:52.820+0900] {logging_mixin.py:151} INFO - [2023-09-01T02:30:52.820+0900] {manager.py:501} INFO - Created Permission View: can edit on DAG:example_branch_datetime_operator_2
[2023-09-01T02:30:52.822+0900] {logging_mixin.py:151} INFO - [2023-09-01T02:30:52.821+0900] {dag.py:2907} INFO - Sync 3 DAGs
[2023-09-01T02:30:52.825+0900] {logging_mixin.py:151} INFO - [2023-09-01T02:30:52.825+0900] {dag.py:2929} INFO - Creating ORM DAG for example_branch_datetime_operator_2
[2023-09-01T02:30:52.825+0900] {logging_mixin.py:151} INFO - [2023-09-01T02:30:52.825+0900] {dag.py:2929} INFO - Creating ORM DAG for example_branch_datetime_operator
[2023-09-01T02:30:52.825+0900] {logging_mixin.py:151} INFO - [2023-09-01T02:30:52.825+0900] {dag.py:2929} INFO - Creating ORM DAG for example_branch_datetime_operator_3
[2023-09-01T02:30:52.829+0900] {logging_mixin.py:151} INFO - [2023-09-01T02:30:52.828+0900] {dag.py:3677} INFO - Setting next_dagrun for example_branch_datetime_operator to 2023-08-30T00:00:00+00:00, run_after=2023-08-31T00:00:00+00:00
[2023-09-01T02:30:52.829+0900] {logging_mixin.py:151} INFO - [2023-09-01T02:30:52.829+0900] {dag.py:3677} INFO - Setting next_dagrun for example_branch_datetime_operator_2 to 2023-08-30T00:00:00+00:00, run_after=2023-08-31T00:00:00+00:00
[2023-09-01T02:30:52.830+0900] {logging_mixin.py:151} INFO - [2023-09-01T02:30:52.830+0900] {dag.py:3677} INFO - Setting next_dagrun for example_branch_datetime_operator_3 to 2023-08-30T00:00:00+00:00, run_after=2023-08-31T00:00:00+00:00
[2023-09-01T02:30:52.836+0900] {processor.py:179} INFO - Processing /opt/homebrew/Caskroom/miniforge/base/lib/python3.10/site-packages/airflow/example_dags/example_branch_datetime_operator.py took 0.415 seconds
[2023-09-01T02:32:11.616+0900] {processor.py:157} INFO - Started process (PID=13692) to work on /opt/homebrew/Caskroom/miniforge/base/lib/python3.10/site-packages/airflow/example_dags/example_branch_datetime_operator.py
[2023-09-01T02:32:11.617+0900] {processor.py:829} INFO - Processing file /opt/homebrew/Caskroom/miniforge/base/lib/python3.10/site-packages/airflow/example_dags/example_branch_datetime_operator.py for tasks to queue
[2023-09-01T02:32:11.617+0900] {logging_mixin.py:151} INFO - [2023-09-01T02:32:11.617+0900] {dagbag.py:539} INFO - Filling up the DagBag from /opt/homebrew/Caskroom/miniforge/base/lib/python3.10/site-packages/airflow/example_dags/example_branch_datetime_operator.py
[2023-09-01T02:32:11.626+0900] {processor.py:839} INFO - DAG(s) dict_keys(['example_branch_datetime_operator_2', 'example_branch_datetime_operator_3', 'example_branch_datetime_operator']) retrieved from /opt/homebrew/Caskroom/miniforge/base/lib/python3.10/site-packages/airflow/example_dags/example_branch_datetime_operator.py
[2023-09-01T02:32:11.697+0900] {logging_mixin.py:151} INFO - [2023-09-01T02:32:11.697+0900] {dag.py:2907} INFO - Sync 3 DAGs
[2023-09-01T02:32:11.704+0900] {logging_mixin.py:151} INFO - [2023-09-01T02:32:11.704+0900] {dag.py:3677} INFO - Setting next_dagrun for example_branch_datetime_operator to 2023-08-30T00:00:00+00:00, run_after=2023-08-31T00:00:00+00:00
[2023-09-01T02:32:11.705+0900] {logging_mixin.py:151} INFO - [2023-09-01T02:32:11.705+0900] {dag.py:3677} INFO - Setting next_dagrun for example_branch_datetime_operator_2 to 2023-08-30T00:00:00+00:00, run_after=2023-08-31T00:00:00+00:00
[2023-09-01T02:32:11.706+0900] {logging_mixin.py:151} INFO - [2023-09-01T02:32:11.706+0900] {dag.py:3677} INFO - Setting next_dagrun for example_branch_datetime_operator_3 to 2023-08-30T00:00:00+00:00, run_after=2023-08-31T00:00:00+00:00
[2023-09-01T02:32:11.712+0900] {processor.py:179} INFO - Processing /opt/homebrew/Caskroom/miniforge/base/lib/python3.10/site-packages/airflow/example_dags/example_branch_datetime_operator.py took 0.097 seconds
[2023-09-01T02:33:24.158+0900] {processor.py:157} INFO - Started process (PID=13743) to work on /opt/homebrew/Caskroom/miniforge/base/lib/python3.10/site-packages/airflow/example_dags/example_branch_datetime_operator.py
[2023-09-01T02:33:24.158+0900] {processor.py:829} INFO - Processing file /opt/homebrew/Caskroom/miniforge/base/lib/python3.10/site-packages/airflow/example_dags/example_branch_datetime_operator.py for tasks to queue
[2023-09-01T02:33:24.158+0900] {logging_mixin.py:151} INFO - [2023-09-01T02:33:24.158+0900] {dagbag.py:539} INFO - Filling up the DagBag from /opt/homebrew/Caskroom/miniforge/base/lib/python3.10/site-packages/airflow/example_dags/example_branch_datetime_operator.py
[2023-09-01T02:33:24.168+0900] {processor.py:839} INFO - DAG(s) dict_keys(['example_branch_datetime_operator_3', 'example_branch_datetime_operator', 'example_branch_datetime_operator_2']) retrieved from /opt/homebrew/Caskroom/miniforge/base/lib/python3.10/site-packages/airflow/example_dags/example_branch_datetime_operator.py
[2023-09-01T02:33:24.238+0900] {logging_mixin.py:151} INFO - [2023-09-01T02:33:24.238+0900] {dag.py:2907} INFO - Sync 3 DAGs
[2023-09-01T02:33:24.245+0900] {logging_mixin.py:151} INFO - [2023-09-01T02:33:24.245+0900] {dag.py:3677} INFO - Setting next_dagrun for example_branch_datetime_operator to 2023-08-30T00:00:00+00:00, run_after=2023-08-31T00:00:00+00:00
[2023-09-01T02:33:24.247+0900] {logging_mixin.py:151} INFO - [2023-09-01T02:33:24.247+0900] {dag.py:3677} INFO - Setting next_dagrun for example_branch_datetime_operator_2 to 2023-08-30T00:00:00+00:00, run_after=2023-08-31T00:00:00+00:00
[2023-09-01T02:33:24.247+0900] {logging_mixin.py:151} INFO - [2023-09-01T02:33:24.247+0900] {dag.py:3677} INFO - Setting next_dagrun for example_branch_datetime_operator_3 to 2023-08-30T00:00:00+00:00, run_after=2023-08-31T00:00:00+00:00
[2023-09-01T02:33:24.253+0900] {processor.py:179} INFO - Processing /opt/homebrew/Caskroom/miniforge/base/lib/python3.10/site-packages/airflow/example_dags/example_branch_datetime_operator.py took 0.096 seconds
[2023-09-01T02:34:33.867+0900] {processor.py:157} INFO - Started process (PID=13796) to work on /opt/homebrew/Caskroom/miniforge/base/lib/python3.10/site-packages/airflow/example_dags/example_branch_datetime_operator.py
[2023-09-01T02:34:33.868+0900] {processor.py:829} INFO - Processing file /opt/homebrew/Caskroom/miniforge/base/lib/python3.10/site-packages/airflow/example_dags/example_branch_datetime_operator.py for tasks to queue
[2023-09-01T02:34:33.868+0900] {logging_mixin.py:151} INFO - [2023-09-01T02:34:33.868+0900] {dagbag.py:539} INFO - Filling up the DagBag from /opt/homebrew/Caskroom/miniforge/base/lib/python3.10/site-packages/airflow/example_dags/example_branch_datetime_operator.py
[2023-09-01T02:34:33.878+0900] {processor.py:839} INFO - DAG(s) dict_keys(['example_branch_datetime_operator', 'example_branch_datetime_operator_3', 'example_branch_datetime_operator_2']) retrieved from /opt/homebrew/Caskroom/miniforge/base/lib/python3.10/site-packages/airflow/example_dags/example_branch_datetime_operator.py
[2023-09-01T02:34:33.953+0900] {logging_mixin.py:151} INFO - [2023-09-01T02:34:33.953+0900] {dag.py:2907} INFO - Sync 3 DAGs
[2023-09-01T02:34:33.961+0900] {logging_mixin.py:151} INFO - [2023-09-01T02:34:33.961+0900] {dag.py:3677} INFO - Setting next_dagrun for example_branch_datetime_operator to 2023-08-30T00:00:00+00:00, run_after=2023-08-31T00:00:00+00:00
[2023-09-01T02:34:33.962+0900] {logging_mixin.py:151} INFO - [2023-09-01T02:34:33.962+0900] {dag.py:3677} INFO - Setting next_dagrun for example_branch_datetime_operator_2 to 2023-08-30T00:00:00+00:00, run_after=2023-08-31T00:00:00+00:00
[2023-09-01T02:34:33.963+0900] {logging_mixin.py:151} INFO - [2023-09-01T02:34:33.963+0900] {dag.py:3677} INFO - Setting next_dagrun for example_branch_datetime_operator_3 to 2023-08-30T00:00:00+00:00, run_after=2023-08-31T00:00:00+00:00
[2023-09-01T02:34:33.969+0900] {processor.py:179} INFO - Processing /opt/homebrew/Caskroom/miniforge/base/lib/python3.10/site-packages/airflow/example_dags/example_branch_datetime_operator.py took 0.103 seconds
