[2023-09-01T02:30:35.390+0900] {processor.py:157} INFO - Started process (PID=13607) to work on /opt/homebrew/Caskroom/miniforge/base/lib/python3.10/site-packages/airflow/example_dags/example_dynamic_task_mapping.py
[2023-09-01T02:30:35.390+0900] {processor.py:829} INFO - Processing file /opt/homebrew/Caskroom/miniforge/base/lib/python3.10/site-packages/airflow/example_dags/example_dynamic_task_mapping.py for tasks to queue
[2023-09-01T02:30:35.390+0900] {logging_mixin.py:151} INFO - [2023-09-01T02:30:35.390+0900] {dagbag.py:539} INFO - Filling up the DagBag from /opt/homebrew/Caskroom/miniforge/base/lib/python3.10/site-packages/airflow/example_dags/example_dynamic_task_mapping.py
[2023-09-01T02:30:35.408+0900] {processor.py:839} INFO - DAG(s) dict_keys(['example_dynamic_task_mapping']) retrieved from /opt/homebrew/Caskroom/miniforge/base/lib/python3.10/site-packages/airflow/example_dags/example_dynamic_task_mapping.py
[2023-09-01T02:30:35.769+0900] {logging_mixin.py:151} INFO - [2023-09-01T02:30:35.769+0900] {manager.py:501} INFO - Created Permission View: can delete on DAG:example_dynamic_task_mapping
[2023-09-01T02:30:35.772+0900] {logging_mixin.py:151} INFO - [2023-09-01T02:30:35.772+0900] {manager.py:501} INFO - Created Permission View: can edit on DAG:example_dynamic_task_mapping
[2023-09-01T02:30:35.774+0900] {logging_mixin.py:151} INFO - [2023-09-01T02:30:35.774+0900] {manager.py:501} INFO - Created Permission View: can read on DAG:example_dynamic_task_mapping
[2023-09-01T02:30:35.778+0900] {logging_mixin.py:151} INFO - [2023-09-01T02:30:35.778+0900] {dag.py:2907} INFO - Sync 1 DAGs
[2023-09-01T02:30:35.781+0900] {logging_mixin.py:151} INFO - [2023-09-01T02:30:35.781+0900] {dag.py:2929} INFO - Creating ORM DAG for example_dynamic_task_mapping
[2023-09-01T02:30:35.784+0900] {logging_mixin.py:151} INFO - [2023-09-01T02:30:35.784+0900] {dag.py:3677} INFO - Setting next_dagrun for example_dynamic_task_mapping to 2022-03-04T00:00:00+00:00, run_after=2022-03-05T00:00:00+00:00
[2023-09-01T02:30:35.790+0900] {processor.py:179} INFO - Processing /opt/homebrew/Caskroom/miniforge/base/lib/python3.10/site-packages/airflow/example_dags/example_dynamic_task_mapping.py took 0.401 seconds
[2023-09-01T02:31:57.678+0900] {processor.py:157} INFO - Started process (PID=13682) to work on /opt/homebrew/Caskroom/miniforge/base/lib/python3.10/site-packages/airflow/example_dags/example_dynamic_task_mapping.py
[2023-09-01T02:31:57.678+0900] {processor.py:829} INFO - Processing file /opt/homebrew/Caskroom/miniforge/base/lib/python3.10/site-packages/airflow/example_dags/example_dynamic_task_mapping.py for tasks to queue
[2023-09-01T02:31:57.678+0900] {logging_mixin.py:151} INFO - [2023-09-01T02:31:57.678+0900] {dagbag.py:539} INFO - Filling up the DagBag from /opt/homebrew/Caskroom/miniforge/base/lib/python3.10/site-packages/airflow/example_dags/example_dynamic_task_mapping.py
[2023-09-01T02:31:57.699+0900] {processor.py:839} INFO - DAG(s) dict_keys(['example_dynamic_task_mapping']) retrieved from /opt/homebrew/Caskroom/miniforge/base/lib/python3.10/site-packages/airflow/example_dags/example_dynamic_task_mapping.py
[2023-09-01T02:31:57.767+0900] {logging_mixin.py:151} INFO - [2023-09-01T02:31:57.767+0900] {dag.py:2907} INFO - Sync 1 DAGs
[2023-09-01T02:31:57.773+0900] {logging_mixin.py:151} INFO - [2023-09-01T02:31:57.773+0900] {dag.py:3677} INFO - Setting next_dagrun for example_dynamic_task_mapping to 2022-03-04T00:00:00+00:00, run_after=2022-03-05T00:00:00+00:00
[2023-09-01T02:31:57.780+0900] {processor.py:179} INFO - Processing /opt/homebrew/Caskroom/miniforge/base/lib/python3.10/site-packages/airflow/example_dags/example_dynamic_task_mapping.py took 0.103 seconds
[2023-09-01T02:33:10.027+0900] {processor.py:157} INFO - Started process (PID=13734) to work on /opt/homebrew/Caskroom/miniforge/base/lib/python3.10/site-packages/airflow/example_dags/example_dynamic_task_mapping.py
[2023-09-01T02:33:10.028+0900] {processor.py:829} INFO - Processing file /opt/homebrew/Caskroom/miniforge/base/lib/python3.10/site-packages/airflow/example_dags/example_dynamic_task_mapping.py for tasks to queue
[2023-09-01T02:33:10.028+0900] {logging_mixin.py:151} INFO - [2023-09-01T02:33:10.028+0900] {dagbag.py:539} INFO - Filling up the DagBag from /opt/homebrew/Caskroom/miniforge/base/lib/python3.10/site-packages/airflow/example_dags/example_dynamic_task_mapping.py
[2023-09-01T02:33:10.046+0900] {processor.py:839} INFO - DAG(s) dict_keys(['example_dynamic_task_mapping']) retrieved from /opt/homebrew/Caskroom/miniforge/base/lib/python3.10/site-packages/airflow/example_dags/example_dynamic_task_mapping.py
[2023-09-01T02:33:10.115+0900] {logging_mixin.py:151} INFO - [2023-09-01T02:33:10.115+0900] {dag.py:2907} INFO - Sync 1 DAGs
[2023-09-01T02:33:10.122+0900] {logging_mixin.py:151} INFO - [2023-09-01T02:33:10.121+0900] {dag.py:3677} INFO - Setting next_dagrun for example_dynamic_task_mapping to 2022-03-04T00:00:00+00:00, run_after=2022-03-05T00:00:00+00:00
[2023-09-01T02:33:10.129+0900] {processor.py:179} INFO - Processing /opt/homebrew/Caskroom/miniforge/base/lib/python3.10/site-packages/airflow/example_dags/example_dynamic_task_mapping.py took 0.102 seconds
[2023-09-01T02:34:20.726+0900] {processor.py:157} INFO - Started process (PID=13785) to work on /opt/homebrew/Caskroom/miniforge/base/lib/python3.10/site-packages/airflow/example_dags/example_dynamic_task_mapping.py
[2023-09-01T02:34:20.726+0900] {processor.py:829} INFO - Processing file /opt/homebrew/Caskroom/miniforge/base/lib/python3.10/site-packages/airflow/example_dags/example_dynamic_task_mapping.py for tasks to queue
[2023-09-01T02:34:20.726+0900] {logging_mixin.py:151} INFO - [2023-09-01T02:34:20.726+0900] {dagbag.py:539} INFO - Filling up the DagBag from /opt/homebrew/Caskroom/miniforge/base/lib/python3.10/site-packages/airflow/example_dags/example_dynamic_task_mapping.py
[2023-09-01T02:34:20.745+0900] {processor.py:839} INFO - DAG(s) dict_keys(['example_dynamic_task_mapping']) retrieved from /opt/homebrew/Caskroom/miniforge/base/lib/python3.10/site-packages/airflow/example_dags/example_dynamic_task_mapping.py
[2023-09-01T02:34:20.813+0900] {logging_mixin.py:151} INFO - [2023-09-01T02:34:20.813+0900] {dag.py:2907} INFO - Sync 1 DAGs
[2023-09-01T02:34:20.819+0900] {logging_mixin.py:151} INFO - [2023-09-01T02:34:20.819+0900] {dag.py:3677} INFO - Setting next_dagrun for example_dynamic_task_mapping to 2022-03-04T00:00:00+00:00, run_after=2022-03-05T00:00:00+00:00
[2023-09-01T02:34:20.826+0900] {processor.py:179} INFO - Processing /opt/homebrew/Caskroom/miniforge/base/lib/python3.10/site-packages/airflow/example_dags/example_dynamic_task_mapping.py took 0.101 seconds
