[2023-09-01T02:30:03.823+0900] {processor.py:157} INFO - Started process (PID=13589) to work on /opt/homebrew/Caskroom/miniforge/base/lib/python3.10/site-packages/airflow/example_dags/example_skip_dag.py
[2023-09-01T02:30:03.823+0900] {processor.py:829} INFO - Processing file /opt/homebrew/Caskroom/miniforge/base/lib/python3.10/site-packages/airflow/example_dags/example_skip_dag.py for tasks to queue
[2023-09-01T02:30:03.823+0900] {logging_mixin.py:151} INFO - [2023-09-01T02:30:03.823+0900] {dagbag.py:539} INFO - Filling up the DagBag from /opt/homebrew/Caskroom/miniforge/base/lib/python3.10/site-packages/airflow/example_dags/example_skip_dag.py
[2023-09-01T02:30:03.831+0900] {processor.py:839} INFO - DAG(s) dict_keys(['example_skip_dag']) retrieved from /opt/homebrew/Caskroom/miniforge/base/lib/python3.10/site-packages/airflow/example_dags/example_skip_dag.py
[2023-09-01T02:30:04.198+0900] {logging_mixin.py:151} INFO - [2023-09-01T02:30:04.198+0900] {manager.py:501} INFO - Created Permission View: can edit on DAG:example_skip_dag
[2023-09-01T02:30:04.201+0900] {logging_mixin.py:151} INFO - [2023-09-01T02:30:04.200+0900] {manager.py:501} INFO - Created Permission View: can delete on DAG:example_skip_dag
[2023-09-01T02:30:04.202+0900] {logging_mixin.py:151} INFO - [2023-09-01T02:30:04.202+0900] {manager.py:501} INFO - Created Permission View: can read on DAG:example_skip_dag
[2023-09-01T02:30:04.207+0900] {logging_mixin.py:151} INFO - [2023-09-01T02:30:04.206+0900] {dag.py:2907} INFO - Sync 1 DAGs
[2023-09-01T02:30:04.210+0900] {logging_mixin.py:151} INFO - [2023-09-01T02:30:04.210+0900] {dag.py:2929} INFO - Creating ORM DAG for example_skip_dag
[2023-09-01T02:30:04.212+0900] {logging_mixin.py:151} INFO - [2023-09-01T02:30:04.212+0900] {dag.py:3677} INFO - Setting next_dagrun for example_skip_dag to 2023-08-30T17:30:04.212845+00:00, run_after=2023-08-31T17:30:04.212845+00:00
[2023-09-01T02:30:04.218+0900] {processor.py:179} INFO - Processing /opt/homebrew/Caskroom/miniforge/base/lib/python3.10/site-packages/airflow/example_dags/example_skip_dag.py took 0.396 seconds
[2023-09-01T02:31:20.413+0900] {processor.py:157} INFO - Started process (PID=13637) to work on /opt/homebrew/Caskroom/miniforge/base/lib/python3.10/site-packages/airflow/example_dags/example_skip_dag.py
[2023-09-01T02:31:20.413+0900] {processor.py:829} INFO - Processing file /opt/homebrew/Caskroom/miniforge/base/lib/python3.10/site-packages/airflow/example_dags/example_skip_dag.py for tasks to queue
[2023-09-01T02:31:20.413+0900] {logging_mixin.py:151} INFO - [2023-09-01T02:31:20.413+0900] {dagbag.py:539} INFO - Filling up the DagBag from /opt/homebrew/Caskroom/miniforge/base/lib/python3.10/site-packages/airflow/example_dags/example_skip_dag.py
[2023-09-01T02:31:20.421+0900] {processor.py:839} INFO - DAG(s) dict_keys(['example_skip_dag']) retrieved from /opt/homebrew/Caskroom/miniforge/base/lib/python3.10/site-packages/airflow/example_dags/example_skip_dag.py
[2023-09-01T02:31:20.491+0900] {logging_mixin.py:151} INFO - [2023-09-01T02:31:20.490+0900] {dag.py:2907} INFO - Sync 1 DAGs
[2023-09-01T02:31:20.497+0900] {logging_mixin.py:151} INFO - [2023-09-01T02:31:20.497+0900] {dag.py:3677} INFO - Setting next_dagrun for example_skip_dag to 2023-08-30T17:31:20.497273+00:00, run_after=2023-08-31T17:31:20.497273+00:00
[2023-09-01T02:31:20.504+0900] {processor.py:179} INFO - Processing /opt/homebrew/Caskroom/miniforge/base/lib/python3.10/site-packages/airflow/example_dags/example_skip_dag.py took 0.091 seconds
[2023-09-01T02:32:32.078+0900] {processor.py:157} INFO - Started process (PID=13706) to work on /opt/homebrew/Caskroom/miniforge/base/lib/python3.10/site-packages/airflow/example_dags/example_skip_dag.py
[2023-09-01T02:32:32.079+0900] {processor.py:829} INFO - Processing file /opt/homebrew/Caskroom/miniforge/base/lib/python3.10/site-packages/airflow/example_dags/example_skip_dag.py for tasks to queue
[2023-09-01T02:32:32.079+0900] {logging_mixin.py:151} INFO - [2023-09-01T02:32:32.079+0900] {dagbag.py:539} INFO - Filling up the DagBag from /opt/homebrew/Caskroom/miniforge/base/lib/python3.10/site-packages/airflow/example_dags/example_skip_dag.py
[2023-09-01T02:32:32.087+0900] {processor.py:839} INFO - DAG(s) dict_keys(['example_skip_dag']) retrieved from /opt/homebrew/Caskroom/miniforge/base/lib/python3.10/site-packages/airflow/example_dags/example_skip_dag.py
[2023-09-01T02:32:32.156+0900] {logging_mixin.py:151} INFO - [2023-09-01T02:32:32.156+0900] {dag.py:2907} INFO - Sync 1 DAGs
[2023-09-01T02:32:32.162+0900] {logging_mixin.py:151} INFO - [2023-09-01T02:32:32.162+0900] {dag.py:3677} INFO - Setting next_dagrun for example_skip_dag to 2023-08-30T17:32:32.162398+00:00, run_after=2023-08-31T17:32:32.162398+00:00
[2023-09-01T02:32:32.169+0900] {processor.py:179} INFO - Processing /opt/homebrew/Caskroom/miniforge/base/lib/python3.10/site-packages/airflow/example_dags/example_skip_dag.py took 0.091 seconds
[2023-09-01T02:33:43.270+0900] {processor.py:157} INFO - Started process (PID=13757) to work on /opt/homebrew/Caskroom/miniforge/base/lib/python3.10/site-packages/airflow/example_dags/example_skip_dag.py
[2023-09-01T02:33:43.271+0900] {processor.py:829} INFO - Processing file /opt/homebrew/Caskroom/miniforge/base/lib/python3.10/site-packages/airflow/example_dags/example_skip_dag.py for tasks to queue
[2023-09-01T02:33:43.271+0900] {logging_mixin.py:151} INFO - [2023-09-01T02:33:43.271+0900] {dagbag.py:539} INFO - Filling up the DagBag from /opt/homebrew/Caskroom/miniforge/base/lib/python3.10/site-packages/airflow/example_dags/example_skip_dag.py
[2023-09-01T02:33:43.280+0900] {processor.py:839} INFO - DAG(s) dict_keys(['example_skip_dag']) retrieved from /opt/homebrew/Caskroom/miniforge/base/lib/python3.10/site-packages/airflow/example_dags/example_skip_dag.py
[2023-09-01T02:33:43.364+0900] {logging_mixin.py:151} INFO - [2023-09-01T02:33:43.364+0900] {dag.py:2907} INFO - Sync 1 DAGs
[2023-09-01T02:33:43.373+0900] {logging_mixin.py:151} INFO - [2023-09-01T02:33:43.373+0900] {dag.py:3677} INFO - Setting next_dagrun for example_skip_dag to 2023-08-30T17:33:43.373114+00:00, run_after=2023-08-31T17:33:43.373114+00:00
[2023-09-01T02:33:43.380+0900] {processor.py:179} INFO - Processing /opt/homebrew/Caskroom/miniforge/base/lib/python3.10/site-packages/airflow/example_dags/example_skip_dag.py took 0.110 seconds
