[2023-09-01T02:30:50.430+0900] {processor.py:157} INFO - Started process (PID=13615) to work on /opt/homebrew/Caskroom/miniforge/base/lib/python3.10/site-packages/airflow/example_dags/example_branch_day_of_week_operator.py
[2023-09-01T02:30:50.430+0900] {processor.py:829} INFO - Processing file /opt/homebrew/Caskroom/miniforge/base/lib/python3.10/site-packages/airflow/example_dags/example_branch_day_of_week_operator.py for tasks to queue
[2023-09-01T02:30:50.430+0900] {logging_mixin.py:151} INFO - [2023-09-01T02:30:50.430+0900] {dagbag.py:539} INFO - Filling up the DagBag from /opt/homebrew/Caskroom/miniforge/base/lib/python3.10/site-packages/airflow/example_dags/example_branch_day_of_week_operator.py
[2023-09-01T02:30:50.439+0900] {processor.py:839} INFO - DAG(s) dict_keys(['example_weekday_branch_operator']) retrieved from /opt/homebrew/Caskroom/miniforge/base/lib/python3.10/site-packages/airflow/example_dags/example_branch_day_of_week_operator.py
[2023-09-01T02:30:50.805+0900] {logging_mixin.py:151} INFO - [2023-09-01T02:30:50.805+0900] {manager.py:501} INFO - Created Permission View: can read on DAG:example_weekday_branch_operator
[2023-09-01T02:30:50.808+0900] {logging_mixin.py:151} INFO - [2023-09-01T02:30:50.808+0900] {manager.py:501} INFO - Created Permission View: can edit on DAG:example_weekday_branch_operator
[2023-09-01T02:30:50.810+0900] {logging_mixin.py:151} INFO - [2023-09-01T02:30:50.810+0900] {manager.py:501} INFO - Created Permission View: can delete on DAG:example_weekday_branch_operator
[2023-09-01T02:30:50.814+0900] {logging_mixin.py:151} INFO - [2023-09-01T02:30:50.814+0900] {dag.py:2907} INFO - Sync 1 DAGs
[2023-09-01T02:30:50.817+0900] {logging_mixin.py:151} INFO - [2023-09-01T02:30:50.817+0900] {dag.py:2929} INFO - Creating ORM DAG for example_weekday_branch_operator
[2023-09-01T02:30:50.821+0900] {logging_mixin.py:151} INFO - [2023-09-01T02:30:50.821+0900] {dag.py:3677} INFO - Setting next_dagrun for example_weekday_branch_operator to 2023-08-30T00:00:00+00:00, run_after=2023-08-31T00:00:00+00:00
[2023-09-01T02:30:50.827+0900] {processor.py:179} INFO - Processing /opt/homebrew/Caskroom/miniforge/base/lib/python3.10/site-packages/airflow/example_dags/example_branch_day_of_week_operator.py took 0.397 seconds
[2023-09-01T02:32:10.007+0900] {processor.py:157} INFO - Started process (PID=13691) to work on /opt/homebrew/Caskroom/miniforge/base/lib/python3.10/site-packages/airflow/example_dags/example_branch_day_of_week_operator.py
[2023-09-01T02:32:10.008+0900] {processor.py:829} INFO - Processing file /opt/homebrew/Caskroom/miniforge/base/lib/python3.10/site-packages/airflow/example_dags/example_branch_day_of_week_operator.py for tasks to queue
[2023-09-01T02:32:10.008+0900] {logging_mixin.py:151} INFO - [2023-09-01T02:32:10.008+0900] {dagbag.py:539} INFO - Filling up the DagBag from /opt/homebrew/Caskroom/miniforge/base/lib/python3.10/site-packages/airflow/example_dags/example_branch_day_of_week_operator.py
[2023-09-01T02:32:10.017+0900] {processor.py:839} INFO - DAG(s) dict_keys(['example_weekday_branch_operator']) retrieved from /opt/homebrew/Caskroom/miniforge/base/lib/python3.10/site-packages/airflow/example_dags/example_branch_day_of_week_operator.py
[2023-09-01T02:32:10.086+0900] {logging_mixin.py:151} INFO - [2023-09-01T02:32:10.086+0900] {dag.py:2907} INFO - Sync 1 DAGs
[2023-09-01T02:32:10.093+0900] {logging_mixin.py:151} INFO - [2023-09-01T02:32:10.093+0900] {dag.py:3677} INFO - Setting next_dagrun for example_weekday_branch_operator to 2023-08-30T00:00:00+00:00, run_after=2023-08-31T00:00:00+00:00
[2023-09-01T02:32:10.099+0900] {processor.py:179} INFO - Processing /opt/homebrew/Caskroom/miniforge/base/lib/python3.10/site-packages/airflow/example_dags/example_branch_day_of_week_operator.py took 0.093 seconds
[2023-09-01T02:33:22.512+0900] {processor.py:157} INFO - Started process (PID=13742) to work on /opt/homebrew/Caskroom/miniforge/base/lib/python3.10/site-packages/airflow/example_dags/example_branch_day_of_week_operator.py
[2023-09-01T02:33:22.512+0900] {processor.py:829} INFO - Processing file /opt/homebrew/Caskroom/miniforge/base/lib/python3.10/site-packages/airflow/example_dags/example_branch_day_of_week_operator.py for tasks to queue
[2023-09-01T02:33:22.512+0900] {logging_mixin.py:151} INFO - [2023-09-01T02:33:22.512+0900] {dagbag.py:539} INFO - Filling up the DagBag from /opt/homebrew/Caskroom/miniforge/base/lib/python3.10/site-packages/airflow/example_dags/example_branch_day_of_week_operator.py
[2023-09-01T02:33:22.522+0900] {processor.py:839} INFO - DAG(s) dict_keys(['example_weekday_branch_operator']) retrieved from /opt/homebrew/Caskroom/miniforge/base/lib/python3.10/site-packages/airflow/example_dags/example_branch_day_of_week_operator.py
[2023-09-01T02:33:22.600+0900] {logging_mixin.py:151} INFO - [2023-09-01T02:33:22.600+0900] {dag.py:2907} INFO - Sync 1 DAGs
[2023-09-01T02:33:22.608+0900] {logging_mixin.py:151} INFO - [2023-09-01T02:33:22.608+0900] {dag.py:3677} INFO - Setting next_dagrun for example_weekday_branch_operator to 2023-08-30T00:00:00+00:00, run_after=2023-08-31T00:00:00+00:00
[2023-09-01T02:33:22.616+0900] {processor.py:179} INFO - Processing /opt/homebrew/Caskroom/miniforge/base/lib/python3.10/site-packages/airflow/example_dags/example_branch_day_of_week_operator.py took 0.105 seconds
[2023-09-01T02:34:33.208+0900] {processor.py:157} INFO - Started process (PID=13795) to work on /opt/homebrew/Caskroom/miniforge/base/lib/python3.10/site-packages/airflow/example_dags/example_branch_day_of_week_operator.py
[2023-09-01T02:34:33.209+0900] {processor.py:829} INFO - Processing file /opt/homebrew/Caskroom/miniforge/base/lib/python3.10/site-packages/airflow/example_dags/example_branch_day_of_week_operator.py for tasks to queue
[2023-09-01T02:34:33.210+0900] {logging_mixin.py:151} INFO - [2023-09-01T02:34:33.210+0900] {dagbag.py:539} INFO - Filling up the DagBag from /opt/homebrew/Caskroom/miniforge/base/lib/python3.10/site-packages/airflow/example_dags/example_branch_day_of_week_operator.py
[2023-09-01T02:34:33.219+0900] {processor.py:839} INFO - DAG(s) dict_keys(['example_weekday_branch_operator']) retrieved from /opt/homebrew/Caskroom/miniforge/base/lib/python3.10/site-packages/airflow/example_dags/example_branch_day_of_week_operator.py
[2023-09-01T02:34:33.288+0900] {logging_mixin.py:151} INFO - [2023-09-01T02:34:33.288+0900] {dag.py:2907} INFO - Sync 1 DAGs
[2023-09-01T02:34:33.295+0900] {logging_mixin.py:151} INFO - [2023-09-01T02:34:33.295+0900] {dag.py:3677} INFO - Setting next_dagrun for example_weekday_branch_operator to 2023-08-30T00:00:00+00:00, run_after=2023-08-31T00:00:00+00:00
[2023-09-01T02:34:33.301+0900] {processor.py:179} INFO - Processing /opt/homebrew/Caskroom/miniforge/base/lib/python3.10/site-packages/airflow/example_dags/example_branch_day_of_week_operator.py took 0.093 seconds
