[2023-09-01T02:30:31.414+0900] {processor.py:157} INFO - Started process (PID=13605) to work on /opt/homebrew/Caskroom/miniforge/base/lib/python3.10/site-packages/airflow/example_dags/example_external_task_marker_dag.py
[2023-09-01T02:30:31.414+0900] {processor.py:829} INFO - Processing file /opt/homebrew/Caskroom/miniforge/base/lib/python3.10/site-packages/airflow/example_dags/example_external_task_marker_dag.py for tasks to queue
[2023-09-01T02:30:31.414+0900] {logging_mixin.py:151} INFO - [2023-09-01T02:30:31.414+0900] {dagbag.py:539} INFO - Filling up the DagBag from /opt/homebrew/Caskroom/miniforge/base/lib/python3.10/site-packages/airflow/example_dags/example_external_task_marker_dag.py
[2023-09-01T02:30:31.423+0900] {processor.py:839} INFO - DAG(s) dict_keys(['example_external_task_marker_parent', 'example_external_task_marker_child']) retrieved from /opt/homebrew/Caskroom/miniforge/base/lib/python3.10/site-packages/airflow/example_dags/example_external_task_marker_dag.py
[2023-09-01T02:30:31.781+0900] {logging_mixin.py:151} INFO - [2023-09-01T02:30:31.781+0900] {manager.py:501} INFO - Created Permission View: can read on DAG:example_external_task_marker_parent
[2023-09-01T02:30:31.784+0900] {logging_mixin.py:151} INFO - [2023-09-01T02:30:31.784+0900] {manager.py:501} INFO - Created Permission View: can edit on DAG:example_external_task_marker_parent
[2023-09-01T02:30:31.786+0900] {logging_mixin.py:151} INFO - [2023-09-01T02:30:31.786+0900] {manager.py:501} INFO - Created Permission View: can delete on DAG:example_external_task_marker_parent
[2023-09-01T02:30:31.800+0900] {logging_mixin.py:151} INFO - [2023-09-01T02:30:31.800+0900] {manager.py:501} INFO - Created Permission View: can read on DAG:example_external_task_marker_child
[2023-09-01T02:30:31.802+0900] {logging_mixin.py:151} INFO - [2023-09-01T02:30:31.802+0900] {manager.py:501} INFO - Created Permission View: can edit on DAG:example_external_task_marker_child
[2023-09-01T02:30:31.804+0900] {logging_mixin.py:151} INFO - [2023-09-01T02:30:31.804+0900] {manager.py:501} INFO - Created Permission View: can delete on DAG:example_external_task_marker_child
[2023-09-01T02:30:31.805+0900] {logging_mixin.py:151} INFO - [2023-09-01T02:30:31.805+0900] {dag.py:2907} INFO - Sync 2 DAGs
[2023-09-01T02:30:31.809+0900] {logging_mixin.py:151} INFO - [2023-09-01T02:30:31.809+0900] {dag.py:2929} INFO - Creating ORM DAG for example_external_task_marker_child
[2023-09-01T02:30:31.809+0900] {logging_mixin.py:151} INFO - [2023-09-01T02:30:31.809+0900] {dag.py:2929} INFO - Creating ORM DAG for example_external_task_marker_parent
[2023-09-01T02:30:31.809+0900] {logging_mixin.py:151} INFO - [2023-09-01T02:30:31.809+0900] {dag.py:3677} INFO - Setting next_dagrun for example_external_task_marker_child to None, run_after=None
[2023-09-01T02:30:31.809+0900] {logging_mixin.py:151} INFO - [2023-09-01T02:30:31.809+0900] {dag.py:3677} INFO - Setting next_dagrun for example_external_task_marker_parent to None, run_after=None
[2023-09-01T02:30:31.815+0900] {processor.py:179} INFO - Processing /opt/homebrew/Caskroom/miniforge/base/lib/python3.10/site-packages/airflow/example_dags/example_external_task_marker_dag.py took 0.402 seconds
[2023-09-01T02:31:54.395+0900] {processor.py:157} INFO - Started process (PID=13663) to work on /opt/homebrew/Caskroom/miniforge/base/lib/python3.10/site-packages/airflow/example_dags/example_external_task_marker_dag.py
[2023-09-01T02:31:54.395+0900] {processor.py:829} INFO - Processing file /opt/homebrew/Caskroom/miniforge/base/lib/python3.10/site-packages/airflow/example_dags/example_external_task_marker_dag.py for tasks to queue
[2023-09-01T02:31:54.395+0900] {logging_mixin.py:151} INFO - [2023-09-01T02:31:54.395+0900] {dagbag.py:539} INFO - Filling up the DagBag from /opt/homebrew/Caskroom/miniforge/base/lib/python3.10/site-packages/airflow/example_dags/example_external_task_marker_dag.py
[2023-09-01T02:31:54.404+0900] {processor.py:839} INFO - DAG(s) dict_keys(['example_external_task_marker_child', 'example_external_task_marker_parent']) retrieved from /opt/homebrew/Caskroom/miniforge/base/lib/python3.10/site-packages/airflow/example_dags/example_external_task_marker_dag.py
[2023-09-01T02:31:54.480+0900] {logging_mixin.py:151} INFO - [2023-09-01T02:31:54.480+0900] {dag.py:2907} INFO - Sync 2 DAGs
[2023-09-01T02:31:54.484+0900] {logging_mixin.py:151} INFO - [2023-09-01T02:31:54.484+0900] {dag.py:3677} INFO - Setting next_dagrun for example_external_task_marker_child to None, run_after=None
[2023-09-01T02:31:54.485+0900] {logging_mixin.py:151} INFO - [2023-09-01T02:31:54.485+0900] {dag.py:3677} INFO - Setting next_dagrun for example_external_task_marker_parent to None, run_after=None
[2023-09-01T02:31:54.491+0900] {processor.py:179} INFO - Processing /opt/homebrew/Caskroom/miniforge/base/lib/python3.10/site-packages/airflow/example_dags/example_external_task_marker_dag.py took 0.097 seconds
[2023-09-01T02:33:06.832+0900] {processor.py:157} INFO - Started process (PID=13732) to work on /opt/homebrew/Caskroom/miniforge/base/lib/python3.10/site-packages/airflow/example_dags/example_external_task_marker_dag.py
[2023-09-01T02:33:06.832+0900] {processor.py:829} INFO - Processing file /opt/homebrew/Caskroom/miniforge/base/lib/python3.10/site-packages/airflow/example_dags/example_external_task_marker_dag.py for tasks to queue
[2023-09-01T02:33:06.832+0900] {logging_mixin.py:151} INFO - [2023-09-01T02:33:06.832+0900] {dagbag.py:539} INFO - Filling up the DagBag from /opt/homebrew/Caskroom/miniforge/base/lib/python3.10/site-packages/airflow/example_dags/example_external_task_marker_dag.py
[2023-09-01T02:33:06.841+0900] {processor.py:839} INFO - DAG(s) dict_keys(['example_external_task_marker_child', 'example_external_task_marker_parent']) retrieved from /opt/homebrew/Caskroom/miniforge/base/lib/python3.10/site-packages/airflow/example_dags/example_external_task_marker_dag.py
[2023-09-01T02:33:06.916+0900] {logging_mixin.py:151} INFO - [2023-09-01T02:33:06.916+0900] {dag.py:2907} INFO - Sync 2 DAGs
[2023-09-01T02:33:06.920+0900] {logging_mixin.py:151} INFO - [2023-09-01T02:33:06.920+0900] {dag.py:3677} INFO - Setting next_dagrun for example_external_task_marker_child to None, run_after=None
[2023-09-01T02:33:06.921+0900] {logging_mixin.py:151} INFO - [2023-09-01T02:33:06.921+0900] {dag.py:3677} INFO - Setting next_dagrun for example_external_task_marker_parent to None, run_after=None
[2023-09-01T02:33:06.927+0900] {processor.py:179} INFO - Processing /opt/homebrew/Caskroom/miniforge/base/lib/python3.10/site-packages/airflow/example_dags/example_external_task_marker_dag.py took 0.095 seconds
[2023-09-01T02:34:18.346+0900] {processor.py:157} INFO - Started process (PID=13783) to work on /opt/homebrew/Caskroom/miniforge/base/lib/python3.10/site-packages/airflow/example_dags/example_external_task_marker_dag.py
[2023-09-01T02:34:18.347+0900] {processor.py:829} INFO - Processing file /opt/homebrew/Caskroom/miniforge/base/lib/python3.10/site-packages/airflow/example_dags/example_external_task_marker_dag.py for tasks to queue
[2023-09-01T02:34:18.347+0900] {logging_mixin.py:151} INFO - [2023-09-01T02:34:18.347+0900] {dagbag.py:539} INFO - Filling up the DagBag from /opt/homebrew/Caskroom/miniforge/base/lib/python3.10/site-packages/airflow/example_dags/example_external_task_marker_dag.py
[2023-09-01T02:34:18.359+0900] {processor.py:839} INFO - DAG(s) dict_keys(['example_external_task_marker_parent', 'example_external_task_marker_child']) retrieved from /opt/homebrew/Caskroom/miniforge/base/lib/python3.10/site-packages/airflow/example_dags/example_external_task_marker_dag.py
[2023-09-01T02:34:18.449+0900] {logging_mixin.py:151} INFO - [2023-09-01T02:34:18.448+0900] {dag.py:2907} INFO - Sync 2 DAGs
[2023-09-01T02:34:18.453+0900] {logging_mixin.py:151} INFO - [2023-09-01T02:34:18.453+0900] {dag.py:3677} INFO - Setting next_dagrun for example_external_task_marker_child to None, run_after=None
[2023-09-01T02:34:18.455+0900] {logging_mixin.py:151} INFO - [2023-09-01T02:34:18.455+0900] {dag.py:3677} INFO - Setting next_dagrun for example_external_task_marker_parent to None, run_after=None
[2023-09-01T02:34:18.461+0900] {processor.py:179} INFO - Processing /opt/homebrew/Caskroom/miniforge/base/lib/python3.10/site-packages/airflow/example_dags/example_external_task_marker_dag.py took 0.116 seconds
