[2023-09-01T02:30:41.471+0900] {processor.py:157} INFO - Started process (PID=13610) to work on /opt/homebrew/Caskroom/miniforge/base/lib/python3.10/site-packages/airflow/example_dags/example_complex.py
[2023-09-01T02:30:41.472+0900] {processor.py:829} INFO - Processing file /opt/homebrew/Caskroom/miniforge/base/lib/python3.10/site-packages/airflow/example_dags/example_complex.py for tasks to queue
[2023-09-01T02:30:41.472+0900] {logging_mixin.py:151} INFO - [2023-09-01T02:30:41.472+0900] {dagbag.py:539} INFO - Filling up the DagBag from /opt/homebrew/Caskroom/miniforge/base/lib/python3.10/site-packages/airflow/example_dags/example_complex.py
[2023-09-01T02:30:41.482+0900] {processor.py:839} INFO - DAG(s) dict_keys(['example_complex']) retrieved from /opt/homebrew/Caskroom/miniforge/base/lib/python3.10/site-packages/airflow/example_dags/example_complex.py
[2023-09-01T02:30:41.875+0900] {logging_mixin.py:151} INFO - [2023-09-01T02:30:41.875+0900] {manager.py:501} INFO - Created Permission View: can read on DAG:example_complex
[2023-09-01T02:30:41.878+0900] {logging_mixin.py:151} INFO - [2023-09-01T02:30:41.878+0900] {manager.py:501} INFO - Created Permission View: can edit on DAG:example_complex
[2023-09-01T02:30:41.880+0900] {logging_mixin.py:151} INFO - [2023-09-01T02:30:41.880+0900] {manager.py:501} INFO - Created Permission View: can delete on DAG:example_complex
[2023-09-01T02:30:41.885+0900] {logging_mixin.py:151} INFO - [2023-09-01T02:30:41.884+0900] {dag.py:2907} INFO - Sync 1 DAGs
[2023-09-01T02:30:41.888+0900] {logging_mixin.py:151} INFO - [2023-09-01T02:30:41.888+0900] {dag.py:2929} INFO - Creating ORM DAG for example_complex
[2023-09-01T02:30:41.888+0900] {logging_mixin.py:151} INFO - [2023-09-01T02:30:41.888+0900] {dag.py:3677} INFO - Setting next_dagrun for example_complex to None, run_after=None
[2023-09-01T02:30:41.894+0900] {processor.py:179} INFO - Processing /opt/homebrew/Caskroom/miniforge/base/lib/python3.10/site-packages/airflow/example_dags/example_complex.py took 0.423 seconds
[2023-09-01T02:32:02.452+0900] {processor.py:157} INFO - Started process (PID=13686) to work on /opt/homebrew/Caskroom/miniforge/base/lib/python3.10/site-packages/airflow/example_dags/example_complex.py
[2023-09-01T02:32:02.453+0900] {processor.py:829} INFO - Processing file /opt/homebrew/Caskroom/miniforge/base/lib/python3.10/site-packages/airflow/example_dags/example_complex.py for tasks to queue
[2023-09-01T02:32:02.453+0900] {logging_mixin.py:151} INFO - [2023-09-01T02:32:02.453+0900] {dagbag.py:539} INFO - Filling up the DagBag from /opt/homebrew/Caskroom/miniforge/base/lib/python3.10/site-packages/airflow/example_dags/example_complex.py
[2023-09-01T02:32:02.463+0900] {processor.py:839} INFO - DAG(s) dict_keys(['example_complex']) retrieved from /opt/homebrew/Caskroom/miniforge/base/lib/python3.10/site-packages/airflow/example_dags/example_complex.py
[2023-09-01T02:32:02.536+0900] {logging_mixin.py:151} INFO - [2023-09-01T02:32:02.536+0900] {dag.py:2907} INFO - Sync 1 DAGs
[2023-09-01T02:32:02.540+0900] {logging_mixin.py:151} INFO - [2023-09-01T02:32:02.540+0900] {dag.py:3677} INFO - Setting next_dagrun for example_complex to None, run_after=None
[2023-09-01T02:32:02.547+0900] {processor.py:179} INFO - Processing /opt/homebrew/Caskroom/miniforge/base/lib/python3.10/site-packages/airflow/example_dags/example_complex.py took 0.095 seconds
[2023-09-01T02:33:15.303+0900] {processor.py:157} INFO - Started process (PID=13737) to work on /opt/homebrew/Caskroom/miniforge/base/lib/python3.10/site-packages/airflow/example_dags/example_complex.py
[2023-09-01T02:33:15.303+0900] {processor.py:829} INFO - Processing file /opt/homebrew/Caskroom/miniforge/base/lib/python3.10/site-packages/airflow/example_dags/example_complex.py for tasks to queue
[2023-09-01T02:33:15.303+0900] {logging_mixin.py:151} INFO - [2023-09-01T02:33:15.303+0900] {dagbag.py:539} INFO - Filling up the DagBag from /opt/homebrew/Caskroom/miniforge/base/lib/python3.10/site-packages/airflow/example_dags/example_complex.py
[2023-09-01T02:33:15.315+0900] {processor.py:839} INFO - DAG(s) dict_keys(['example_complex']) retrieved from /opt/homebrew/Caskroom/miniforge/base/lib/python3.10/site-packages/airflow/example_dags/example_complex.py
[2023-09-01T02:33:15.401+0900] {logging_mixin.py:151} INFO - [2023-09-01T02:33:15.401+0900] {dag.py:2907} INFO - Sync 1 DAGs
[2023-09-01T02:33:15.405+0900] {logging_mixin.py:151} INFO - [2023-09-01T02:33:15.405+0900] {dag.py:3677} INFO - Setting next_dagrun for example_complex to None, run_after=None
[2023-09-01T02:33:15.414+0900] {processor.py:179} INFO - Processing /opt/homebrew/Caskroom/miniforge/base/lib/python3.10/site-packages/airflow/example_dags/example_complex.py took 0.111 seconds
[2023-09-01T02:34:25.942+0900] {processor.py:157} INFO - Started process (PID=13788) to work on /opt/homebrew/Caskroom/miniforge/base/lib/python3.10/site-packages/airflow/example_dags/example_complex.py
[2023-09-01T02:34:25.942+0900] {processor.py:829} INFO - Processing file /opt/homebrew/Caskroom/miniforge/base/lib/python3.10/site-packages/airflow/example_dags/example_complex.py for tasks to queue
[2023-09-01T02:34:25.942+0900] {logging_mixin.py:151} INFO - [2023-09-01T02:34:25.942+0900] {dagbag.py:539} INFO - Filling up the DagBag from /opt/homebrew/Caskroom/miniforge/base/lib/python3.10/site-packages/airflow/example_dags/example_complex.py
[2023-09-01T02:34:25.952+0900] {processor.py:839} INFO - DAG(s) dict_keys(['example_complex']) retrieved from /opt/homebrew/Caskroom/miniforge/base/lib/python3.10/site-packages/airflow/example_dags/example_complex.py
[2023-09-01T02:34:26.025+0900] {logging_mixin.py:151} INFO - [2023-09-01T02:34:26.025+0900] {dag.py:2907} INFO - Sync 1 DAGs
[2023-09-01T02:34:26.029+0900] {logging_mixin.py:151} INFO - [2023-09-01T02:34:26.029+0900] {dag.py:3677} INFO - Setting next_dagrun for example_complex to None, run_after=None
[2023-09-01T02:34:26.035+0900] {processor.py:179} INFO - Processing /opt/homebrew/Caskroom/miniforge/base/lib/python3.10/site-packages/airflow/example_dags/example_complex.py took 0.094 seconds
