[2023-09-01T02:30:45.409+0900] {processor.py:157} INFO - Started process (PID=13612) to work on /opt/homebrew/Caskroom/miniforge/base/lib/python3.10/site-packages/airflow/example_dags/example_branch_operator_decorator.py
[2023-09-01T02:30:45.410+0900] {processor.py:829} INFO - Processing file /opt/homebrew/Caskroom/miniforge/base/lib/python3.10/site-packages/airflow/example_dags/example_branch_operator_decorator.py for tasks to queue
[2023-09-01T02:30:45.410+0900] {logging_mixin.py:151} INFO - [2023-09-01T02:30:45.410+0900] {dagbag.py:539} INFO - Filling up the DagBag from /opt/homebrew/Caskroom/miniforge/base/lib/python3.10/site-packages/airflow/example_dags/example_branch_operator_decorator.py
[2023-09-01T02:30:45.430+0900] {processor.py:839} INFO - DAG(s) dict_keys(['example_branch_python_operator_decorator']) retrieved from /opt/homebrew/Caskroom/miniforge/base/lib/python3.10/site-packages/airflow/example_dags/example_branch_operator_decorator.py
[2023-09-01T02:30:45.789+0900] {logging_mixin.py:151} INFO - [2023-09-01T02:30:45.789+0900] {manager.py:501} INFO - Created Permission View: can delete on DAG:example_branch_python_operator_decorator
[2023-09-01T02:30:45.792+0900] {logging_mixin.py:151} INFO - [2023-09-01T02:30:45.792+0900] {manager.py:501} INFO - Created Permission View: can read on DAG:example_branch_python_operator_decorator
[2023-09-01T02:30:45.794+0900] {logging_mixin.py:151} INFO - [2023-09-01T02:30:45.794+0900] {manager.py:501} INFO - Created Permission View: can edit on DAG:example_branch_python_operator_decorator
[2023-09-01T02:30:45.797+0900] {logging_mixin.py:151} INFO - [2023-09-01T02:30:45.797+0900] {dag.py:2907} INFO - Sync 1 DAGs
[2023-09-01T02:30:45.800+0900] {logging_mixin.py:151} INFO - [2023-09-01T02:30:45.800+0900] {dag.py:2929} INFO - Creating ORM DAG for example_branch_python_operator_decorator
[2023-09-01T02:30:45.804+0900] {logging_mixin.py:151} INFO - [2023-09-01T02:30:45.804+0900] {dag.py:3677} INFO - Setting next_dagrun for example_branch_python_operator_decorator to 2023-08-30T00:00:00+00:00, run_after=2023-08-31T00:00:00+00:00
[2023-09-01T02:30:45.810+0900] {processor.py:179} INFO - Processing /opt/homebrew/Caskroom/miniforge/base/lib/python3.10/site-packages/airflow/example_dags/example_branch_operator_decorator.py took 0.401 seconds
[2023-09-01T02:32:05.706+0900] {processor.py:157} INFO - Started process (PID=13688) to work on /opt/homebrew/Caskroom/miniforge/base/lib/python3.10/site-packages/airflow/example_dags/example_branch_operator_decorator.py
[2023-09-01T02:32:05.707+0900] {processor.py:829} INFO - Processing file /opt/homebrew/Caskroom/miniforge/base/lib/python3.10/site-packages/airflow/example_dags/example_branch_operator_decorator.py for tasks to queue
[2023-09-01T02:32:05.707+0900] {logging_mixin.py:151} INFO - [2023-09-01T02:32:05.707+0900] {dagbag.py:539} INFO - Filling up the DagBag from /opt/homebrew/Caskroom/miniforge/base/lib/python3.10/site-packages/airflow/example_dags/example_branch_operator_decorator.py
[2023-09-01T02:32:05.728+0900] {processor.py:839} INFO - DAG(s) dict_keys(['example_branch_python_operator_decorator']) retrieved from /opt/homebrew/Caskroom/miniforge/base/lib/python3.10/site-packages/airflow/example_dags/example_branch_operator_decorator.py
[2023-09-01T02:32:05.796+0900] {logging_mixin.py:151} INFO - [2023-09-01T02:32:05.796+0900] {dag.py:2907} INFO - Sync 1 DAGs
[2023-09-01T02:32:05.803+0900] {logging_mixin.py:151} INFO - [2023-09-01T02:32:05.803+0900] {dag.py:3677} INFO - Setting next_dagrun for example_branch_python_operator_decorator to 2023-08-30T00:00:00+00:00, run_after=2023-08-31T00:00:00+00:00
[2023-09-01T02:32:05.810+0900] {processor.py:179} INFO - Processing /opt/homebrew/Caskroom/miniforge/base/lib/python3.10/site-packages/airflow/example_dags/example_branch_operator_decorator.py took 0.104 seconds
[2023-09-01T02:33:18.594+0900] {processor.py:157} INFO - Started process (PID=13739) to work on /opt/homebrew/Caskroom/miniforge/base/lib/python3.10/site-packages/airflow/example_dags/example_branch_operator_decorator.py
[2023-09-01T02:33:18.595+0900] {processor.py:829} INFO - Processing file /opt/homebrew/Caskroom/miniforge/base/lib/python3.10/site-packages/airflow/example_dags/example_branch_operator_decorator.py for tasks to queue
[2023-09-01T02:33:18.595+0900] {logging_mixin.py:151} INFO - [2023-09-01T02:33:18.595+0900] {dagbag.py:539} INFO - Filling up the DagBag from /opt/homebrew/Caskroom/miniforge/base/lib/python3.10/site-packages/airflow/example_dags/example_branch_operator_decorator.py
[2023-09-01T02:33:18.614+0900] {processor.py:839} INFO - DAG(s) dict_keys(['example_branch_python_operator_decorator']) retrieved from /opt/homebrew/Caskroom/miniforge/base/lib/python3.10/site-packages/airflow/example_dags/example_branch_operator_decorator.py
[2023-09-01T02:33:18.682+0900] {logging_mixin.py:151} INFO - [2023-09-01T02:33:18.682+0900] {dag.py:2907} INFO - Sync 1 DAGs
[2023-09-01T02:33:18.688+0900] {logging_mixin.py:151} INFO - [2023-09-01T02:33:18.688+0900] {dag.py:3677} INFO - Setting next_dagrun for example_branch_python_operator_decorator to 2023-08-30T00:00:00+00:00, run_after=2023-08-31T00:00:00+00:00
[2023-09-01T02:33:18.695+0900] {processor.py:179} INFO - Processing /opt/homebrew/Caskroom/miniforge/base/lib/python3.10/site-packages/airflow/example_dags/example_branch_operator_decorator.py took 0.101 seconds
[2023-09-01T02:34:28.491+0900] {processor.py:157} INFO - Started process (PID=13790) to work on /opt/homebrew/Caskroom/miniforge/base/lib/python3.10/site-packages/airflow/example_dags/example_branch_operator_decorator.py
[2023-09-01T02:34:28.492+0900] {processor.py:829} INFO - Processing file /opt/homebrew/Caskroom/miniforge/base/lib/python3.10/site-packages/airflow/example_dags/example_branch_operator_decorator.py for tasks to queue
[2023-09-01T02:34:28.492+0900] {logging_mixin.py:151} INFO - [2023-09-01T02:34:28.492+0900] {dagbag.py:539} INFO - Filling up the DagBag from /opt/homebrew/Caskroom/miniforge/base/lib/python3.10/site-packages/airflow/example_dags/example_branch_operator_decorator.py
[2023-09-01T02:34:28.512+0900] {processor.py:839} INFO - DAG(s) dict_keys(['example_branch_python_operator_decorator']) retrieved from /opt/homebrew/Caskroom/miniforge/base/lib/python3.10/site-packages/airflow/example_dags/example_branch_operator_decorator.py
[2023-09-01T02:34:28.582+0900] {logging_mixin.py:151} INFO - [2023-09-01T02:34:28.581+0900] {dag.py:2907} INFO - Sync 1 DAGs
[2023-09-01T02:34:28.588+0900] {logging_mixin.py:151} INFO - [2023-09-01T02:34:28.588+0900] {dag.py:3677} INFO - Setting next_dagrun for example_branch_python_operator_decorator to 2023-08-30T00:00:00+00:00, run_after=2023-08-31T00:00:00+00:00
[2023-09-01T02:34:28.596+0900] {processor.py:179} INFO - Processing /opt/homebrew/Caskroom/miniforge/base/lib/python3.10/site-packages/airflow/example_dags/example_branch_operator_decorator.py took 0.105 seconds
