[2023-09-01T02:30:43.419+0900] {processor.py:157} INFO - Started process (PID=13611) to work on /opt/homebrew/Caskroom/miniforge/base/lib/python3.10/site-packages/airflow/example_dags/example_branch_python_dop_operator_3.py
[2023-09-01T02:30:43.419+0900] {processor.py:829} INFO - Processing file /opt/homebrew/Caskroom/miniforge/base/lib/python3.10/site-packages/airflow/example_dags/example_branch_python_dop_operator_3.py for tasks to queue
[2023-09-01T02:30:43.419+0900] {logging_mixin.py:151} INFO - [2023-09-01T02:30:43.419+0900] {dagbag.py:539} INFO - Filling up the DagBag from /opt/homebrew/Caskroom/miniforge/base/lib/python3.10/site-packages/airflow/example_dags/example_branch_python_dop_operator_3.py
[2023-09-01T02:30:43.439+0900] {processor.py:839} INFO - DAG(s) dict_keys(['example_branch_dop_operator_v3']) retrieved from /opt/homebrew/Caskroom/miniforge/base/lib/python3.10/site-packages/airflow/example_dags/example_branch_python_dop_operator_3.py
[2023-09-01T02:30:43.798+0900] {logging_mixin.py:151} INFO - [2023-09-01T02:30:43.798+0900] {manager.py:501} INFO - Created Permission View: can delete on DAG:example_branch_dop_operator_v3
[2023-09-01T02:30:43.801+0900] {logging_mixin.py:151} INFO - [2023-09-01T02:30:43.801+0900] {manager.py:501} INFO - Created Permission View: can read on DAG:example_branch_dop_operator_v3
[2023-09-01T02:30:43.803+0900] {logging_mixin.py:151} INFO - [2023-09-01T02:30:43.803+0900] {manager.py:501} INFO - Created Permission View: can edit on DAG:example_branch_dop_operator_v3
[2023-09-01T02:30:43.807+0900] {logging_mixin.py:151} INFO - [2023-09-01T02:30:43.806+0900] {dag.py:2907} INFO - Sync 1 DAGs
[2023-09-01T02:30:43.810+0900] {logging_mixin.py:151} INFO - [2023-09-01T02:30:43.810+0900] {dag.py:2929} INFO - Creating ORM DAG for example_branch_dop_operator_v3
[2023-09-01T02:30:43.814+0900] {logging_mixin.py:151} INFO - [2023-09-01T02:30:43.814+0900] {dag.py:3677} INFO - Setting next_dagrun for example_branch_dop_operator_v3 to 2023-08-31T17:29:00+00:00, run_after=2023-08-31T17:30:00+00:00
[2023-09-01T02:30:43.821+0900] {processor.py:179} INFO - Processing /opt/homebrew/Caskroom/miniforge/base/lib/python3.10/site-packages/airflow/example_dags/example_branch_python_dop_operator_3.py took 0.402 seconds
[2023-09-01T02:32:04.065+0900] {processor.py:157} INFO - Started process (PID=13687) to work on /opt/homebrew/Caskroom/miniforge/base/lib/python3.10/site-packages/airflow/example_dags/example_branch_python_dop_operator_3.py
[2023-09-01T02:32:04.066+0900] {processor.py:829} INFO - Processing file /opt/homebrew/Caskroom/miniforge/base/lib/python3.10/site-packages/airflow/example_dags/example_branch_python_dop_operator_3.py for tasks to queue
[2023-09-01T02:32:04.067+0900] {logging_mixin.py:151} INFO - [2023-09-01T02:32:04.067+0900] {dagbag.py:539} INFO - Filling up the DagBag from /opt/homebrew/Caskroom/miniforge/base/lib/python3.10/site-packages/airflow/example_dags/example_branch_python_dop_operator_3.py
[2023-09-01T02:32:04.087+0900] {processor.py:839} INFO - DAG(s) dict_keys(['example_branch_dop_operator_v3']) retrieved from /opt/homebrew/Caskroom/miniforge/base/lib/python3.10/site-packages/airflow/example_dags/example_branch_python_dop_operator_3.py
[2023-09-01T02:32:04.153+0900] {logging_mixin.py:151} INFO - [2023-09-01T02:32:04.153+0900] {dag.py:2907} INFO - Sync 1 DAGs
[2023-09-01T02:32:04.161+0900] {logging_mixin.py:151} INFO - [2023-09-01T02:32:04.161+0900] {dag.py:3677} INFO - Setting next_dagrun for example_branch_dop_operator_v3 to 2023-08-31T17:31:00+00:00, run_after=2023-08-31T17:32:00+00:00
[2023-09-01T02:32:04.168+0900] {processor.py:179} INFO - Processing /opt/homebrew/Caskroom/miniforge/base/lib/python3.10/site-packages/airflow/example_dags/example_branch_python_dop_operator_3.py took 0.103 seconds
[2023-09-01T02:33:16.972+0900] {processor.py:157} INFO - Started process (PID=13738) to work on /opt/homebrew/Caskroom/miniforge/base/lib/python3.10/site-packages/airflow/example_dags/example_branch_python_dop_operator_3.py
[2023-09-01T02:33:16.972+0900] {processor.py:829} INFO - Processing file /opt/homebrew/Caskroom/miniforge/base/lib/python3.10/site-packages/airflow/example_dags/example_branch_python_dop_operator_3.py for tasks to queue
[2023-09-01T02:33:16.972+0900] {logging_mixin.py:151} INFO - [2023-09-01T02:33:16.972+0900] {dagbag.py:539} INFO - Filling up the DagBag from /opt/homebrew/Caskroom/miniforge/base/lib/python3.10/site-packages/airflow/example_dags/example_branch_python_dop_operator_3.py
[2023-09-01T02:33:16.992+0900] {processor.py:839} INFO - DAG(s) dict_keys(['example_branch_dop_operator_v3']) retrieved from /opt/homebrew/Caskroom/miniforge/base/lib/python3.10/site-packages/airflow/example_dags/example_branch_python_dop_operator_3.py
[2023-09-01T02:33:17.058+0900] {logging_mixin.py:151} INFO - [2023-09-01T02:33:17.058+0900] {dag.py:2907} INFO - Sync 1 DAGs
[2023-09-01T02:33:17.065+0900] {logging_mixin.py:151} INFO - [2023-09-01T02:33:17.065+0900] {dag.py:3677} INFO - Setting next_dagrun for example_branch_dop_operator_v3 to 2023-08-31T17:32:00+00:00, run_after=2023-08-31T17:33:00+00:00
[2023-09-01T02:33:17.073+0900] {processor.py:179} INFO - Processing /opt/homebrew/Caskroom/miniforge/base/lib/python3.10/site-packages/airflow/example_dags/example_branch_python_dop_operator_3.py took 0.101 seconds
[2023-09-01T02:34:26.849+0900] {processor.py:157} INFO - Started process (PID=13789) to work on /opt/homebrew/Caskroom/miniforge/base/lib/python3.10/site-packages/airflow/example_dags/example_branch_python_dop_operator_3.py
[2023-09-01T02:34:26.850+0900] {processor.py:829} INFO - Processing file /opt/homebrew/Caskroom/miniforge/base/lib/python3.10/site-packages/airflow/example_dags/example_branch_python_dop_operator_3.py for tasks to queue
[2023-09-01T02:34:26.850+0900] {logging_mixin.py:151} INFO - [2023-09-01T02:34:26.850+0900] {dagbag.py:539} INFO - Filling up the DagBag from /opt/homebrew/Caskroom/miniforge/base/lib/python3.10/site-packages/airflow/example_dags/example_branch_python_dop_operator_3.py
[2023-09-01T02:34:26.870+0900] {processor.py:839} INFO - DAG(s) dict_keys(['example_branch_dop_operator_v3']) retrieved from /opt/homebrew/Caskroom/miniforge/base/lib/python3.10/site-packages/airflow/example_dags/example_branch_python_dop_operator_3.py
[2023-09-01T02:34:26.940+0900] {logging_mixin.py:151} INFO - [2023-09-01T02:34:26.940+0900] {dag.py:2907} INFO - Sync 1 DAGs
[2023-09-01T02:34:26.948+0900] {logging_mixin.py:151} INFO - [2023-09-01T02:34:26.948+0900] {dag.py:3677} INFO - Setting next_dagrun for example_branch_dop_operator_v3 to 2023-08-31T17:33:00+00:00, run_after=2023-08-31T17:34:00+00:00
[2023-09-01T02:34:26.955+0900] {processor.py:179} INFO - Processing /opt/homebrew/Caskroom/miniforge/base/lib/python3.10/site-packages/airflow/example_dags/example_branch_python_dop_operator_3.py took 0.107 seconds
