[2023-09-01T02:29:59.835+0900] {processor.py:157} INFO - Started process (PID=13586) to work on /opt/homebrew/Caskroom/miniforge/base/lib/python3.10/site-packages/airflow/example_dags/example_subdag_operator.py
[2023-09-01T02:29:59.835+0900] {processor.py:829} INFO - Processing file /opt/homebrew/Caskroom/miniforge/base/lib/python3.10/site-packages/airflow/example_dags/example_subdag_operator.py for tasks to queue
[2023-09-01T02:29:59.835+0900] {logging_mixin.py:151} INFO - [2023-09-01T02:29:59.835+0900] {dagbag.py:539} INFO - Filling up the DagBag from /opt/homebrew/Caskroom/miniforge/base/lib/python3.10/site-packages/airflow/example_dags/example_subdag_operator.py
[2023-09-01T02:29:59.888+0900] {processor.py:839} INFO - DAG(s) dict_keys(['example_subdag_operator.section-1', 'example_subdag_operator.section-2', 'example_subdag_operator']) retrieved from /opt/homebrew/Caskroom/miniforge/base/lib/python3.10/site-packages/airflow/example_dags/example_subdag_operator.py
[2023-09-01T02:30:00.223+0900] {logging_mixin.py:151} INFO - [2023-09-01T02:30:00.223+0900] {manager.py:501} INFO - Created Permission View: can delete on DAG:example_subdag_operator
[2023-09-01T02:30:00.226+0900] {logging_mixin.py:151} INFO - [2023-09-01T02:30:00.226+0900] {manager.py:501} INFO - Created Permission View: can edit on DAG:example_subdag_operator
[2023-09-01T02:30:00.228+0900] {logging_mixin.py:151} INFO - [2023-09-01T02:30:00.228+0900] {manager.py:501} INFO - Created Permission View: can read on DAG:example_subdag_operator
[2023-09-01T02:30:00.232+0900] {logging_mixin.py:151} INFO - [2023-09-01T02:30:00.232+0900] {dag.py:2907} INFO - Sync 3 DAGs
[2023-09-01T02:30:00.235+0900] {logging_mixin.py:151} INFO - [2023-09-01T02:30:00.235+0900] {dag.py:2929} INFO - Creating ORM DAG for example_subdag_operator.section-2
[2023-09-01T02:30:00.235+0900] {logging_mixin.py:151} INFO - [2023-09-01T02:30:00.235+0900] {dag.py:2929} INFO - Creating ORM DAG for example_subdag_operator.section-1
[2023-09-01T02:30:00.236+0900] {logging_mixin.py:151} INFO - [2023-09-01T02:30:00.236+0900] {dag.py:2929} INFO - Creating ORM DAG for example_subdag_operator
[2023-09-01T02:30:00.238+0900] {logging_mixin.py:151} INFO - [2023-09-01T02:30:00.238+0900] {dag.py:3677} INFO - Setting next_dagrun for example_subdag_operator to 2022-01-01T00:00:00+00:00, run_after=2022-01-01T00:00:00+00:00
[2023-09-01T02:30:00.238+0900] {logging_mixin.py:151} INFO - [2023-09-01T02:30:00.238+0900] {dag.py:3677} INFO - Setting next_dagrun for example_subdag_operator.section-1 to None, run_after=None
[2023-09-01T02:30:00.239+0900] {logging_mixin.py:151} INFO - [2023-09-01T02:30:00.239+0900] {dag.py:3677} INFO - Setting next_dagrun for example_subdag_operator.section-2 to None, run_after=None
[2023-09-01T02:30:00.241+0900] {logging_mixin.py:151} INFO - [2023-09-01T02:30:00.241+0900] {dag.py:2907} INFO - Sync 2 DAGs
[2023-09-01T02:30:00.242+0900] {logging_mixin.py:151} INFO - [2023-09-01T02:30:00.242+0900] {dag.py:3677} INFO - Setting next_dagrun for example_subdag_operator.section-1 to None, run_after=None
[2023-09-01T02:30:00.243+0900] {logging_mixin.py:151} INFO - [2023-09-01T02:30:00.243+0900] {dag.py:3677} INFO - Setting next_dagrun for example_subdag_operator.section-2 to None, run_after=None
[2023-09-01T02:30:00.247+0900] {processor.py:179} INFO - Processing /opt/homebrew/Caskroom/miniforge/base/lib/python3.10/site-packages/airflow/example_dags/example_subdag_operator.py took 0.413 seconds
[2023-09-01T02:31:17.165+0900] {processor.py:157} INFO - Started process (PID=13635) to work on /opt/homebrew/Caskroom/miniforge/base/lib/python3.10/site-packages/airflow/example_dags/example_subdag_operator.py
[2023-09-01T02:31:17.165+0900] {processor.py:829} INFO - Processing file /opt/homebrew/Caskroom/miniforge/base/lib/python3.10/site-packages/airflow/example_dags/example_subdag_operator.py for tasks to queue
[2023-09-01T02:31:17.165+0900] {logging_mixin.py:151} INFO - [2023-09-01T02:31:17.165+0900] {dagbag.py:539} INFO - Filling up the DagBag from /opt/homebrew/Caskroom/miniforge/base/lib/python3.10/site-packages/airflow/example_dags/example_subdag_operator.py
[2023-09-01T02:31:17.218+0900] {processor.py:839} INFO - DAG(s) dict_keys(['example_subdag_operator.section-1', 'example_subdag_operator.section-2', 'example_subdag_operator']) retrieved from /opt/homebrew/Caskroom/miniforge/base/lib/python3.10/site-packages/airflow/example_dags/example_subdag_operator.py
[2023-09-01T02:31:17.256+0900] {logging_mixin.py:151} INFO - [2023-09-01T02:31:17.255+0900] {dag.py:2907} INFO - Sync 3 DAGs
[2023-09-01T02:31:17.262+0900] {logging_mixin.py:151} INFO - [2023-09-01T02:31:17.262+0900] {dag.py:3677} INFO - Setting next_dagrun for example_subdag_operator to 2022-01-01T00:00:00+00:00, run_after=2022-01-01T00:00:00+00:00
[2023-09-01T02:31:17.263+0900] {logging_mixin.py:151} INFO - [2023-09-01T02:31:17.263+0900] {dag.py:3677} INFO - Setting next_dagrun for example_subdag_operator.section-1 to None, run_after=None
[2023-09-01T02:31:17.263+0900] {logging_mixin.py:151} INFO - [2023-09-01T02:31:17.263+0900] {dag.py:3677} INFO - Setting next_dagrun for example_subdag_operator.section-2 to None, run_after=None
[2023-09-01T02:31:17.265+0900] {logging_mixin.py:151} INFO - [2023-09-01T02:31:17.265+0900] {dag.py:2907} INFO - Sync 2 DAGs
[2023-09-01T02:31:17.266+0900] {logging_mixin.py:151} INFO - [2023-09-01T02:31:17.266+0900] {dag.py:3677} INFO - Setting next_dagrun for example_subdag_operator.section-1 to None, run_after=None
[2023-09-01T02:31:17.266+0900] {logging_mixin.py:151} INFO - [2023-09-01T02:31:17.266+0900] {dag.py:3677} INFO - Setting next_dagrun for example_subdag_operator.section-2 to None, run_after=None
[2023-09-01T02:31:17.271+0900] {processor.py:179} INFO - Processing /opt/homebrew/Caskroom/miniforge/base/lib/python3.10/site-packages/airflow/example_dags/example_subdag_operator.py took 0.106 seconds
[2023-09-01T02:32:28.831+0900] {processor.py:157} INFO - Started process (PID=13704) to work on /opt/homebrew/Caskroom/miniforge/base/lib/python3.10/site-packages/airflow/example_dags/example_subdag_operator.py
[2023-09-01T02:32:28.832+0900] {processor.py:829} INFO - Processing file /opt/homebrew/Caskroom/miniforge/base/lib/python3.10/site-packages/airflow/example_dags/example_subdag_operator.py for tasks to queue
[2023-09-01T02:32:28.832+0900] {logging_mixin.py:151} INFO - [2023-09-01T02:32:28.832+0900] {dagbag.py:539} INFO - Filling up the DagBag from /opt/homebrew/Caskroom/miniforge/base/lib/python3.10/site-packages/airflow/example_dags/example_subdag_operator.py
[2023-09-01T02:32:28.884+0900] {processor.py:839} INFO - DAG(s) dict_keys(['example_subdag_operator.section-1', 'example_subdag_operator.section-2', 'example_subdag_operator']) retrieved from /opt/homebrew/Caskroom/miniforge/base/lib/python3.10/site-packages/airflow/example_dags/example_subdag_operator.py
[2023-09-01T02:32:28.921+0900] {logging_mixin.py:151} INFO - [2023-09-01T02:32:28.921+0900] {dag.py:2907} INFO - Sync 3 DAGs
[2023-09-01T02:32:28.927+0900] {logging_mixin.py:151} INFO - [2023-09-01T02:32:28.927+0900] {dag.py:3677} INFO - Setting next_dagrun for example_subdag_operator to 2022-01-01T00:00:00+00:00, run_after=2022-01-01T00:00:00+00:00
[2023-09-01T02:32:28.928+0900] {logging_mixin.py:151} INFO - [2023-09-01T02:32:28.928+0900] {dag.py:3677} INFO - Setting next_dagrun for example_subdag_operator.section-1 to None, run_after=None
[2023-09-01T02:32:28.928+0900] {logging_mixin.py:151} INFO - [2023-09-01T02:32:28.928+0900] {dag.py:3677} INFO - Setting next_dagrun for example_subdag_operator.section-2 to None, run_after=None
[2023-09-01T02:32:28.930+0900] {logging_mixin.py:151} INFO - [2023-09-01T02:32:28.930+0900] {dag.py:2907} INFO - Sync 2 DAGs
[2023-09-01T02:32:28.931+0900] {logging_mixin.py:151} INFO - [2023-09-01T02:32:28.931+0900] {dag.py:3677} INFO - Setting next_dagrun for example_subdag_operator.section-1 to None, run_after=None
[2023-09-01T02:32:28.931+0900] {logging_mixin.py:151} INFO - [2023-09-01T02:32:28.931+0900] {dag.py:3677} INFO - Setting next_dagrun for example_subdag_operator.section-2 to None, run_after=None
[2023-09-01T02:32:28.936+0900] {processor.py:179} INFO - Processing /opt/homebrew/Caskroom/miniforge/base/lib/python3.10/site-packages/airflow/example_dags/example_subdag_operator.py took 0.105 seconds
[2023-09-01T02:33:40.866+0900] {processor.py:157} INFO - Started process (PID=13755) to work on /opt/homebrew/Caskroom/miniforge/base/lib/python3.10/site-packages/airflow/example_dags/example_subdag_operator.py
[2023-09-01T02:33:40.867+0900] {processor.py:829} INFO - Processing file /opt/homebrew/Caskroom/miniforge/base/lib/python3.10/site-packages/airflow/example_dags/example_subdag_operator.py for tasks to queue
[2023-09-01T02:33:40.867+0900] {logging_mixin.py:151} INFO - [2023-09-01T02:33:40.867+0900] {dagbag.py:539} INFO - Filling up the DagBag from /opt/homebrew/Caskroom/miniforge/base/lib/python3.10/site-packages/airflow/example_dags/example_subdag_operator.py
[2023-09-01T02:33:40.918+0900] {processor.py:839} INFO - DAG(s) dict_keys(['example_subdag_operator.section-1', 'example_subdag_operator.section-2', 'example_subdag_operator']) retrieved from /opt/homebrew/Caskroom/miniforge/base/lib/python3.10/site-packages/airflow/example_dags/example_subdag_operator.py
[2023-09-01T02:33:40.955+0900] {logging_mixin.py:151} INFO - [2023-09-01T02:33:40.955+0900] {dag.py:2907} INFO - Sync 3 DAGs
[2023-09-01T02:33:40.961+0900] {logging_mixin.py:151} INFO - [2023-09-01T02:33:40.961+0900] {dag.py:3677} INFO - Setting next_dagrun for example_subdag_operator to 2022-01-01T00:00:00+00:00, run_after=2022-01-01T00:00:00+00:00
[2023-09-01T02:33:40.962+0900] {logging_mixin.py:151} INFO - [2023-09-01T02:33:40.962+0900] {dag.py:3677} INFO - Setting next_dagrun for example_subdag_operator.section-1 to None, run_after=None
[2023-09-01T02:33:40.962+0900] {logging_mixin.py:151} INFO - [2023-09-01T02:33:40.962+0900] {dag.py:3677} INFO - Setting next_dagrun for example_subdag_operator.section-2 to None, run_after=None
[2023-09-01T02:33:40.964+0900] {logging_mixin.py:151} INFO - [2023-09-01T02:33:40.964+0900] {dag.py:2907} INFO - Sync 2 DAGs
[2023-09-01T02:33:40.965+0900] {logging_mixin.py:151} INFO - [2023-09-01T02:33:40.965+0900] {dag.py:3677} INFO - Setting next_dagrun for example_subdag_operator.section-1 to None, run_after=None
[2023-09-01T02:33:40.965+0900] {logging_mixin.py:151} INFO - [2023-09-01T02:33:40.965+0900] {dag.py:3677} INFO - Setting next_dagrun for example_subdag_operator.section-2 to None, run_after=None
[2023-09-01T02:33:40.970+0900] {processor.py:179} INFO - Processing /opt/homebrew/Caskroom/miniforge/base/lib/python3.10/site-packages/airflow/example_dags/example_subdag_operator.py took 0.104 seconds
