[2023-09-01T02:30:30.796+0900] {processor.py:157} INFO - Started process (PID=13604) to work on /opt/homebrew/Caskroom/miniforge/base/lib/python3.10/site-packages/airflow/example_dags/example_kubernetes_executor.py
[2023-09-01T02:30:30.797+0900] {processor.py:829} INFO - Processing file /opt/homebrew/Caskroom/miniforge/base/lib/python3.10/site-packages/airflow/example_dags/example_kubernetes_executor.py for tasks to queue
[2023-09-01T02:30:30.797+0900] {logging_mixin.py:151} INFO - [2023-09-01T02:30:30.797+0900] {dagbag.py:539} INFO - Filling up the DagBag from /opt/homebrew/Caskroom/miniforge/base/lib/python3.10/site-packages/airflow/example_dags/example_kubernetes_executor.py
[2023-09-01T02:30:30.812+0900] {logging_mixin.py:151} INFO - [2023-09-01T02:30:30.812+0900] {example_kubernetes_executor.py:38} WARNING - The example_kubernetes_executor example DAG requires the kubernetes provider. Please install it with: pip install apache-airflow[cncf.kubernetes]
[2023-09-01T02:30:30.813+0900] {processor.py:841} WARNING - No viable dags retrieved from /opt/homebrew/Caskroom/miniforge/base/lib/python3.10/site-packages/airflow/example_dags/example_kubernetes_executor.py
[2023-09-01T02:30:30.854+0900] {processor.py:179} INFO - Processing /opt/homebrew/Caskroom/miniforge/base/lib/python3.10/site-packages/airflow/example_dags/example_kubernetes_executor.py took 0.058 seconds
[2023-09-01T02:31:52.819+0900] {processor.py:157} INFO - Started process (PID=13662) to work on /opt/homebrew/Caskroom/miniforge/base/lib/python3.10/site-packages/airflow/example_dags/example_kubernetes_executor.py
[2023-09-01T02:31:52.819+0900] {processor.py:829} INFO - Processing file /opt/homebrew/Caskroom/miniforge/base/lib/python3.10/site-packages/airflow/example_dags/example_kubernetes_executor.py for tasks to queue
[2023-09-01T02:31:52.819+0900] {logging_mixin.py:151} INFO - [2023-09-01T02:31:52.819+0900] {dagbag.py:539} INFO - Filling up the DagBag from /opt/homebrew/Caskroom/miniforge/base/lib/python3.10/site-packages/airflow/example_dags/example_kubernetes_executor.py
[2023-09-01T02:31:52.835+0900] {logging_mixin.py:151} INFO - [2023-09-01T02:31:52.835+0900] {example_kubernetes_executor.py:38} WARNING - The example_kubernetes_executor example DAG requires the kubernetes provider. Please install it with: pip install apache-airflow[cncf.kubernetes]
[2023-09-01T02:31:52.835+0900] {processor.py:841} WARNING - No viable dags retrieved from /opt/homebrew/Caskroom/miniforge/base/lib/python3.10/site-packages/airflow/example_dags/example_kubernetes_executor.py
[2023-09-01T02:31:52.876+0900] {processor.py:179} INFO - Processing /opt/homebrew/Caskroom/miniforge/base/lib/python3.10/site-packages/airflow/example_dags/example_kubernetes_executor.py took 0.058 seconds
[2023-09-01T02:33:05.258+0900] {processor.py:157} INFO - Started process (PID=13731) to work on /opt/homebrew/Caskroom/miniforge/base/lib/python3.10/site-packages/airflow/example_dags/example_kubernetes_executor.py
[2023-09-01T02:33:05.259+0900] {processor.py:829} INFO - Processing file /opt/homebrew/Caskroom/miniforge/base/lib/python3.10/site-packages/airflow/example_dags/example_kubernetes_executor.py for tasks to queue
[2023-09-01T02:33:05.259+0900] {logging_mixin.py:151} INFO - [2023-09-01T02:33:05.259+0900] {dagbag.py:539} INFO - Filling up the DagBag from /opt/homebrew/Caskroom/miniforge/base/lib/python3.10/site-packages/airflow/example_dags/example_kubernetes_executor.py
[2023-09-01T02:33:05.274+0900] {logging_mixin.py:151} INFO - [2023-09-01T02:33:05.274+0900] {example_kubernetes_executor.py:38} WARNING - The example_kubernetes_executor example DAG requires the kubernetes provider. Please install it with: pip install apache-airflow[cncf.kubernetes]
[2023-09-01T02:33:05.274+0900] {processor.py:841} WARNING - No viable dags retrieved from /opt/homebrew/Caskroom/miniforge/base/lib/python3.10/site-packages/airflow/example_dags/example_kubernetes_executor.py
[2023-09-01T02:33:05.315+0900] {processor.py:179} INFO - Processing /opt/homebrew/Caskroom/miniforge/base/lib/python3.10/site-packages/airflow/example_dags/example_kubernetes_executor.py took 0.057 seconds
[2023-09-01T02:34:16.729+0900] {processor.py:157} INFO - Started process (PID=13782) to work on /opt/homebrew/Caskroom/miniforge/base/lib/python3.10/site-packages/airflow/example_dags/example_kubernetes_executor.py
[2023-09-01T02:34:16.729+0900] {processor.py:829} INFO - Processing file /opt/homebrew/Caskroom/miniforge/base/lib/python3.10/site-packages/airflow/example_dags/example_kubernetes_executor.py for tasks to queue
[2023-09-01T02:34:16.730+0900] {logging_mixin.py:151} INFO - [2023-09-01T02:34:16.729+0900] {dagbag.py:539} INFO - Filling up the DagBag from /opt/homebrew/Caskroom/miniforge/base/lib/python3.10/site-packages/airflow/example_dags/example_kubernetes_executor.py
[2023-09-01T02:34:16.745+0900] {logging_mixin.py:151} INFO - [2023-09-01T02:34:16.745+0900] {example_kubernetes_executor.py:38} WARNING - The example_kubernetes_executor example DAG requires the kubernetes provider. Please install it with: pip install apache-airflow[cncf.kubernetes]
[2023-09-01T02:34:16.745+0900] {processor.py:841} WARNING - No viable dags retrieved from /opt/homebrew/Caskroom/miniforge/base/lib/python3.10/site-packages/airflow/example_dags/example_kubernetes_executor.py
[2023-09-01T02:34:16.786+0900] {processor.py:179} INFO - Processing /opt/homebrew/Caskroom/miniforge/base/lib/python3.10/site-packages/airflow/example_dags/example_kubernetes_executor.py took 0.057 seconds
