[2023-09-01T02:29:43.907+0900] {processor.py:157} INFO - Started process (PID=13577) to work on /opt/homebrew/Caskroom/miniforge/base/lib/python3.10/site-packages/airflow/example_dags/tutorial_dag.py
[2023-09-01T02:29:43.907+0900] {processor.py:829} INFO - Processing file /opt/homebrew/Caskroom/miniforge/base/lib/python3.10/site-packages/airflow/example_dags/tutorial_dag.py for tasks to queue
[2023-09-01T02:29:43.908+0900] {logging_mixin.py:151} INFO - [2023-09-01T02:29:43.907+0900] {dagbag.py:539} INFO - Filling up the DagBag from /opt/homebrew/Caskroom/miniforge/base/lib/python3.10/site-packages/airflow/example_dags/tutorial_dag.py
[2023-09-01T02:29:43.920+0900] {processor.py:839} INFO - DAG(s) dict_keys(['tutorial_dag']) retrieved from /opt/homebrew/Caskroom/miniforge/base/lib/python3.10/site-packages/airflow/example_dags/tutorial_dag.py
[2023-09-01T02:29:44.288+0900] {logging_mixin.py:151} INFO - [2023-09-01T02:29:44.288+0900] {manager.py:501} INFO - Created Permission View: can edit on DAG:tutorial_dag
[2023-09-01T02:29:44.291+0900] {logging_mixin.py:151} INFO - [2023-09-01T02:29:44.291+0900] {manager.py:501} INFO - Created Permission View: can delete on DAG:tutorial_dag
[2023-09-01T02:29:44.293+0900] {logging_mixin.py:151} INFO - [2023-09-01T02:29:44.293+0900] {manager.py:501} INFO - Created Permission View: can read on DAG:tutorial_dag
[2023-09-01T02:29:44.297+0900] {logging_mixin.py:151} INFO - [2023-09-01T02:29:44.297+0900] {dag.py:2907} INFO - Sync 1 DAGs
[2023-09-01T02:29:44.301+0900] {logging_mixin.py:151} INFO - [2023-09-01T02:29:44.301+0900] {dag.py:2929} INFO - Creating ORM DAG for tutorial_dag
[2023-09-01T02:29:44.301+0900] {logging_mixin.py:151} INFO - [2023-09-01T02:29:44.301+0900] {dag.py:3677} INFO - Setting next_dagrun for tutorial_dag to None, run_after=None
[2023-09-01T02:29:44.307+0900] {processor.py:179} INFO - Processing /opt/homebrew/Caskroom/miniforge/base/lib/python3.10/site-packages/airflow/example_dags/tutorial_dag.py took 0.400 seconds
[2023-09-01T02:31:05.215+0900] {processor.py:157} INFO - Started process (PID=13625) to work on /opt/homebrew/Caskroom/miniforge/base/lib/python3.10/site-packages/airflow/example_dags/tutorial_dag.py
[2023-09-01T02:31:05.216+0900] {processor.py:829} INFO - Processing file /opt/homebrew/Caskroom/miniforge/base/lib/python3.10/site-packages/airflow/example_dags/tutorial_dag.py for tasks to queue
[2023-09-01T02:31:05.216+0900] {logging_mixin.py:151} INFO - [2023-09-01T02:31:05.216+0900] {dagbag.py:539} INFO - Filling up the DagBag from /opt/homebrew/Caskroom/miniforge/base/lib/python3.10/site-packages/airflow/example_dags/tutorial_dag.py
[2023-09-01T02:31:05.228+0900] {processor.py:839} INFO - DAG(s) dict_keys(['tutorial_dag']) retrieved from /opt/homebrew/Caskroom/miniforge/base/lib/python3.10/site-packages/airflow/example_dags/tutorial_dag.py
[2023-09-01T02:31:05.298+0900] {logging_mixin.py:151} INFO - [2023-09-01T02:31:05.298+0900] {dag.py:2907} INFO - Sync 1 DAGs
[2023-09-01T02:31:05.302+0900] {logging_mixin.py:151} INFO - [2023-09-01T02:31:05.302+0900] {dag.py:3677} INFO - Setting next_dagrun for tutorial_dag to None, run_after=None
[2023-09-01T02:31:05.309+0900] {processor.py:179} INFO - Processing /opt/homebrew/Caskroom/miniforge/base/lib/python3.10/site-packages/airflow/example_dags/tutorial_dag.py took 0.094 seconds
[2023-09-01T02:31:46.909+0900] {processor.py:157} INFO - Started process (PID=13657) to work on /opt/homebrew/Caskroom/miniforge/base/lib/python3.10/site-packages/airflow/example_dags/tutorial_dag.py
[2023-09-01T02:31:46.909+0900] {processor.py:829} INFO - Processing file /opt/homebrew/Caskroom/miniforge/base/lib/python3.10/site-packages/airflow/example_dags/tutorial_dag.py for tasks to queue
[2023-09-01T02:31:46.909+0900] {logging_mixin.py:151} INFO - [2023-09-01T02:31:46.909+0900] {dagbag.py:539} INFO - Filling up the DagBag from /opt/homebrew/Caskroom/miniforge/base/lib/python3.10/site-packages/airflow/example_dags/tutorial_dag.py
[2023-09-01T02:31:46.921+0900] {processor.py:839} INFO - DAG(s) dict_keys(['tutorial_dag']) retrieved from /opt/homebrew/Caskroom/miniforge/base/lib/python3.10/site-packages/airflow/example_dags/tutorial_dag.py
[2023-09-01T02:31:46.993+0900] {logging_mixin.py:151} INFO - [2023-09-01T02:31:46.993+0900] {dag.py:2907} INFO - Sync 1 DAGs
[2023-09-01T02:31:46.996+0900] {logging_mixin.py:151} INFO - [2023-09-01T02:31:46.996+0900] {dag.py:3677} INFO - Setting next_dagrun for tutorial_dag to None, run_after=None
[2023-09-01T02:31:47.003+0900] {processor.py:179} INFO - Processing /opt/homebrew/Caskroom/miniforge/base/lib/python3.10/site-packages/airflow/example_dags/tutorial_dag.py took 0.095 seconds
[2023-09-01T02:32:58.734+0900] {processor.py:157} INFO - Started process (PID=13726) to work on /opt/homebrew/Caskroom/miniforge/base/lib/python3.10/site-packages/airflow/example_dags/tutorial_dag.py
[2023-09-01T02:32:58.735+0900] {processor.py:829} INFO - Processing file /opt/homebrew/Caskroom/miniforge/base/lib/python3.10/site-packages/airflow/example_dags/tutorial_dag.py for tasks to queue
[2023-09-01T02:32:58.735+0900] {logging_mixin.py:151} INFO - [2023-09-01T02:32:58.735+0900] {dagbag.py:539} INFO - Filling up the DagBag from /opt/homebrew/Caskroom/miniforge/base/lib/python3.10/site-packages/airflow/example_dags/tutorial_dag.py
[2023-09-01T02:32:58.748+0900] {processor.py:839} INFO - DAG(s) dict_keys(['tutorial_dag']) retrieved from /opt/homebrew/Caskroom/miniforge/base/lib/python3.10/site-packages/airflow/example_dags/tutorial_dag.py
[2023-09-01T02:32:58.817+0900] {logging_mixin.py:151} INFO - [2023-09-01T02:32:58.817+0900] {dag.py:2907} INFO - Sync 1 DAGs
[2023-09-01T02:32:58.820+0900] {logging_mixin.py:151} INFO - [2023-09-01T02:32:58.820+0900] {dag.py:3677} INFO - Setting next_dagrun for tutorial_dag to None, run_after=None
[2023-09-01T02:32:58.827+0900] {processor.py:179} INFO - Processing /opt/homebrew/Caskroom/miniforge/base/lib/python3.10/site-packages/airflow/example_dags/tutorial_dag.py took 0.093 seconds
[2023-09-01T02:34:09.532+0900] {processor.py:157} INFO - Started process (PID=13777) to work on /opt/homebrew/Caskroom/miniforge/base/lib/python3.10/site-packages/airflow/example_dags/tutorial_dag.py
[2023-09-01T02:34:09.532+0900] {processor.py:829} INFO - Processing file /opt/homebrew/Caskroom/miniforge/base/lib/python3.10/site-packages/airflow/example_dags/tutorial_dag.py for tasks to queue
[2023-09-01T02:34:09.533+0900] {logging_mixin.py:151} INFO - [2023-09-01T02:34:09.533+0900] {dagbag.py:539} INFO - Filling up the DagBag from /opt/homebrew/Caskroom/miniforge/base/lib/python3.10/site-packages/airflow/example_dags/tutorial_dag.py
[2023-09-01T02:34:09.545+0900] {processor.py:839} INFO - DAG(s) dict_keys(['tutorial_dag']) retrieved from /opt/homebrew/Caskroom/miniforge/base/lib/python3.10/site-packages/airflow/example_dags/tutorial_dag.py
[2023-09-01T02:34:09.615+0900] {logging_mixin.py:151} INFO - [2023-09-01T02:34:09.615+0900] {dag.py:2907} INFO - Sync 1 DAGs
[2023-09-01T02:34:09.618+0900] {logging_mixin.py:151} INFO - [2023-09-01T02:34:09.618+0900] {dag.py:3677} INFO - Setting next_dagrun for tutorial_dag to None, run_after=None
[2023-09-01T02:34:09.625+0900] {processor.py:179} INFO - Processing /opt/homebrew/Caskroom/miniforge/base/lib/python3.10/site-packages/airflow/example_dags/tutorial_dag.py took 0.093 seconds
