[2023-09-01T02:29:45.906+0900] {processor.py:157} INFO - Started process (PID=13578) to work on /opt/homebrew/Caskroom/miniforge/base/lib/python3.10/site-packages/airflow/example_dags/tutorial.py
[2023-09-01T02:29:45.906+0900] {processor.py:829} INFO - Processing file /opt/homebrew/Caskroom/miniforge/base/lib/python3.10/site-packages/airflow/example_dags/tutorial.py for tasks to queue
[2023-09-01T02:29:45.906+0900] {logging_mixin.py:151} INFO - [2023-09-01T02:29:45.906+0900] {dagbag.py:539} INFO - Filling up the DagBag from /opt/homebrew/Caskroom/miniforge/base/lib/python3.10/site-packages/airflow/example_dags/tutorial.py
[2023-09-01T02:29:45.914+0900] {processor.py:839} INFO - DAG(s) dict_keys(['tutorial']) retrieved from /opt/homebrew/Caskroom/miniforge/base/lib/python3.10/site-packages/airflow/example_dags/tutorial.py
[2023-09-01T02:29:46.282+0900] {logging_mixin.py:151} INFO - [2023-09-01T02:29:46.281+0900] {manager.py:501} INFO - Created Permission View: can delete on DAG:tutorial
[2023-09-01T02:29:46.284+0900] {logging_mixin.py:151} INFO - [2023-09-01T02:29:46.284+0900] {manager.py:501} INFO - Created Permission View: can read on DAG:tutorial
[2023-09-01T02:29:46.286+0900] {logging_mixin.py:151} INFO - [2023-09-01T02:29:46.286+0900] {manager.py:501} INFO - Created Permission View: can edit on DAG:tutorial
[2023-09-01T02:29:46.291+0900] {logging_mixin.py:151} INFO - [2023-09-01T02:29:46.290+0900] {dag.py:2907} INFO - Sync 1 DAGs
[2023-09-01T02:29:46.294+0900] {logging_mixin.py:151} INFO - [2023-09-01T02:29:46.294+0900] {dag.py:2929} INFO - Creating ORM DAG for tutorial
[2023-09-01T02:29:46.296+0900] {logging_mixin.py:151} INFO - [2023-09-01T02:29:46.296+0900] {dag.py:3677} INFO - Setting next_dagrun for tutorial to 2023-08-30T17:29:46.296847+00:00, run_after=2023-08-31T17:29:46.296847+00:00
[2023-09-01T02:29:46.302+0900] {processor.py:179} INFO - Processing /opt/homebrew/Caskroom/miniforge/base/lib/python3.10/site-packages/airflow/example_dags/tutorial.py took 0.397 seconds
[2023-09-01T02:31:06.009+0900] {processor.py:157} INFO - Started process (PID=13626) to work on /opt/homebrew/Caskroom/miniforge/base/lib/python3.10/site-packages/airflow/example_dags/tutorial.py
[2023-09-01T02:31:06.009+0900] {processor.py:829} INFO - Processing file /opt/homebrew/Caskroom/miniforge/base/lib/python3.10/site-packages/airflow/example_dags/tutorial.py for tasks to queue
[2023-09-01T02:31:06.009+0900] {logging_mixin.py:151} INFO - [2023-09-01T02:31:06.009+0900] {dagbag.py:539} INFO - Filling up the DagBag from /opt/homebrew/Caskroom/miniforge/base/lib/python3.10/site-packages/airflow/example_dags/tutorial.py
[2023-09-01T02:31:06.017+0900] {processor.py:839} INFO - DAG(s) dict_keys(['tutorial']) retrieved from /opt/homebrew/Caskroom/miniforge/base/lib/python3.10/site-packages/airflow/example_dags/tutorial.py
[2023-09-01T02:31:06.087+0900] {logging_mixin.py:151} INFO - [2023-09-01T02:31:06.087+0900] {dag.py:2907} INFO - Sync 1 DAGs
[2023-09-01T02:31:06.093+0900] {logging_mixin.py:151} INFO - [2023-09-01T02:31:06.093+0900] {dag.py:3677} INFO - Setting next_dagrun for tutorial to 2023-08-30T17:31:06.093647+00:00, run_after=2023-08-31T17:31:06.093647+00:00
[2023-09-01T02:31:06.100+0900] {processor.py:179} INFO - Processing /opt/homebrew/Caskroom/miniforge/base/lib/python3.10/site-packages/airflow/example_dags/tutorial.py took 0.092 seconds
[2023-09-01T02:31:48.522+0900] {processor.py:157} INFO - Started process (PID=13658) to work on /opt/homebrew/Caskroom/miniforge/base/lib/python3.10/site-packages/airflow/example_dags/tutorial.py
[2023-09-01T02:31:48.523+0900] {processor.py:829} INFO - Processing file /opt/homebrew/Caskroom/miniforge/base/lib/python3.10/site-packages/airflow/example_dags/tutorial.py for tasks to queue
[2023-09-01T02:31:48.523+0900] {logging_mixin.py:151} INFO - [2023-09-01T02:31:48.523+0900] {dagbag.py:539} INFO - Filling up the DagBag from /opt/homebrew/Caskroom/miniforge/base/lib/python3.10/site-packages/airflow/example_dags/tutorial.py
[2023-09-01T02:31:48.531+0900] {processor.py:839} INFO - DAG(s) dict_keys(['tutorial']) retrieved from /opt/homebrew/Caskroom/miniforge/base/lib/python3.10/site-packages/airflow/example_dags/tutorial.py
[2023-09-01T02:31:48.600+0900] {logging_mixin.py:151} INFO - [2023-09-01T02:31:48.600+0900] {dag.py:2907} INFO - Sync 1 DAGs
[2023-09-01T02:31:48.607+0900] {logging_mixin.py:151} INFO - [2023-09-01T02:31:48.607+0900] {dag.py:3677} INFO - Setting next_dagrun for tutorial to 2023-08-30T17:31:48.607146+00:00, run_after=2023-08-31T17:31:48.607146+00:00
[2023-09-01T02:31:48.614+0900] {processor.py:179} INFO - Processing /opt/homebrew/Caskroom/miniforge/base/lib/python3.10/site-packages/airflow/example_dags/tutorial.py took 0.091 seconds
[2023-09-01T02:33:00.344+0900] {processor.py:157} INFO - Started process (PID=13727) to work on /opt/homebrew/Caskroom/miniforge/base/lib/python3.10/site-packages/airflow/example_dags/tutorial.py
[2023-09-01T02:33:00.344+0900] {processor.py:829} INFO - Processing file /opt/homebrew/Caskroom/miniforge/base/lib/python3.10/site-packages/airflow/example_dags/tutorial.py for tasks to queue
[2023-09-01T02:33:00.345+0900] {logging_mixin.py:151} INFO - [2023-09-01T02:33:00.345+0900] {dagbag.py:539} INFO - Filling up the DagBag from /opt/homebrew/Caskroom/miniforge/base/lib/python3.10/site-packages/airflow/example_dags/tutorial.py
[2023-09-01T02:33:00.353+0900] {processor.py:839} INFO - DAG(s) dict_keys(['tutorial']) retrieved from /opt/homebrew/Caskroom/miniforge/base/lib/python3.10/site-packages/airflow/example_dags/tutorial.py
[2023-09-01T02:33:00.421+0900] {logging_mixin.py:151} INFO - [2023-09-01T02:33:00.421+0900] {dag.py:2907} INFO - Sync 1 DAGs
[2023-09-01T02:33:00.427+0900] {logging_mixin.py:151} INFO - [2023-09-01T02:33:00.427+0900] {dag.py:3677} INFO - Setting next_dagrun for tutorial to 2023-08-30T17:33:00.427505+00:00, run_after=2023-08-31T17:33:00.427505+00:00
[2023-09-01T02:33:00.434+0900] {processor.py:179} INFO - Processing /opt/homebrew/Caskroom/miniforge/base/lib/python3.10/site-packages/airflow/example_dags/tutorial.py took 0.090 seconds
[2023-09-01T02:34:11.172+0900] {processor.py:157} INFO - Started process (PID=13778) to work on /opt/homebrew/Caskroom/miniforge/base/lib/python3.10/site-packages/airflow/example_dags/tutorial.py
[2023-09-01T02:34:11.172+0900] {processor.py:829} INFO - Processing file /opt/homebrew/Caskroom/miniforge/base/lib/python3.10/site-packages/airflow/example_dags/tutorial.py for tasks to queue
[2023-09-01T02:34:11.172+0900] {logging_mixin.py:151} INFO - [2023-09-01T02:34:11.172+0900] {dagbag.py:539} INFO - Filling up the DagBag from /opt/homebrew/Caskroom/miniforge/base/lib/python3.10/site-packages/airflow/example_dags/tutorial.py
[2023-09-01T02:34:11.180+0900] {processor.py:839} INFO - DAG(s) dict_keys(['tutorial']) retrieved from /opt/homebrew/Caskroom/miniforge/base/lib/python3.10/site-packages/airflow/example_dags/tutorial.py
[2023-09-01T02:34:11.263+0900] {logging_mixin.py:151} INFO - [2023-09-01T02:34:11.263+0900] {dag.py:2907} INFO - Sync 1 DAGs
[2023-09-01T02:34:11.271+0900] {logging_mixin.py:151} INFO - [2023-09-01T02:34:11.271+0900] {dag.py:3677} INFO - Setting next_dagrun for tutorial to 2023-08-30T17:34:11.271604+00:00, run_after=2023-08-31T17:34:11.271604+00:00
[2023-09-01T02:34:11.280+0900] {processor.py:179} INFO - Processing /opt/homebrew/Caskroom/miniforge/base/lib/python3.10/site-packages/airflow/example_dags/tutorial.py took 0.108 seconds
