[2023-09-01T02:29:38.903+0900] {processor.py:157} INFO - Started process (PID=13574) to work on /opt/homebrew/Caskroom/miniforge/base/lib/python3.10/site-packages/airflow/example_dags/plugins/event_listener.py
[2023-09-01T02:29:38.904+0900] {processor.py:829} INFO - Processing file /opt/homebrew/Caskroom/miniforge/base/lib/python3.10/site-packages/airflow/example_dags/plugins/event_listener.py for tasks to queue
[2023-09-01T02:29:38.904+0900] {logging_mixin.py:151} INFO - [2023-09-01T02:29:38.904+0900] {dagbag.py:539} INFO - Filling up the DagBag from /opt/homebrew/Caskroom/miniforge/base/lib/python3.10/site-packages/airflow/example_dags/plugins/event_listener.py
[2023-09-01T02:29:38.904+0900] {processor.py:841} WARNING - No viable dags retrieved from /opt/homebrew/Caskroom/miniforge/base/lib/python3.10/site-packages/airflow/example_dags/plugins/event_listener.py
[2023-09-01T02:29:38.950+0900] {processor.py:179} INFO - Processing /opt/homebrew/Caskroom/miniforge/base/lib/python3.10/site-packages/airflow/example_dags/plugins/event_listener.py took 0.047 seconds
[2023-09-01T02:31:00.441+0900] {processor.py:157} INFO - Started process (PID=13621) to work on /opt/homebrew/Caskroom/miniforge/base/lib/python3.10/site-packages/airflow/example_dags/plugins/event_listener.py
[2023-09-01T02:31:00.442+0900] {processor.py:829} INFO - Processing file /opt/homebrew/Caskroom/miniforge/base/lib/python3.10/site-packages/airflow/example_dags/plugins/event_listener.py for tasks to queue
[2023-09-01T02:31:00.442+0900] {logging_mixin.py:151} INFO - [2023-09-01T02:31:00.442+0900] {dagbag.py:539} INFO - Filling up the DagBag from /opt/homebrew/Caskroom/miniforge/base/lib/python3.10/site-packages/airflow/example_dags/plugins/event_listener.py
[2023-09-01T02:31:00.442+0900] {processor.py:841} WARNING - No viable dags retrieved from /opt/homebrew/Caskroom/miniforge/base/lib/python3.10/site-packages/airflow/example_dags/plugins/event_listener.py
[2023-09-01T02:31:00.489+0900] {processor.py:179} INFO - Processing /opt/homebrew/Caskroom/miniforge/base/lib/python3.10/site-packages/airflow/example_dags/plugins/event_listener.py took 0.048 seconds
[2023-09-01T02:31:42.853+0900] {processor.py:157} INFO - Started process (PID=13653) to work on /opt/homebrew/Caskroom/miniforge/base/lib/python3.10/site-packages/airflow/example_dags/plugins/event_listener.py
[2023-09-01T02:31:42.853+0900] {processor.py:829} INFO - Processing file /opt/homebrew/Caskroom/miniforge/base/lib/python3.10/site-packages/airflow/example_dags/plugins/event_listener.py for tasks to queue
[2023-09-01T02:31:42.853+0900] {logging_mixin.py:151} INFO - [2023-09-01T02:31:42.853+0900] {dagbag.py:539} INFO - Filling up the DagBag from /opt/homebrew/Caskroom/miniforge/base/lib/python3.10/site-packages/airflow/example_dags/plugins/event_listener.py
[2023-09-01T02:31:42.854+0900] {processor.py:841} WARNING - No viable dags retrieved from /opt/homebrew/Caskroom/miniforge/base/lib/python3.10/site-packages/airflow/example_dags/plugins/event_listener.py
[2023-09-01T02:31:42.900+0900] {processor.py:179} INFO - Processing /opt/homebrew/Caskroom/miniforge/base/lib/python3.10/site-packages/airflow/example_dags/plugins/event_listener.py took 0.047 seconds
[2023-09-01T02:32:19.410+0900] {processor.py:157} INFO - Started process (PID=13697) to work on /opt/homebrew/Caskroom/miniforge/base/lib/python3.10/site-packages/airflow/example_dags/plugins/event_listener.py
[2023-09-01T02:32:19.411+0900] {processor.py:829} INFO - Processing file /opt/homebrew/Caskroom/miniforge/base/lib/python3.10/site-packages/airflow/example_dags/plugins/event_listener.py for tasks to queue
[2023-09-01T02:32:19.411+0900] {logging_mixin.py:151} INFO - [2023-09-01T02:32:19.411+0900] {dagbag.py:539} INFO - Filling up the DagBag from /opt/homebrew/Caskroom/miniforge/base/lib/python3.10/site-packages/airflow/example_dags/plugins/event_listener.py
[2023-09-01T02:32:19.411+0900] {processor.py:841} WARNING - No viable dags retrieved from /opt/homebrew/Caskroom/miniforge/base/lib/python3.10/site-packages/airflow/example_dags/plugins/event_listener.py
[2023-09-01T02:32:19.465+0900] {processor.py:179} INFO - Processing /opt/homebrew/Caskroom/miniforge/base/lib/python3.10/site-packages/airflow/example_dags/plugins/event_listener.py took 0.055 seconds
[2023-09-01T02:32:54.698+0900] {processor.py:157} INFO - Started process (PID=13723) to work on /opt/homebrew/Caskroom/miniforge/base/lib/python3.10/site-packages/airflow/example_dags/plugins/event_listener.py
[2023-09-01T02:32:54.698+0900] {processor.py:829} INFO - Processing file /opt/homebrew/Caskroom/miniforge/base/lib/python3.10/site-packages/airflow/example_dags/plugins/event_listener.py for tasks to queue
[2023-09-01T02:32:54.698+0900] {logging_mixin.py:151} INFO - [2023-09-01T02:32:54.698+0900] {dagbag.py:539} INFO - Filling up the DagBag from /opt/homebrew/Caskroom/miniforge/base/lib/python3.10/site-packages/airflow/example_dags/plugins/event_listener.py
[2023-09-01T02:32:54.699+0900] {processor.py:841} WARNING - No viable dags retrieved from /opt/homebrew/Caskroom/miniforge/base/lib/python3.10/site-packages/airflow/example_dags/plugins/event_listener.py
[2023-09-01T02:32:54.745+0900] {processor.py:179} INFO - Processing /opt/homebrew/Caskroom/miniforge/base/lib/python3.10/site-packages/airflow/example_dags/plugins/event_listener.py took 0.048 seconds
[2023-09-01T02:33:30.419+0900] {processor.py:157} INFO - Started process (PID=13748) to work on /opt/homebrew/Caskroom/miniforge/base/lib/python3.10/site-packages/airflow/example_dags/plugins/event_listener.py
[2023-09-01T02:33:30.420+0900] {processor.py:829} INFO - Processing file /opt/homebrew/Caskroom/miniforge/base/lib/python3.10/site-packages/airflow/example_dags/plugins/event_listener.py for tasks to queue
[2023-09-01T02:33:30.420+0900] {logging_mixin.py:151} INFO - [2023-09-01T02:33:30.420+0900] {dagbag.py:539} INFO - Filling up the DagBag from /opt/homebrew/Caskroom/miniforge/base/lib/python3.10/site-packages/airflow/example_dags/plugins/event_listener.py
[2023-09-01T02:33:30.420+0900] {processor.py:841} WARNING - No viable dags retrieved from /opt/homebrew/Caskroom/miniforge/base/lib/python3.10/site-packages/airflow/example_dags/plugins/event_listener.py
[2023-09-01T02:33:30.466+0900] {processor.py:179} INFO - Processing /opt/homebrew/Caskroom/miniforge/base/lib/python3.10/site-packages/airflow/example_dags/plugins/event_listener.py took 0.047 seconds
[2023-09-01T02:34:05.543+0900] {processor.py:157} INFO - Started process (PID=13774) to work on /opt/homebrew/Caskroom/miniforge/base/lib/python3.10/site-packages/airflow/example_dags/plugins/event_listener.py
[2023-09-01T02:34:05.543+0900] {processor.py:829} INFO - Processing file /opt/homebrew/Caskroom/miniforge/base/lib/python3.10/site-packages/airflow/example_dags/plugins/event_listener.py for tasks to queue
[2023-09-01T02:34:05.543+0900] {logging_mixin.py:151} INFO - [2023-09-01T02:34:05.543+0900] {dagbag.py:539} INFO - Filling up the DagBag from /opt/homebrew/Caskroom/miniforge/base/lib/python3.10/site-packages/airflow/example_dags/plugins/event_listener.py
[2023-09-01T02:34:05.544+0900] {processor.py:841} WARNING - No viable dags retrieved from /opt/homebrew/Caskroom/miniforge/base/lib/python3.10/site-packages/airflow/example_dags/plugins/event_listener.py
[2023-09-01T02:34:05.590+0900] {processor.py:179} INFO - Processing /opt/homebrew/Caskroom/miniforge/base/lib/python3.10/site-packages/airflow/example_dags/plugins/event_listener.py took 0.048 seconds
[2023-09-01T02:34:41.881+0900] {processor.py:157} INFO - Started process (PID=13801) to work on /opt/homebrew/Caskroom/miniforge/base/lib/python3.10/site-packages/airflow/example_dags/plugins/event_listener.py
[2023-09-01T02:34:41.882+0900] {processor.py:829} INFO - Processing file /opt/homebrew/Caskroom/miniforge/base/lib/python3.10/site-packages/airflow/example_dags/plugins/event_listener.py for tasks to queue
[2023-09-01T02:34:41.882+0900] {logging_mixin.py:151} INFO - [2023-09-01T02:34:41.882+0900] {dagbag.py:539} INFO - Filling up the DagBag from /opt/homebrew/Caskroom/miniforge/base/lib/python3.10/site-packages/airflow/example_dags/plugins/event_listener.py
[2023-09-01T02:34:41.882+0900] {processor.py:841} WARNING - No viable dags retrieved from /opt/homebrew/Caskroom/miniforge/base/lib/python3.10/site-packages/airflow/example_dags/plugins/event_listener.py
[2023-09-01T02:34:41.929+0900] {processor.py:179} INFO - Processing /opt/homebrew/Caskroom/miniforge/base/lib/python3.10/site-packages/airflow/example_dags/plugins/event_listener.py took 0.049 seconds
