[2023-09-01T02:29:38.030+0900] {processor.py:157} INFO - Started process (PID=13573) to work on /opt/homebrew/Caskroom/miniforge/base/lib/python3.10/site-packages/airflow/example_dags/plugins/listener_plugin.py
[2023-09-01T02:29:38.030+0900] {processor.py:829} INFO - Processing file /opt/homebrew/Caskroom/miniforge/base/lib/python3.10/site-packages/airflow/example_dags/plugins/listener_plugin.py for tasks to queue
[2023-09-01T02:29:38.030+0900] {logging_mixin.py:151} INFO - [2023-09-01T02:29:38.030+0900] {dagbag.py:539} INFO - Filling up the DagBag from /opt/homebrew/Caskroom/miniforge/base/lib/python3.10/site-packages/airflow/example_dags/plugins/listener_plugin.py
[2023-09-01T02:29:38.031+0900] {processor.py:841} WARNING - No viable dags retrieved from /opt/homebrew/Caskroom/miniforge/base/lib/python3.10/site-packages/airflow/example_dags/plugins/listener_plugin.py
[2023-09-01T02:29:38.091+0900] {processor.py:179} INFO - Processing /opt/homebrew/Caskroom/miniforge/base/lib/python3.10/site-packages/airflow/example_dags/plugins/listener_plugin.py took 0.062 seconds
[2023-09-01T02:30:59.433+0900] {processor.py:157} INFO - Started process (PID=13620) to work on /opt/homebrew/Caskroom/miniforge/base/lib/python3.10/site-packages/airflow/example_dags/plugins/listener_plugin.py
[2023-09-01T02:30:59.433+0900] {processor.py:829} INFO - Processing file /opt/homebrew/Caskroom/miniforge/base/lib/python3.10/site-packages/airflow/example_dags/plugins/listener_plugin.py for tasks to queue
[2023-09-01T02:30:59.433+0900] {logging_mixin.py:151} INFO - [2023-09-01T02:30:59.433+0900] {dagbag.py:539} INFO - Filling up the DagBag from /opt/homebrew/Caskroom/miniforge/base/lib/python3.10/site-packages/airflow/example_dags/plugins/listener_plugin.py
[2023-09-01T02:30:59.434+0900] {processor.py:841} WARNING - No viable dags retrieved from /opt/homebrew/Caskroom/miniforge/base/lib/python3.10/site-packages/airflow/example_dags/plugins/listener_plugin.py
[2023-09-01T02:30:59.481+0900] {processor.py:179} INFO - Processing /opt/homebrew/Caskroom/miniforge/base/lib/python3.10/site-packages/airflow/example_dags/plugins/listener_plugin.py took 0.048 seconds
[2023-09-01T02:31:41.285+0900] {processor.py:157} INFO - Started process (PID=13652) to work on /opt/homebrew/Caskroom/miniforge/base/lib/python3.10/site-packages/airflow/example_dags/plugins/listener_plugin.py
[2023-09-01T02:31:41.285+0900] {processor.py:829} INFO - Processing file /opt/homebrew/Caskroom/miniforge/base/lib/python3.10/site-packages/airflow/example_dags/plugins/listener_plugin.py for tasks to queue
[2023-09-01T02:31:41.285+0900] {logging_mixin.py:151} INFO - [2023-09-01T02:31:41.285+0900] {dagbag.py:539} INFO - Filling up the DagBag from /opt/homebrew/Caskroom/miniforge/base/lib/python3.10/site-packages/airflow/example_dags/plugins/listener_plugin.py
[2023-09-01T02:31:41.286+0900] {processor.py:841} WARNING - No viable dags retrieved from /opt/homebrew/Caskroom/miniforge/base/lib/python3.10/site-packages/airflow/example_dags/plugins/listener_plugin.py
[2023-09-01T02:31:41.332+0900] {processor.py:179} INFO - Processing /opt/homebrew/Caskroom/miniforge/base/lib/python3.10/site-packages/airflow/example_dags/plugins/listener_plugin.py took 0.048 seconds
[2023-09-01T02:32:17.803+0900] {processor.py:157} INFO - Started process (PID=13696) to work on /opt/homebrew/Caskroom/miniforge/base/lib/python3.10/site-packages/airflow/example_dags/plugins/listener_plugin.py
[2023-09-01T02:32:17.804+0900] {processor.py:829} INFO - Processing file /opt/homebrew/Caskroom/miniforge/base/lib/python3.10/site-packages/airflow/example_dags/plugins/listener_plugin.py for tasks to queue
[2023-09-01T02:32:17.804+0900] {logging_mixin.py:151} INFO - [2023-09-01T02:32:17.804+0900] {dagbag.py:539} INFO - Filling up the DagBag from /opt/homebrew/Caskroom/miniforge/base/lib/python3.10/site-packages/airflow/example_dags/plugins/listener_plugin.py
[2023-09-01T02:32:17.806+0900] {processor.py:841} WARNING - No viable dags retrieved from /opt/homebrew/Caskroom/miniforge/base/lib/python3.10/site-packages/airflow/example_dags/plugins/listener_plugin.py
[2023-09-01T02:32:17.851+0900] {processor.py:179} INFO - Processing /opt/homebrew/Caskroom/miniforge/base/lib/python3.10/site-packages/airflow/example_dags/plugins/listener_plugin.py took 0.048 seconds
[2023-09-01T02:32:53.106+0900] {processor.py:157} INFO - Started process (PID=13722) to work on /opt/homebrew/Caskroom/miniforge/base/lib/python3.10/site-packages/airflow/example_dags/plugins/listener_plugin.py
[2023-09-01T02:32:53.106+0900] {processor.py:829} INFO - Processing file /opt/homebrew/Caskroom/miniforge/base/lib/python3.10/site-packages/airflow/example_dags/plugins/listener_plugin.py for tasks to queue
[2023-09-01T02:32:53.107+0900] {logging_mixin.py:151} INFO - [2023-09-01T02:32:53.106+0900] {dagbag.py:539} INFO - Filling up the DagBag from /opt/homebrew/Caskroom/miniforge/base/lib/python3.10/site-packages/airflow/example_dags/plugins/listener_plugin.py
[2023-09-01T02:32:53.107+0900] {processor.py:841} WARNING - No viable dags retrieved from /opt/homebrew/Caskroom/miniforge/base/lib/python3.10/site-packages/airflow/example_dags/plugins/listener_plugin.py
[2023-09-01T02:32:53.153+0900] {processor.py:179} INFO - Processing /opt/homebrew/Caskroom/miniforge/base/lib/python3.10/site-packages/airflow/example_dags/plugins/listener_plugin.py took 0.047 seconds
[2023-09-01T02:33:29.014+0900] {processor.py:157} INFO - Started process (PID=13747) to work on /opt/homebrew/Caskroom/miniforge/base/lib/python3.10/site-packages/airflow/example_dags/plugins/listener_plugin.py
[2023-09-01T02:33:29.015+0900] {processor.py:829} INFO - Processing file /opt/homebrew/Caskroom/miniforge/base/lib/python3.10/site-packages/airflow/example_dags/plugins/listener_plugin.py for tasks to queue
[2023-09-01T02:33:29.015+0900] {logging_mixin.py:151} INFO - [2023-09-01T02:33:29.015+0900] {dagbag.py:539} INFO - Filling up the DagBag from /opt/homebrew/Caskroom/miniforge/base/lib/python3.10/site-packages/airflow/example_dags/plugins/listener_plugin.py
[2023-09-01T02:33:29.015+0900] {processor.py:841} WARNING - No viable dags retrieved from /opt/homebrew/Caskroom/miniforge/base/lib/python3.10/site-packages/airflow/example_dags/plugins/listener_plugin.py
[2023-09-01T02:33:29.062+0900] {processor.py:179} INFO - Processing /opt/homebrew/Caskroom/miniforge/base/lib/python3.10/site-packages/airflow/example_dags/plugins/listener_plugin.py took 0.048 seconds
[2023-09-01T02:34:03.979+0900] {processor.py:157} INFO - Started process (PID=13773) to work on /opt/homebrew/Caskroom/miniforge/base/lib/python3.10/site-packages/airflow/example_dags/plugins/listener_plugin.py
[2023-09-01T02:34:03.979+0900] {processor.py:829} INFO - Processing file /opt/homebrew/Caskroom/miniforge/base/lib/python3.10/site-packages/airflow/example_dags/plugins/listener_plugin.py for tasks to queue
[2023-09-01T02:34:03.980+0900] {logging_mixin.py:151} INFO - [2023-09-01T02:34:03.980+0900] {dagbag.py:539} INFO - Filling up the DagBag from /opt/homebrew/Caskroom/miniforge/base/lib/python3.10/site-packages/airflow/example_dags/plugins/listener_plugin.py
[2023-09-01T02:34:03.980+0900] {processor.py:841} WARNING - No viable dags retrieved from /opt/homebrew/Caskroom/miniforge/base/lib/python3.10/site-packages/airflow/example_dags/plugins/listener_plugin.py
[2023-09-01T02:34:04.027+0900] {processor.py:179} INFO - Processing /opt/homebrew/Caskroom/miniforge/base/lib/python3.10/site-packages/airflow/example_dags/plugins/listener_plugin.py took 0.048 seconds
[2023-09-01T02:34:40.314+0900] {processor.py:157} INFO - Started process (PID=13800) to work on /opt/homebrew/Caskroom/miniforge/base/lib/python3.10/site-packages/airflow/example_dags/plugins/listener_plugin.py
[2023-09-01T02:34:40.316+0900] {processor.py:829} INFO - Processing file /opt/homebrew/Caskroom/miniforge/base/lib/python3.10/site-packages/airflow/example_dags/plugins/listener_plugin.py for tasks to queue
[2023-09-01T02:34:40.316+0900] {logging_mixin.py:151} INFO - [2023-09-01T02:34:40.316+0900] {dagbag.py:539} INFO - Filling up the DagBag from /opt/homebrew/Caskroom/miniforge/base/lib/python3.10/site-packages/airflow/example_dags/plugins/listener_plugin.py
[2023-09-01T02:34:40.317+0900] {processor.py:841} WARNING - No viable dags retrieved from /opt/homebrew/Caskroom/miniforge/base/lib/python3.10/site-packages/airflow/example_dags/plugins/listener_plugin.py
[2023-09-01T02:34:40.364+0900] {processor.py:179} INFO - Processing /opt/homebrew/Caskroom/miniforge/base/lib/python3.10/site-packages/airflow/example_dags/plugins/listener_plugin.py took 0.050 seconds
