[2023-09-01T02:29:35.950+0900] {processor.py:157} INFO - Started process (PID=13572) to work on /opt/homebrew/Caskroom/miniforge/base/lib/python3.10/site-packages/airflow/example_dags/plugins/workday.py
[2023-09-01T02:29:35.950+0900] {processor.py:829} INFO - Processing file /opt/homebrew/Caskroom/miniforge/base/lib/python3.10/site-packages/airflow/example_dags/plugins/workday.py for tasks to queue
[2023-09-01T02:29:35.950+0900] {logging_mixin.py:151} INFO - [2023-09-01T02:29:35.950+0900] {dagbag.py:539} INFO - Filling up the DagBag from /opt/homebrew/Caskroom/miniforge/base/lib/python3.10/site-packages/airflow/example_dags/plugins/workday.py
[2023-09-01T02:29:36.324+0900] {processor.py:841} WARNING - No viable dags retrieved from /opt/homebrew/Caskroom/miniforge/base/lib/python3.10/site-packages/airflow/example_dags/plugins/workday.py
[2023-09-01T02:29:36.393+0900] {processor.py:179} INFO - Processing /opt/homebrew/Caskroom/miniforge/base/lib/python3.10/site-packages/airflow/example_dags/plugins/workday.py took 0.443 seconds
[2023-09-01T02:30:58.015+0900] {processor.py:157} INFO - Started process (PID=13619) to work on /opt/homebrew/Caskroom/miniforge/base/lib/python3.10/site-packages/airflow/example_dags/plugins/workday.py
[2023-09-01T02:30:58.015+0900] {processor.py:829} INFO - Processing file /opt/homebrew/Caskroom/miniforge/base/lib/python3.10/site-packages/airflow/example_dags/plugins/workday.py for tasks to queue
[2023-09-01T02:30:58.015+0900] {logging_mixin.py:151} INFO - [2023-09-01T02:30:58.015+0900] {dagbag.py:539} INFO - Filling up the DagBag from /opt/homebrew/Caskroom/miniforge/base/lib/python3.10/site-packages/airflow/example_dags/plugins/workday.py
[2023-09-01T02:30:58.216+0900] {processor.py:841} WARNING - No viable dags retrieved from /opt/homebrew/Caskroom/miniforge/base/lib/python3.10/site-packages/airflow/example_dags/plugins/workday.py
[2023-09-01T02:30:58.284+0900] {processor.py:179} INFO - Processing /opt/homebrew/Caskroom/miniforge/base/lib/python3.10/site-packages/airflow/example_dags/plugins/workday.py took 0.269 seconds
[2023-09-01T02:31:39.518+0900] {processor.py:157} INFO - Started process (PID=13651) to work on /opt/homebrew/Caskroom/miniforge/base/lib/python3.10/site-packages/airflow/example_dags/plugins/workday.py
[2023-09-01T02:31:39.519+0900] {processor.py:829} INFO - Processing file /opt/homebrew/Caskroom/miniforge/base/lib/python3.10/site-packages/airflow/example_dags/plugins/workday.py for tasks to queue
[2023-09-01T02:31:39.519+0900] {logging_mixin.py:151} INFO - [2023-09-01T02:31:39.519+0900] {dagbag.py:539} INFO - Filling up the DagBag from /opt/homebrew/Caskroom/miniforge/base/lib/python3.10/site-packages/airflow/example_dags/plugins/workday.py
[2023-09-01T02:31:39.681+0900] {processor.py:841} WARNING - No viable dags retrieved from /opt/homebrew/Caskroom/miniforge/base/lib/python3.10/site-packages/airflow/example_dags/plugins/workday.py
[2023-09-01T02:31:39.748+0900] {processor.py:179} INFO - Processing /opt/homebrew/Caskroom/miniforge/base/lib/python3.10/site-packages/airflow/example_dags/plugins/workday.py took 0.230 seconds
[2023-09-01T02:32:15.876+0900] {processor.py:157} INFO - Started process (PID=13695) to work on /opt/homebrew/Caskroom/miniforge/base/lib/python3.10/site-packages/airflow/example_dags/plugins/workday.py
[2023-09-01T02:32:15.877+0900] {processor.py:829} INFO - Processing file /opt/homebrew/Caskroom/miniforge/base/lib/python3.10/site-packages/airflow/example_dags/plugins/workday.py for tasks to queue
[2023-09-01T02:32:15.877+0900] {logging_mixin.py:151} INFO - [2023-09-01T02:32:15.877+0900] {dagbag.py:539} INFO - Filling up the DagBag from /opt/homebrew/Caskroom/miniforge/base/lib/python3.10/site-packages/airflow/example_dags/plugins/workday.py
[2023-09-01T02:32:16.187+0900] {processor.py:841} WARNING - No viable dags retrieved from /opt/homebrew/Caskroom/miniforge/base/lib/python3.10/site-packages/airflow/example_dags/plugins/workday.py
[2023-09-01T02:32:16.253+0900] {processor.py:179} INFO - Processing /opt/homebrew/Caskroom/miniforge/base/lib/python3.10/site-packages/airflow/example_dags/plugins/workday.py took 0.378 seconds
[2023-09-01T02:32:51.332+0900] {processor.py:157} INFO - Started process (PID=13721) to work on /opt/homebrew/Caskroom/miniforge/base/lib/python3.10/site-packages/airflow/example_dags/plugins/workday.py
[2023-09-01T02:32:51.332+0900] {processor.py:829} INFO - Processing file /opt/homebrew/Caskroom/miniforge/base/lib/python3.10/site-packages/airflow/example_dags/plugins/workday.py for tasks to queue
[2023-09-01T02:32:51.332+0900] {logging_mixin.py:151} INFO - [2023-09-01T02:32:51.332+0900] {dagbag.py:539} INFO - Filling up the DagBag from /opt/homebrew/Caskroom/miniforge/base/lib/python3.10/site-packages/airflow/example_dags/plugins/workday.py
[2023-09-01T02:32:51.497+0900] {processor.py:841} WARNING - No viable dags retrieved from /opt/homebrew/Caskroom/miniforge/base/lib/python3.10/site-packages/airflow/example_dags/plugins/workday.py
[2023-09-01T02:32:51.564+0900] {processor.py:179} INFO - Processing /opt/homebrew/Caskroom/miniforge/base/lib/python3.10/site-packages/airflow/example_dags/plugins/workday.py took 0.233 seconds
[2023-09-01T02:33:27.228+0900] {processor.py:157} INFO - Started process (PID=13746) to work on /opt/homebrew/Caskroom/miniforge/base/lib/python3.10/site-packages/airflow/example_dags/plugins/workday.py
[2023-09-01T02:33:27.228+0900] {processor.py:829} INFO - Processing file /opt/homebrew/Caskroom/miniforge/base/lib/python3.10/site-packages/airflow/example_dags/plugins/workday.py for tasks to queue
[2023-09-01T02:33:27.229+0900] {logging_mixin.py:151} INFO - [2023-09-01T02:33:27.229+0900] {dagbag.py:539} INFO - Filling up the DagBag from /opt/homebrew/Caskroom/miniforge/base/lib/python3.10/site-packages/airflow/example_dags/plugins/workday.py
[2023-09-01T02:33:27.391+0900] {processor.py:841} WARNING - No viable dags retrieved from /opt/homebrew/Caskroom/miniforge/base/lib/python3.10/site-packages/airflow/example_dags/plugins/workday.py
[2023-09-01T02:33:27.458+0900] {processor.py:179} INFO - Processing /opt/homebrew/Caskroom/miniforge/base/lib/python3.10/site-packages/airflow/example_dags/plugins/workday.py took 0.231 seconds
[2023-09-01T02:34:03.166+0900] {processor.py:157} INFO - Started process (PID=13772) to work on /opt/homebrew/Caskroom/miniforge/base/lib/python3.10/site-packages/airflow/example_dags/plugins/workday.py
[2023-09-01T02:34:03.167+0900] {processor.py:829} INFO - Processing file /opt/homebrew/Caskroom/miniforge/base/lib/python3.10/site-packages/airflow/example_dags/plugins/workday.py for tasks to queue
[2023-09-01T02:34:03.167+0900] {logging_mixin.py:151} INFO - [2023-09-01T02:34:03.167+0900] {dagbag.py:539} INFO - Filling up the DagBag from /opt/homebrew/Caskroom/miniforge/base/lib/python3.10/site-packages/airflow/example_dags/plugins/workday.py
[2023-09-01T02:34:03.328+0900] {processor.py:841} WARNING - No viable dags retrieved from /opt/homebrew/Caskroom/miniforge/base/lib/python3.10/site-packages/airflow/example_dags/plugins/workday.py
[2023-09-01T02:34:03.394+0900] {processor.py:179} INFO - Processing /opt/homebrew/Caskroom/miniforge/base/lib/python3.10/site-packages/airflow/example_dags/plugins/workday.py took 0.228 seconds
[2023-09-01T02:34:38.327+0900] {processor.py:157} INFO - Started process (PID=13799) to work on /opt/homebrew/Caskroom/miniforge/base/lib/python3.10/site-packages/airflow/example_dags/plugins/workday.py
[2023-09-01T02:34:38.329+0900] {processor.py:829} INFO - Processing file /opt/homebrew/Caskroom/miniforge/base/lib/python3.10/site-packages/airflow/example_dags/plugins/workday.py for tasks to queue
[2023-09-01T02:34:38.329+0900] {logging_mixin.py:151} INFO - [2023-09-01T02:34:38.329+0900] {dagbag.py:539} INFO - Filling up the DagBag from /opt/homebrew/Caskroom/miniforge/base/lib/python3.10/site-packages/airflow/example_dags/plugins/workday.py
[2023-09-01T02:34:38.653+0900] {processor.py:841} WARNING - No viable dags retrieved from /opt/homebrew/Caskroom/miniforge/base/lib/python3.10/site-packages/airflow/example_dags/plugins/workday.py
[2023-09-01T02:34:38.723+0900] {processor.py:179} INFO - Processing /opt/homebrew/Caskroom/miniforge/base/lib/python3.10/site-packages/airflow/example_dags/plugins/workday.py took 0.396 seconds
