[2023-09-01T02:29:34.366+0900] {processor.py:157} INFO - Started process (PID=13567) to work on /opt/homebrew/Caskroom/miniforge/base/lib/python3.10/site-packages/airflow/example_dags/subdags/subdag.py
[2023-09-01T02:29:34.367+0900] {processor.py:829} INFO - Processing file /opt/homebrew/Caskroom/miniforge/base/lib/python3.10/site-packages/airflow/example_dags/subdags/subdag.py for tasks to queue
[2023-09-01T02:29:34.367+0900] {logging_mixin.py:151} INFO - [2023-09-01T02:29:34.367+0900] {dagbag.py:539} INFO - Filling up the DagBag from /opt/homebrew/Caskroom/miniforge/base/lib/python3.10/site-packages/airflow/example_dags/subdags/subdag.py
[2023-09-01T02:29:34.368+0900] {processor.py:841} WARNING - No viable dags retrieved from /opt/homebrew/Caskroom/miniforge/base/lib/python3.10/site-packages/airflow/example_dags/subdags/subdag.py
[2023-09-01T02:29:34.422+0900] {processor.py:179} INFO - Processing /opt/homebrew/Caskroom/miniforge/base/lib/python3.10/site-packages/airflow/example_dags/subdags/subdag.py took 0.056 seconds
[2023-09-01T02:30:56.445+0900] {processor.py:157} INFO - Started process (PID=13618) to work on /opt/homebrew/Caskroom/miniforge/base/lib/python3.10/site-packages/airflow/example_dags/subdags/subdag.py
[2023-09-01T02:30:56.445+0900] {processor.py:829} INFO - Processing file /opt/homebrew/Caskroom/miniforge/base/lib/python3.10/site-packages/airflow/example_dags/subdags/subdag.py for tasks to queue
[2023-09-01T02:30:56.445+0900] {logging_mixin.py:151} INFO - [2023-09-01T02:30:56.445+0900] {dagbag.py:539} INFO - Filling up the DagBag from /opt/homebrew/Caskroom/miniforge/base/lib/python3.10/site-packages/airflow/example_dags/subdags/subdag.py
[2023-09-01T02:30:56.447+0900] {processor.py:841} WARNING - No viable dags retrieved from /opt/homebrew/Caskroom/miniforge/base/lib/python3.10/site-packages/airflow/example_dags/subdags/subdag.py
[2023-09-01T02:30:56.492+0900] {processor.py:179} INFO - Processing /opt/homebrew/Caskroom/miniforge/base/lib/python3.10/site-packages/airflow/example_dags/subdags/subdag.py took 0.047 seconds
[2023-09-01T02:31:38.813+0900] {processor.py:157} INFO - Started process (PID=13650) to work on /opt/homebrew/Caskroom/miniforge/base/lib/python3.10/site-packages/airflow/example_dags/subdags/subdag.py
[2023-09-01T02:31:38.813+0900] {processor.py:829} INFO - Processing file /opt/homebrew/Caskroom/miniforge/base/lib/python3.10/site-packages/airflow/example_dags/subdags/subdag.py for tasks to queue
[2023-09-01T02:31:38.814+0900] {logging_mixin.py:151} INFO - [2023-09-01T02:31:38.814+0900] {dagbag.py:539} INFO - Filling up the DagBag from /opt/homebrew/Caskroom/miniforge/base/lib/python3.10/site-packages/airflow/example_dags/subdags/subdag.py
[2023-09-01T02:31:38.815+0900] {processor.py:841} WARNING - No viable dags retrieved from /opt/homebrew/Caskroom/miniforge/base/lib/python3.10/site-packages/airflow/example_dags/subdags/subdag.py
[2023-09-01T02:31:38.861+0900] {processor.py:179} INFO - Processing /opt/homebrew/Caskroom/miniforge/base/lib/python3.10/site-packages/airflow/example_dags/subdags/subdag.py took 0.048 seconds
[2023-09-01T02:32:14.307+0900] {processor.py:157} INFO - Started process (PID=13694) to work on /opt/homebrew/Caskroom/miniforge/base/lib/python3.10/site-packages/airflow/example_dags/subdags/subdag.py
[2023-09-01T02:32:14.308+0900] {processor.py:829} INFO - Processing file /opt/homebrew/Caskroom/miniforge/base/lib/python3.10/site-packages/airflow/example_dags/subdags/subdag.py for tasks to queue
[2023-09-01T02:32:14.308+0900] {logging_mixin.py:151} INFO - [2023-09-01T02:32:14.308+0900] {dagbag.py:539} INFO - Filling up the DagBag from /opt/homebrew/Caskroom/miniforge/base/lib/python3.10/site-packages/airflow/example_dags/subdags/subdag.py
[2023-09-01T02:32:14.310+0900] {processor.py:841} WARNING - No viable dags retrieved from /opt/homebrew/Caskroom/miniforge/base/lib/python3.10/site-packages/airflow/example_dags/subdags/subdag.py
[2023-09-01T02:32:14.355+0900] {processor.py:179} INFO - Processing /opt/homebrew/Caskroom/miniforge/base/lib/python3.10/site-packages/airflow/example_dags/subdags/subdag.py took 0.048 seconds
[2023-09-01T02:32:50.636+0900] {processor.py:157} INFO - Started process (PID=13720) to work on /opt/homebrew/Caskroom/miniforge/base/lib/python3.10/site-packages/airflow/example_dags/subdags/subdag.py
[2023-09-01T02:32:50.636+0900] {processor.py:829} INFO - Processing file /opt/homebrew/Caskroom/miniforge/base/lib/python3.10/site-packages/airflow/example_dags/subdags/subdag.py for tasks to queue
[2023-09-01T02:32:50.636+0900] {logging_mixin.py:151} INFO - [2023-09-01T02:32:50.636+0900] {dagbag.py:539} INFO - Filling up the DagBag from /opt/homebrew/Caskroom/miniforge/base/lib/python3.10/site-packages/airflow/example_dags/subdags/subdag.py
[2023-09-01T02:32:50.637+0900] {processor.py:841} WARNING - No viable dags retrieved from /opt/homebrew/Caskroom/miniforge/base/lib/python3.10/site-packages/airflow/example_dags/subdags/subdag.py
[2023-09-01T02:32:50.683+0900] {processor.py:179} INFO - Processing /opt/homebrew/Caskroom/miniforge/base/lib/python3.10/site-packages/airflow/example_dags/subdags/subdag.py took 0.047 seconds
[2023-09-01T02:33:25.657+0900] {processor.py:157} INFO - Started process (PID=13745) to work on /opt/homebrew/Caskroom/miniforge/base/lib/python3.10/site-packages/airflow/example_dags/subdags/subdag.py
[2023-09-01T02:33:25.657+0900] {processor.py:829} INFO - Processing file /opt/homebrew/Caskroom/miniforge/base/lib/python3.10/site-packages/airflow/example_dags/subdags/subdag.py for tasks to queue
[2023-09-01T02:33:25.657+0900] {logging_mixin.py:151} INFO - [2023-09-01T02:33:25.657+0900] {dagbag.py:539} INFO - Filling up the DagBag from /opt/homebrew/Caskroom/miniforge/base/lib/python3.10/site-packages/airflow/example_dags/subdags/subdag.py
[2023-09-01T02:33:25.659+0900] {processor.py:841} WARNING - No viable dags retrieved from /opt/homebrew/Caskroom/miniforge/base/lib/python3.10/site-packages/airflow/example_dags/subdags/subdag.py
[2023-09-01T02:33:25.705+0900] {processor.py:179} INFO - Processing /opt/homebrew/Caskroom/miniforge/base/lib/python3.10/site-packages/airflow/example_dags/subdags/subdag.py took 0.048 seconds
[2023-09-01T02:34:01.595+0900] {processor.py:157} INFO - Started process (PID=13771) to work on /opt/homebrew/Caskroom/miniforge/base/lib/python3.10/site-packages/airflow/example_dags/subdags/subdag.py
[2023-09-01T02:34:01.596+0900] {processor.py:829} INFO - Processing file /opt/homebrew/Caskroom/miniforge/base/lib/python3.10/site-packages/airflow/example_dags/subdags/subdag.py for tasks to queue
[2023-09-01T02:34:01.596+0900] {logging_mixin.py:151} INFO - [2023-09-01T02:34:01.596+0900] {dagbag.py:539} INFO - Filling up the DagBag from /opt/homebrew/Caskroom/miniforge/base/lib/python3.10/site-packages/airflow/example_dags/subdags/subdag.py
[2023-09-01T02:34:01.597+0900] {processor.py:841} WARNING - No viable dags retrieved from /opt/homebrew/Caskroom/miniforge/base/lib/python3.10/site-packages/airflow/example_dags/subdags/subdag.py
[2023-09-01T02:34:01.643+0900] {processor.py:179} INFO - Processing /opt/homebrew/Caskroom/miniforge/base/lib/python3.10/site-packages/airflow/example_dags/subdags/subdag.py took 0.048 seconds
[2023-09-01T02:34:36.763+0900] {processor.py:157} INFO - Started process (PID=13798) to work on /opt/homebrew/Caskroom/miniforge/base/lib/python3.10/site-packages/airflow/example_dags/subdags/subdag.py
[2023-09-01T02:34:36.764+0900] {processor.py:829} INFO - Processing file /opt/homebrew/Caskroom/miniforge/base/lib/python3.10/site-packages/airflow/example_dags/subdags/subdag.py for tasks to queue
[2023-09-01T02:34:36.764+0900] {logging_mixin.py:151} INFO - [2023-09-01T02:34:36.764+0900] {dagbag.py:539} INFO - Filling up the DagBag from /opt/homebrew/Caskroom/miniforge/base/lib/python3.10/site-packages/airflow/example_dags/subdags/subdag.py
[2023-09-01T02:34:36.766+0900] {processor.py:841} WARNING - No viable dags retrieved from /opt/homebrew/Caskroom/miniforge/base/lib/python3.10/site-packages/airflow/example_dags/subdags/subdag.py
[2023-09-01T02:34:36.811+0900] {processor.py:179} INFO - Processing /opt/homebrew/Caskroom/miniforge/base/lib/python3.10/site-packages/airflow/example_dags/subdags/subdag.py took 0.048 seconds
